Removed Pin From Net: NetName=VDD_SNVS_3V3 Pin=C83-2
Removed Pin From Net: NetName=VDD_SNVS_3V3 Pin=C84-2
Removed Pin From Net: NetName=VDD_SNVS_3V3 Pin=C97-2
Removed Pin From Net: NetName=VDD_SNVS_3V3 Pin=D1-1
Removed Pin From Net: NetName=VDD_SNVS_3V3 Pin=R70-1
Removed Pin From Net: NetName=VDD_SNVS_3V3 Pin=TP4-1
Removed Pin From Net: NetName=VDD_SNVS_3V3 Pin=U7-2
Removed Pin From Net: NetName=VDD_SNVS_3V3 Pin=U10-4
Change Component Footprint: Designator=C84 Old Footprint=C 0402 New Footprint=C 0805
Change Component Footprint: Designator=C87 Old Footprint=C 0402 New Footprint=C 0805
Change Component Comment : Designator=C84 Old Comment=104 New Comment=22uF
Change Component Comment : Designator=C87 Old Comment=104 New Comment=22uF
Change Net Name : Old Net Name=VDD_SNVS_3V3 New Net Name=DCDC_3V3
Added Pin To Net: NetName=VDD_SNVS_3V3 Pin=C83-2
Added Pin To Net: NetName=VDD_SNVS_3V3 Pin=C84-2
Added Pin To Net: NetName=VDD_SNVS_3V3 Pin=C97-2
Added Pin To Net: NetName=VDD_SNVS_3V3 Pin=D1-1
Added Pin To Net: NetName=VDD_SNVS_3V3 Pin=R70-1
Added Pin To Net: NetName=VDD_SNVS_3V3 Pin=TP4-1
Added Pin To Net: NetName=VDD_SNVS_3V3 Pin=U7-2
Added Pin To Net: NetName=VDD_SNVS_3V3 Pin=U10-4
Added Net: Name=VDD_SNVS_3V3
