[0103/232224:ERROR:backend_impl.cc(2020)] Corrupt Index file
[0103/232224:ERROR:cache_util_win.cc(20)] Unable to move the cache: 5
[0103/232224:ERROR:cache_util.cc(134)] Unable to move cache folder C:\ProgramData\Altium\Altium Designer {2ECB3EC9-DB26-428B-8164-2E95EFBA7732}\BrowserCache to C:\ProgramData\Altium\Altium Designer {2ECB3EC9-DB26-428B-8164-2E95EFBA7732}\old_BrowserCache_000
[0103/232224:ERROR:cache_creator.cc(129)] Unable to create cache
[0104/040057:WARNING:dns_config_service_win.cc(665)] Failed to read DnsConfig.
[0104/222114:WARNING:dns_config_service_win.cc(665)] Failed to read DnsConfig.
[0105/004636:WARNING:dns_config_service_win.cc(665)] Failed to read DnsConfig.
[0107/085110:WARNING:dns_config_service_win.cc(665)] Failed to read DnsConfig.
[0107/085111:WARNING:dns_config_service_win.cc(665)] Failed to read DnsConfig.
[0107/085129:WARNING:dns_config_service_win.cc(665)] Failed to read DnsConfig.
[0107/085134:WARNING:dns_config_service_win.cc(665)] Failed to read DnsConfig.
[0107/085134:WARNING:dns_config_service_win.cc(665)] Failed to read DnsConfig.
[0529/165031:ERROR:backend_impl.cc(2020)] Corrupt Index file
[0529/165031:ERROR:cache_util_win.cc(20)] Unable to move the cache: 5
[0529/165031:ERROR:cache_util.cc(134)] Unable to move cache folder C:\ProgramData\Altium\Altium Designer {540B848F-BED1-4F24-B395-18F5DB0357BA}\BrowserCache to C:\ProgramData\Altium\Altium Designer {540B848F-BED1-4F24-B395-18F5DB0357BA}\old_BrowserCache_000
[0529/165031:ERROR:cache_creator.cc(129)] Unable to create cache
[0531/120950:ERROR:backend_impl.cc(2020)] Corrupt Index file
[0531/120950:ERROR:cache_util_win.cc(20)] Unable to move the cache: 5
[0531/120950:ERROR:cache_util.cc(134)] Unable to move cache folder C:\ProgramData\Altium\Altium Designer {2ECB3EC9-DB26-428B-8164-2E95EFBA7732}\BrowserCache to C:\ProgramData\Altium\Altium Designer {2ECB3EC9-DB26-428B-8164-2E95EFBA7732}\old_BrowserCache_000
[0531/120950:ERROR:cache_creator.cc(129)] Unable to create cache
[0531/134415:WARNING:dns_config_service_win.cc(665)] Failed to read DnsConfig.
[0531/183603:ERROR:backend_impl.cc(2020)] Corrupt Index file
[0531/183603:ERROR:cache_util_win.cc(20)] Unable to move the cache: 5
[0531/183603:ERROR:cache_util.cc(134)] Unable to move cache folder C:\ProgramData\Altium\Altium Designer {2ECB3EC9-DB26-428B-8164-2E95EFBA7732}\BrowserCache to C:\ProgramData\Altium\Altium Designer {2ECB3EC9-DB26-428B-8164-2E95EFBA7732}\old_BrowserCache_000
[0531/183603:ERROR:cache_creator.cc(129)] Unable to create cache
[0602/134704:ERROR:backend_impl.cc(2020)] Corrupt Index file
[0602/134704:ERROR:cache_util_win.cc(20)] Unable to move the cache: 5
[0602/134704:ERROR:cache_util.cc(134)] Unable to move cache folder C:\ProgramData\Altium\Altium Designer {540B848F-BED1-4F24-B395-18F5DB0357BA}\BrowserCache to C:\ProgramData\Altium\Altium Designer {540B848F-BED1-4F24-B395-18F5DB0357BA}\old_BrowserCache_000
[0602/134704:ERROR:cache_creator.cc(129)] Unable to create cache
[0605/173033:ERROR:backend_impl.cc(2020)] Corrupt Index file
[0605/173033:ERROR:cache_util_win.cc(20)] Unable to move the cache: 5
[0605/173033:ERROR:cache_util.cc(134)] Unable to move cache folder C:\ProgramData\Altium\Altium Designer {540B848F-BED1-4F24-B395-18F5DB0357BA}\BrowserCache to C:\ProgramData\Altium\Altium Designer {540B848F-BED1-4F24-B395-18F5DB0357BA}\old_BrowserCache_000
[0605/173033:ERROR:cache_creator.cc(129)] Unable to create cache
