[0313/223103:ERROR:backend_impl.cc(2020)] Corrupt Index file
[0313/223103:ERROR:cache_util_win.cc(20)] Unable to move the cache: 5
[0313/223103:ERROR:cache_util.cc(134)] Unable to move cache folder C:\ProgramData\Altium\Altium Designer {2ECB3EC9-DB26-428B-8164-2E95EFBA7732}\BrowserCache to C:\ProgramData\Altium\Altium Designer {2ECB3EC9-DB26-428B-8164-2E95EFBA7732}\old_BrowserCache_000
[0313/223103:ERROR:cache_creator.cc(129)] Unable to create cache
[0314/013931:WARNING:dns_config_service_win.cc(665)] Failed to read DnsConfig.
[0314/013931:WARNING:dns_config_service_win.cc(665)] Failed to read DnsConfig.
[0314/202145:WARNING:dns_config_service_win.cc(665)] Failed to read DnsConfig.
[0314/202146:WARNING:dns_config_service_win.cc(665)] Failed to read DnsConfig.
[0314/202150:WARNING:dns_config_service_win.cc(665)] Failed to read DnsConfig.
[0314/202152:WARNING:dns_config_service_win.cc(665)] Failed to read DnsConfig.
[0314/202155:WARNING:dns_config_service_win.cc(665)] Failed to read DnsConfig.
[0314/202157:WARNING:dns_config_service_win.cc(665)] Failed to read DnsConfig.
[0314/202200:WARNING:dns_config_service_win.cc(665)] Failed to read DnsConfig.
[0314/202202:WARNING:dns_config_service_win.cc(665)] Failed to read DnsConfig.
[0314/202205:WARNING:dns_config_service_win.cc(665)] Failed to read DnsConfig.
[0314/202207:WARNING:dns_config_service_win.cc(665)] Failed to read DnsConfig.
[0314/202210:WARNING:dns_config_service_win.cc(665)] Failed to read DnsConfig.
[0314/202212:WARNING:dns_config_service_win.cc(665)] Failed to read DnsConfig.
[0314/202215:WARNING:dns_config_service_win.cc(665)] Failed to read DnsConfig.
[0314/202217:WARNING:dns_config_service_win.cc(665)] Failed to read DnsConfig.
[0314/202220:WARNING:dns_config_service_win.cc(665)] Failed to read DnsConfig.
[0314/202222:WARNING:dns_config_service_win.cc(665)] Failed to read DnsConfig.
[0314/202225:WARNING:dns_config_service_win.cc(665)] Failed to read DnsConfig.
[0314/202227:WARNING:dns_config_service_win.cc(665)] Failed to read DnsConfig.
[0314/202230:WARNING:dns_config_service_win.cc(665)] Failed to read DnsConfig.
[0314/202232:WARNING:dns_config_service_win.cc(665)] Failed to read DnsConfig.
[0314/202235:WARNING:dns_config_service_win.cc(665)] Failed to read DnsConfig.
[0314/202237:WARNING:dns_config_service_win.cc(665)] Failed to read DnsConfig.
[0314/202240:WARNING:dns_config_service_win.cc(665)] Failed to read DnsConfig.
[0314/202242:WARNING:dns_config_service_win.cc(665)] Failed to read DnsConfig.
[0314/202245:WARNING:dns_config_service_win.cc(665)] Failed to read DnsConfig.
[0314/202247:WARNING:dns_config_service_win.cc(665)] Failed to read DnsConfig.
[0314/202250:WARNING:dns_config_service_win.cc(665)] Failed to read DnsConfig.
[0314/202252:WARNING:dns_config_service_win.cc(665)] Failed to read DnsConfig.
[0314/202255:WARNING:dns_config_service_win.cc(665)] Failed to read DnsConfig.
[0314/202257:WARNING:dns_config_service_win.cc(665)] Failed to read DnsConfig.
[0314/202300:WARNING:dns_config_service_win.cc(665)] Failed to read DnsConfig.
[0314/202302:WARNING:dns_config_service_win.cc(665)] Failed to read DnsConfig.
[0314/202305:WARNING:dns_config_service_win.cc(665)] Failed to read DnsConfig.
[0314/202307:WARNING:dns_config_service_win.cc(665)] Failed to read DnsConfig.
[0314/202310:WARNING:dns_config_service_win.cc(665)] Failed to read DnsConfig.
[0314/202312:WARNING:dns_config_service_win.cc(665)] Failed to read DnsConfig.
[0314/202315:WARNING:dns_config_service_win.cc(665)] Failed to read DnsConfig.
[0314/202317:WARNING:dns_config_service_win.cc(665)] Failed to read DnsConfig.
[0314/202320:WARNING:dns_config_service_win.cc(665)] Failed to read DnsConfig.
[0314/202322:WARNING:dns_config_service_win.cc(665)] Failed to read DnsConfig.
[0314/202325:WARNING:dns_config_service_win.cc(665)] Failed to read DnsConfig.
[0314/202327:WARNING:dns_config_service_win.cc(665)] Failed to read DnsConfig.
[0314/202330:WARNING:dns_config_service_win.cc(665)] Failed to read DnsConfig.
[0314/202332:WARNING:dns_config_service_win.cc(665)] Failed to read DnsConfig.
[0314/202335:WARNING:dns_config_service_win.cc(665)] Failed to read DnsConfig.
[0314/202337:WARNING:dns_config_service_win.cc(665)] Failed to read DnsConfig.
[0314/202340:WARNING:dns_config_service_win.cc(665)] Failed to read DnsConfig.
[0314/202342:WARNING:dns_config_service_win.cc(665)] Failed to read DnsConfig.
[0314/202345:WARNING:dns_config_service_win.cc(665)] Failed to read DnsConfig.
[0314/202347:WARNING:dns_config_service_win.cc(665)] Failed to read DnsConfig.
[0314/202350:WARNING:dns_config_service_win.cc(665)] Failed to read DnsConfig.
[0314/202352:WARNING:dns_config_service_win.cc(665)] Failed to read DnsConfig.
[0314/202355:WARNING:dns_config_service_win.cc(665)] Failed to read DnsConfig.
[0314/202357:WARNING:dns_config_service_win.cc(665)] Failed to read DnsConfig.
[0314/202400:WARNING:dns_config_service_win.cc(665)] Failed to read DnsConfig.
[0314/202402:WARNING:dns_config_service_win.cc(665)] Failed to read DnsConfig.
[0314/202405:WARNING:dns_config_service_win.cc(665)] Failed to read DnsConfig.
[0314/202407:WARNING:dns_config_service_win.cc(665)] Failed to read DnsConfig.
[0314/202410:WARNING:dns_config_service_win.cc(665)] Failed to read DnsConfig.
[0314/202412:WARNING:dns_config_service_win.cc(665)] Failed to read DnsConfig.
[0314/202441:WARNING:dns_config_service_win.cc(665)] Failed to read DnsConfig.
[0314/202443:WARNING:dns_config_service_win.cc(665)] Failed to read DnsConfig.
[0314/202502:WARNING:dns_config_service_win.cc(665)] Failed to read DnsConfig.
[0314/202507:WARNING:dns_config_service_win.cc(665)] Failed to read DnsConfig.
[0314/202507:WARNING:dns_config_service_win.cc(665)] Failed to read DnsConfig.
[0314/202511:WARNING:dns_config_service_win.cc(665)] Failed to read DnsConfig.
[0314/202512:WARNING:dns_config_service_win.cc(665)] Failed to read DnsConfig.
[0314/202512:WARNING:dns_config_service_win.cc(665)] Failed to read DnsConfig.
[0314/202516:WARNING:dns_config_service_win.cc(665)] Failed to read DnsConfig.
[0315/011907:WARNING:dns_config_service_win.cc(665)] Failed to read DnsConfig.
[0315/095909:WARNING:dns_config_service_win.cc(665)] Failed to read DnsConfig.
[0315/095909:WARNING:dns_config_service_win.cc(665)] Failed to read DnsConfig.
[0315/120325:WARNING:dns_config_service_win.cc(665)] Failed to read DnsConfig.
[0315/120325:WARNING:dns_config_service_win.cc(665)] Failed to read DnsConfig.
[0601/101913:ERROR:backend_impl.cc(2020)] Corrupt Index file
[0601/101913:ERROR:cache_util_win.cc(20)] Unable to move the cache: 5
[0601/101913:ERROR:cache_util.cc(134)] Unable to move cache folder C:\ProgramData\Altium\Altium Designer {540B848F-BED1-4F24-B395-18F5DB0357BA}\BrowserCache to C:\ProgramData\Altium\Altium Designer {540B848F-BED1-4F24-B395-18F5DB0357BA}\old_BrowserCache_000
[0601/101913:ERROR:cache_creator.cc(129)] Unable to create cache
[0603/154638:ERROR:backend_impl.cc(2020)] Corrupt Index file
[0603/154638:ERROR:cache_util_win.cc(20)] Unable to move the cache: 5
[0603/154638:ERROR:cache_util.cc(134)] Unable to move cache folder C:\ProgramData\Altium\Altium Designer {540B848F-BED1-4F24-B395-18F5DB0357BA}\BrowserCache to C:\ProgramData\Altium\Altium Designer {540B848F-BED1-4F24-B395-18F5DB0357BA}\old_BrowserCache_000
[0603/154638:ERROR:cache_creator.cc(129)] Unable to create cache
[0605/144846:ERROR:backend_impl.cc(2020)] Corrupt Index file
[0605/144846:ERROR:cache_util_win.cc(20)] Unable to move the cache: 5
[0605/144846:ERROR:cache_util.cc(134)] Unable to move cache folder C:\ProgramData\Altium\Altium Designer {540B848F-BED1-4F24-B395-18F5DB0357BA}\BrowserCache to C:\ProgramData\Altium\Altium Designer {540B848F-BED1-4F24-B395-18F5DB0357BA}\old_BrowserCache_000
[0605/144846:ERROR:cache_creator.cc(129)] Unable to create cache
[0622/160618:ERROR:backend_impl.cc(2020)] Corrupt Index file
[0622/160618:ERROR:cache_util_win.cc(20)] Unable to move the cache: 5
[0622/160618:ERROR:cache_util.cc(134)] Unable to move cache folder C:\ProgramData\Altium\Altium Designer {540B848F-BED1-4F24-B395-18F5DB0357BA}\BrowserCache to C:\ProgramData\Altium\Altium Designer {540B848F-BED1-4F24-B395-18F5DB0357BA}\old_BrowserCache_000
[0622/160618:ERROR:cache_creator.cc(129)] Unable to create cache
