Removed Pin From Net: NetName=DCDC_3V3 Pin=C1-2
Removed Pin From Net: NetName=DCDC_3V3 Pin=C33-2
Removed Pin From Net: NetName=DCDC_3V3 Pin=C34-2
Removed Pin From Net: NetName=DCDC_3V3 Pin=C35-2
Removed Pin From Net: NetName=DCDC_3V3 Pin=C36-1
Removed Pin From Net: NetName=DCDC_3V3 Pin=C37-2
Removed Pin From Net: NetName=DCDC_3V3 Pin=C38-2
Removed Pin From Net: NetName=DCDC_3V3 Pin=C39-2
Removed Pin From Net: NetName=DCDC_3V3 Pin=C40-2
Removed Pin From Net: NetName=DCDC_3V3 Pin=C44-2
Removed Pin From Net: NetName=DCDC_3V3 Pin=C45-2
Removed Pin From Net: NetName=DCDC_3V3 Pin=C46-2
Removed Pin From Net: NetName=DCDC_3V3 Pin=C47-2
Removed Pin From Net: NetName=DCDC_3V3 Pin=C48-1
Removed Pin From Net: NetName=DCDC_3V3 Pin=C49-1
Removed Pin From Net: NetName=DCDC_3V3 Pin=C50-2
Removed Pin From Net: NetName=DCDC_3V3 Pin=C88-2
Removed Pin From Net: NetName=DCDC_3V3 Pin=R1-2
Removed Pin From Net: NetName=DCDC_3V3 Pin=R2-2
Removed Pin From Net: NetName=DCDC_3V3 Pin=R3-2
Removed Pin From Net: NetName=DCDC_3V3 Pin=R31-1
Removed Pin From Net: NetName=DCDC_3V3 Pin=R40-2
Removed Pin From Net: NetName=DCDC_3V3 Pin=R41-2
Removed Pin From Net: NetName=DCDC_3V3 Pin=R42-2
Removed Pin From Net: NetName=DCDC_3V3 Pin=R77-2
Removed Pin From Net: NetName=DCDC_3V3 Pin=R83-1
Removed Pin From Net: NetName=DCDC_3V3 Pin=R84-2
Removed Pin From Net: NetName=DCDC_3V3 Pin=R85-2
Removed Pin From Net: NetName=DCDC_3V3 Pin=R90-2
Removed Pin From Net: NetName=DCDC_3V3 Pin=R91-2
Removed Pin From Net: NetName=DCDC_3V3 Pin=R92-2
Removed Pin From Net: NetName=DCDC_3V3 Pin=TP8-1
Removed Pin From Net: NetName=DCDC_3V3 Pin=U1-E7
Removed Pin From Net: NetName=DCDC_3V3 Pin=U1-E13
Removed Pin From Net: NetName=DCDC_3V3 Pin=U1-F13
Removed Pin From Net: NetName=DCDC_3V3 Pin=U1-H13
Removed Pin From Net: NetName=DCDC_3V3 Pin=U1-J13
Removed Pin From Net: NetName=DCDC_3V3 Pin=U1-M13
Removed Pin From Net: NetName=DCDC_3V3 Pin=U3-C6
Removed Pin From Net: NetName=DCDC_3V3 Pin=U3-E6
Removed Pin From Net: NetName=DCDC_3V3 Pin=U3-F5
Removed Pin From Net: NetName=DCDC_3V3 Pin=U3-J10
Removed Pin From Net: NetName=DCDC_3V3 Pin=U3-K9
Removed Pin From Net: NetName=DCDC_3V3 Pin=U3-M4
Removed Pin From Net: NetName=DCDC_3V3 Pin=U3-N4
Removed Pin From Net: NetName=DCDC_3V3 Pin=U3-P3
Removed Pin From Net: NetName=DCDC_3V3 Pin=U3-P5
Removed Pin From Net: NetName=DCDC_3V3 Pin=U4-12
Removed Pin From Net: NetName=DCDC_3V3 Pin=U4-37
Removed Pin From Net: NetName=DCDC_3V3 Pin=U4-39
Removed Pin From Net: NetName=DCDC_3V3 Pin=U12-2
Change Net Name : Old Net Name=DCDC_3V3 New Net Name=GND
Added Pin To Net: NetName=DCDC_3V3 Pin=C1-2
Added Pin To Net: NetName=DCDC_3V3 Pin=C33-2
Added Pin To Net: NetName=DCDC_3V3 Pin=C34-2
Added Pin To Net: NetName=DCDC_3V3 Pin=C35-2
Added Pin To Net: NetName=DCDC_3V3 Pin=C36-1
Added Pin To Net: NetName=DCDC_3V3 Pin=C37-2
Added Pin To Net: NetName=DCDC_3V3 Pin=C38-2
Added Pin To Net: NetName=DCDC_3V3 Pin=C39-2
Added Pin To Net: NetName=DCDC_3V3 Pin=C40-2
Added Pin To Net: NetName=DCDC_3V3 Pin=C44-2
Added Pin To Net: NetName=DCDC_3V3 Pin=C45-2
Added Pin To Net: NetName=DCDC_3V3 Pin=C46-2
Added Pin To Net: NetName=DCDC_3V3 Pin=C47-2
Added Pin To Net: NetName=DCDC_3V3 Pin=C48-1
Added Pin To Net: NetName=DCDC_3V3 Pin=C49-1
Added Pin To Net: NetName=DCDC_3V3 Pin=C50-2
Added Pin To Net: NetName=DCDC_3V3 Pin=C88-2
Added Pin To Net: NetName=DCDC_3V3 Pin=R1-2
Added Pin To Net: NetName=DCDC_3V3 Pin=R2-2
Added Pin To Net: NetName=DCDC_3V3 Pin=R3-2
Added Pin To Net: NetName=DCDC_3V3 Pin=R31-1
Added Pin To Net: NetName=DCDC_3V3 Pin=R40-2
Added Pin To Net: NetName=DCDC_3V3 Pin=R41-2
Added Pin To Net: NetName=DCDC_3V3 Pin=R42-2
Added Pin To Net: NetName=DCDC_3V3 Pin=R77-2
Added Pin To Net: NetName=DCDC_3V3 Pin=R83-1
Added Pin To Net: NetName=DCDC_3V3 Pin=R84-2
Added Pin To Net: NetName=DCDC_3V3 Pin=R85-2
Added Pin To Net: NetName=DCDC_3V3 Pin=R90-2
Added Pin To Net: NetName=DCDC_3V3 Pin=R91-2
Added Pin To Net: NetName=DCDC_3V3 Pin=R92-2
Added Pin To Net: NetName=DCDC_3V3 Pin=TP8-1
Added Pin To Net: NetName=DCDC_3V3 Pin=U1-E7
Added Pin To Net: NetName=DCDC_3V3 Pin=U1-E13
Added Pin To Net: NetName=DCDC_3V3 Pin=U1-F13
Added Pin To Net: NetName=DCDC_3V3 Pin=U1-H13
Added Pin To Net: NetName=DCDC_3V3 Pin=U1-J13
Added Pin To Net: NetName=DCDC_3V3 Pin=U1-M13
Added Pin To Net: NetName=DCDC_3V3 Pin=U3-C6
Added Pin To Net: NetName=DCDC_3V3 Pin=U3-E6
Added Pin To Net: NetName=DCDC_3V3 Pin=U3-F5
Added Pin To Net: NetName=DCDC_3V3 Pin=U3-J10
Added Pin To Net: NetName=DCDC_3V3 Pin=U3-K9
Added Pin To Net: NetName=DCDC_3V3 Pin=U3-M4
Added Pin To Net: NetName=DCDC_3V3 Pin=U3-N4
Added Pin To Net: NetName=DCDC_3V3 Pin=U3-P3
Added Pin To Net: NetName=DCDC_3V3 Pin=U3-P5
Added Pin To Net: NetName=DCDC_3V3 Pin=U4-12
Added Pin To Net: NetName=DCDC_3V3 Pin=U4-37
Added Pin To Net: NetName=DCDC_3V3 Pin=U4-39
Added Pin To Net: NetName=DCDC_3V3 Pin=U12-2
Added Net: Name=DCDC_3V3
