Removed Pin From Net: NetName=GND Pin=C8-1
Removed Pin From Net: NetName=GND Pin=C9-1
Removed Pin From Net: NetName=GND Pin=C39-1
Removed Pin From Net: NetName=GND Pin=C78-2
Removed Pin From Net: NetName=GND Pin=C79-2
Removed Pin From Net: NetName=GND Pin=C81-2
Removed Pin From Net: NetName=GND Pin=C86-1
Removed Pin From Net: NetName=GND Pin=C89-1
Removed Pin From Net: NetName=GND Pin=C96-2
Removed Pin From Net: NetName=GND Pin=D1-2
Removed Pin From Net: NetName=GND Pin=JP2-6
Removed Pin From Net: NetName=GND Pin=K1-1
Removed Pin From Net: NetName=GND Pin=L8-1
Removed Pin From Net: NetName=GND Pin=R38-1
Removed Pin From Net: NetName=GND Pin=R39-1
Removed Pin From Net: NetName=GND Pin=R43-1
Removed Pin From Net: NetName=GND Pin=R50-1
Removed Pin From Net: NetName=GND Pin=R96-2
Removed Pin From Net: NetName=GND Pin=RGBLCD-1
Removed Pin From Net: NetName=GND Pin=RGBLCD-2
Removed Pin From Net: NetName=GND Pin=U4-3
Removed Pin From Net: NetName=GND Pin=U10-23
Removed Pin From Net: NetName=GND Pin=U17-3
Removed Pin From Net: NetName=GND Pin=USB_HOST1-1
Removed Pin From Net: NetName=GND Pin=USB_HOST2-1
Removed Pin From Net: NetName=GND Pin=USB_HOST3-1
Removed Pin From Net: NetName=GND Pin=USB_HOST-1
Removed Pin From Net: NetName=GND Pin=VOUT2-2
Removed Pin From Net: NetName=GND Pin=VOUT2-4
Removed Pin From Net: NetName=GND Pin=VOUT2-6
Added Pin To Net: NetName=5V_DCDC Pin=C8-1
Added Pin To Net: NetName=5V_DCDC Pin=C9-1
Added Pin To Net: NetName=5V_DCDC Pin=C39-1
Added Pin To Net: NetName=5V_DCDC Pin=C78-2
Added Pin To Net: NetName=5V_DCDC Pin=C79-2
Added Pin To Net: NetName=5V_DCDC Pin=C81-2
Added Pin To Net: NetName=5V_DCDC Pin=C86-1
Added Pin To Net: NetName=5V_DCDC Pin=C89-1
Added Pin To Net: NetName=5V_DCDC Pin=C96-2
Added Pin To Net: NetName=5V_DCDC Pin=D1-2
Added Pin To Net: NetName=5V_DCDC Pin=JP2-6
Added Pin To Net: NetName=5V_DCDC Pin=K1-1
Added Pin To Net: NetName=5V_DCDC Pin=L8-1
Added Pin To Net: NetName=5V_DCDC Pin=R38-1
Added Pin To Net: NetName=5V_DCDC Pin=R39-1
Added Pin To Net: NetName=5V_DCDC Pin=R43-1
Added Pin To Net: NetName=5V_DCDC Pin=R50-1
Added Pin To Net: NetName=5V_DCDC Pin=R96-2
Added Pin To Net: NetName=5V_DCDC Pin=RGBLCD-1
Added Pin To Net: NetName=5V_DCDC Pin=RGBLCD-2
Added Pin To Net: NetName=5V_DCDC Pin=U4-3
Added Pin To Net: NetName=5V_DCDC Pin=U10-23
Added Pin To Net: NetName=5V_DCDC Pin=U17-3
Added Pin To Net: NetName=5V_DCDC Pin=USB_HOST1-1
Added Pin To Net: NetName=5V_DCDC Pin=USB_HOST2-1
Added Pin To Net: NetName=5V_DCDC Pin=USB_HOST3-1
Added Pin To Net: NetName=5V_DCDC Pin=USB_HOST-1
Added Pin To Net: NetName=5V_DCDC Pin=VOUT2-2
Added Pin To Net: NetName=5V_DCDC Pin=VOUT2-4
Added Pin To Net: NetName=5V_DCDC Pin=VOUT2-6
Added Net: Name=5V_DCDC
