Change Component Comment : Designator=C19 Old Comment=1uF New Comment=104
Change Component Comment : Designator=C40 Old Comment=1uF New Comment=104
Change Component Comment : Designator=C41 Old Comment=1uF New Comment=104
Change Component Comment : Designator=C42 Old Comment=1uF New Comment=104
Change Component Comment : Designator=C43 Old Comment=1uF New Comment=104
Change Component Comment : Designator=C44 Old Comment=1uF New Comment=104
Change Component Comment : Designator=C23 Old Comment=10uF New Comment=104
Change Component Comment : Designator=C32 Old Comment=10uF New Comment=104
Change Component Comment : Designator=C33 Old Comment=10uF New Comment=104
Change Component Comment : Designator=C35 Old Comment=10uF New Comment=104
Change Component Comment : Designator=C37 Old Comment=10uF New Comment=104
Change Component Comment : Designator=C38 Old Comment=10uF New Comment=104
Change Component Comment : Designator=C48 Old Comment=10uF New Comment=104
Change Component Comment : Designator=C50 Old Comment=10uF New Comment=104
Change Component Comment : Designator=C58 Old Comment=10uF New Comment=104
Change Component Comment : Designator=C77 Old Comment=10uF New Comment=104
Change Component Comment : Designator=C79 Old Comment=10uF New Comment=104
Change Component Comment : Designator=C85 Old Comment=10uF New Comment=104
Change Component Comment : Designator=C86 Old Comment=10uF New Comment=104
Change Component Comment : Designator=C95 Old Comment=10uF New Comment=104
Change Component Comment : Designator=C29 Old Comment=22pF New Comment=104
Change Component Comment : Designator=C30 Old Comment=22pF New Comment=104
Change Component Comment : Designator=C84 Old Comment=47uF/25V New Comment=104
Change Component Comment : Designator=C67 Old Comment=101 New Comment=104
Change Component Comment : Designator=C70 Old Comment=101 New Comment=104
Change Component Comment : Designator=C18 Old Comment=102 New Comment=104
Change Component Comment : Designator=C87 Old Comment=102 New Comment=104
Change Component Comment : Designator=C10 Old Comment=221 New Comment=104
Change Component Comment : Designator=C34 Old Comment=221 New Comment=104
Change Component Comment : Designator=C91 Old Comment=221 New Comment=104
Added Pin To Net: NetName=NetC37_1 Pin=U13-26
