Added Component: Designator=U6(TSSOP28)
Add component. Clean all parameters for all variants
Added Pin To Net: NetName=NetR10_2 Pin=U6-1
Added Pin To Net: NetName=NetR12_2 Pin=U6-2
Added Pin To Net: NetName=NetR13_2 Pin=U6-3
Added Pin To Net: NetName=NetR14_2 Pin=U6-4
Added Pin To Net: NetName=NetR16_2 Pin=U6-5
Added Pin To Net: NetName=NetR18_2 Pin=U6-6
Added Pin To Net: NetName=NetR20_2 Pin=U6-7
Added Pin To Net: NetName=NetR24_2 Pin=U6-8
Added Pin To Net: NetName=NetR26_2 Pin=U6-9
Added Pin To Net: NetName=NetR28_2 Pin=U6-10
Added Pin To Net: NetName=NetR30_2 Pin=U6-11
Added Pin To Net: NetName=NetR32_2 Pin=U6-12
Added Pin To Net: NetName=NetR34_2 Pin=U6-13
Added Pin To Net: NetName=DGND Pin=U6-14
Added Pin To Net: NetName=NetR36_2 Pin=U6-15
Added Pin To Net: NetName=NetR35_2 Pin=U6-16
Added Pin To Net: NetName=NetR33_2 Pin=U6-17
Added Pin To Net: NetName=NetR31_2 Pin=U6-18
Added Pin To Net: NetName=NetR29_2 Pin=U6-19
Added Pin To Net: NetName=NetR27_2 Pin=U6-20
Added Pin To Net: NetName=NetR25_2 Pin=U6-21
Added Pin To Net: NetName=NetR21_2 Pin=U6-22
Added Pin To Net: NetName=NetR17_2 Pin=U6-24
Added Pin To Net: NetName=SCL Pin=U6-26
Added Pin To Net: NetName=SDA Pin=U6-27
Added Pin To Net: NetName=5V Pin=U6-28
Added Member To Class: ClassName=motorBoardSCH Member=Component U6 PCA9685PW
