Added Component: Designator=C1(C 0603)
Add component. Clean all parameters for all variants
Added Component: Designator=C2(C 0603)
Add component. Clean all parameters for all variants
Added Component: Designator=C3(C 0603)
Add component. Clean all parameters for all variants
Added Component: Designator=C4(C 0603)
Add component. Clean all parameters for all variants
Added Component: Designator=C5(C 0603)
Add component. Clean all parameters for all variants
Added Component: Designator=C6(C 0603)
Add component. Clean all parameters for all variants
Added Component: Designator=C7(C 0603)
Add component. Clean all parameters for all variants
Added Component: Designator=C8(C 0603)
Add component. Clean all parameters for all variants
Added Component: Designator=C9(C 0603)
Add component. Clean all parameters for all variants
Added Component: Designator=C10(C 0603)
Add component. Clean all parameters for all variants
Added Component: Designator=C11(C 0603)
Add component. Clean all parameters for all variants
Added Component: Designator=C12(C 0603)
Add component. Clean all parameters for all variants
Added Component: Designator=C13(C 0603)
Add component. Clean all parameters for all variants
Added Component: Designator=C14(CM D(6.3*7.7))
Add component. Clean all parameters for all variants
Added Component: Designator=C15(C 0603)
Add component. Clean all parameters for all variants
Added Component: Designator=C16(C 0603)
Add component. Clean all parameters for all variants
Added Component: Designator=C17(C 0603)
Add component. Clean all parameters for all variants
Added Component: Designator=C18(C 0603)
Add component. Clean all parameters for all variants
Added Component: Designator=C19(CM D(6.3*7.7))
Add component. Clean all parameters for all variants
Added Component: Designator=C52(C 0603)
Add component. Clean all parameters for all variants
Added Component: Designator=C53(C 0603)
Add component. Clean all parameters for all variants
Added Component: Designator=C54(C 0603)
Add component. Clean all parameters for all variants
Added Component: Designator=C55(C 0603)
Add component. Clean all parameters for all variants
Added Component: Designator=C56(C 0603)
Add component. Clean all parameters for all variants
Added Component: Designator=C57(C 0603)
Add component. Clean all parameters for all variants
Added Component: Designator=C58(C 0603)
Add component. Clean all parameters for all variants
Added Component: Designator=C59(C 0603)
Add component. Clean all parameters for all variants
Added Component: Designator=C60(C 0603)
Add component. Clean all parameters for all variants
Added Component: Designator=D1(SMA)
Add component. Clean all parameters for all variants
Added Component: Designator=K1(TSW SMD-3*6*4.3)
Add component. Clean all parameters for all variants
Added Component: Designator=L1(NR6045)
Add component. Clean all parameters for all variants
Added Component: Designator=P1(XH2.54-WI-6P)
Add component. Clean all parameters for all variants
Added Component: Designator=P2(XH2.54-WI-6P)
Add component. Clean all parameters for all variants
Added Component: Designator=P3(XH2.54-WI-4P)
Add component. Clean all parameters for all variants
Added Component: Designator=P4(HDR2.54-LI-3P)
Add component. Clean all parameters for all variants
Added Component: Designator=P5(HDR2.54-LI-3P)
Add component. Clean all parameters for all variants
Added Component: Designator=P6(HDR2.54-LI-3P)
Add component. Clean all parameters for all variants
Added Component: Designator=P7(HDR2.54-LI-3P)
Add component. Clean all parameters for all variants
Added Component: Designator=P8(HDR2.54-LI-3P)
Add component. Clean all parameters for all variants
Added Component: Designator=P9(HDR2.54-LI-3P)
Add component. Clean all parameters for all variants
Added Component: Designator=P10(HDR2.54-LI-3P)
Add component. Clean all parameters for all variants
Added Component: Designator=P11(HDR2.54-LI-3P)
Add component. Clean all parameters for all variants
Added Component: Designator=P12(XH2.54-WI-4P)
Add component. Clean all parameters for all variants
Added Component: Designator=P13(HDR2.54-LI-3P)
Add component. Clean all parameters for all variants
Added Component: Designator=P14(HDR2.54-LI-3P)
Add component. Clean all parameters for all variants
Added Component: Designator=P15(HDR2.54-LI-3P)
Add component. Clean all parameters for all variants
Added Component: Designator=P16(HDR2.54-LI-3P)
Add component. Clean all parameters for all variants
Added Component: Designator=P17(HDR2.54-LI-3P)
Add component. Clean all parameters for all variants
Added Component: Designator=P18(HDR2.54-LI-3P)
Add component. Clean all parameters for all variants
Added Component: Designator=P19(HDR2.54-LI-3P)
Add component. Clean all parameters for all variants
Added Component: Designator=P20(HDR2.54-LI-3P)
Add component. Clean all parameters for all variants
Added Component: Designator=P21(HDR2.54-LI-3P)
Add component. Clean all parameters for all variants
Added Component: Designator=P22(HDR2.54-LI-2x3P)
Add component. Clean all parameters for all variants
Added Component: Designator=P23(HDR2.54-LI-3P)
Add component. Clean all parameters for all variants
Added Component: Designator=P24(HDR2.54-LI-2x3P)
Add component. Clean all parameters for all variants
Added Component: Designator=P25(HDR2.54-LI-2x3P)
Add component. Clean all parameters for all variants
Added Component: Designator=P26(XH2.54-WI-2P)
Add component. Clean all parameters for all variants
Added Component: Designator=P30(HDR2.54-WI-4P)
Add component. Clean all parameters for all variants
Added Component: Designator=R1(0603R)
Add component. Clean all parameters for all variants
Added Component: Designator=R2(0603R)
Add component. Clean all parameters for all variants
Added Component: Designator=R3(0603R)
Add component. Clean all parameters for all variants
Added Component: Designator=R4(0603R)
Add component. Clean all parameters for all variants
Added Component: Designator=R5(0603R)
Add component. Clean all parameters for all variants
Added Component: Designator=R6(0603R)
Add component. Clean all parameters for all variants
Added Component: Designator=R7(0603R)
Add component. Clean all parameters for all variants
Added Component: Designator=R8(0603R)
Add component. Clean all parameters for all variants
Added Component: Designator=R9(0603R)
Add component. Clean all parameters for all variants
Added Component: Designator=R10(0603R)
Add component. Clean all parameters for all variants
Added Component: Designator=R11(0603R)
Add component. Clean all parameters for all variants
Added Component: Designator=R12(0603R)
Add component. Clean all parameters for all variants
Added Component: Designator=R13(0603R)
Add component. Clean all parameters for all variants
Added Component: Designator=R14(0603R)
Add component. Clean all parameters for all variants
Added Component: Designator=R15(0603R)
Add component. Clean all parameters for all variants
Added Component: Designator=R16(0603R)
Add component. Clean all parameters for all variants
Added Component: Designator=R17(0603R)
Add component. Clean all parameters for all variants
Added Component: Designator=R18(0603R)
Add component. Clean all parameters for all variants
Added Component: Designator=R19(0603R)
Add component. Clean all parameters for all variants
Added Component: Designator=R20(0603R)
Add component. Clean all parameters for all variants
Added Component: Designator=R21(0603R)
Add component. Clean all parameters for all variants
Added Component: Designator=R22(0603R)
Add component. Clean all parameters for all variants
Added Component: Designator=R23(0603R)
Add component. Clean all parameters for all variants
Added Component: Designator=R24(0603R)
Add component. Clean all parameters for all variants
Added Component: Designator=R25(0603R)
Add component. Clean all parameters for all variants
Added Component: Designator=R26(0603R)
Add component. Clean all parameters for all variants
Added Component: Designator=R27(0603R)
Add component. Clean all parameters for all variants
Added Component: Designator=R28(0603R)
Add component. Clean all parameters for all variants
Added Component: Designator=R29(0603R)
Add component. Clean all parameters for all variants
Added Component: Designator=R30(0603R)
Add component. Clean all parameters for all variants
Added Component: Designator=R31(0603R)
Add component. Clean all parameters for all variants
Added Component: Designator=R32(0603R)
Add component. Clean all parameters for all variants
Added Component: Designator=R33(0603R)
Add component. Clean all parameters for all variants
Added Component: Designator=R34(0603R)
Add component. Clean all parameters for all variants
Added Component: Designator=R35(0603R)
Add component. Clean all parameters for all variants
Added Component: Designator=R36(0603R)
Add component. Clean all parameters for all variants
Added Component: Designator=R37(0603R)
Add component. Clean all parameters for all variants
Added Component: Designator=R38(0603R)
Add component. Clean all parameters for all variants
Added Component: Designator=R39(0603R)
Add component. Clean all parameters for all variants
Added Component: Designator=R40(0603R)
Add component. Clean all parameters for all variants
Added Component: Designator=R41(0603R)
Add component. Clean all parameters for all variants
Added Component: Designator=R42(0603R)
Add component. Clean all parameters for all variants
Added Component: Designator=R43(0603R)
Add component. Clean all parameters for all variants
Added Component: Designator=R44(0603R)
Add component. Clean all parameters for all variants
Added Component: Designator=R45(0603R)
Add component. Clean all parameters for all variants
Added Component: Designator=R46(0603R)
Add component. Clean all parameters for all variants
Added Component: Designator=R47(0603R)
Add component. Clean all parameters for all variants
Added Component: Designator=R50(0603R)
Add component. Clean all parameters for all variants
Added Component: Designator=R51(0603R)
Add component. Clean all parameters for all variants
Added Component: Designator=R60(0603R)
Add component. Clean all parameters for all variants
Added Component: Designator=R61(0603R)
Add component. Clean all parameters for all variants
Added Component: Designator=R62(0603R)
Add component. Clean all parameters for all variants
Added Component: Designator=R63(0603R)
Add component. Clean all parameters for all variants
Added Component: Designator=R64(0603R)
Add component. Clean all parameters for all variants
Added Component: Designator=R65(0603R)
Add component. Clean all parameters for all variants
Added Component: Designator=SW1(SS12D10)
Add component. Clean all parameters for all variants
Added Component: Designator=U1(LQFP_64)
Add component. Clean all parameters for all variants
Added Component: Designator=U3(SSOP24)
Add component. Clean all parameters for all variants
Added Component: Designator=U4(SOT-223)
Add component. Clean all parameters for all variants
Added Component: Designator=U5(QFN28 5x5)
Add component. Clean all parameters for all variants
Added Component: Designator=U7(QFN28 5x5)
Add component. Clean all parameters for all variants
Added Component: Designator=U8(QFN24_3x3)
Add component. Clean all parameters for all variants
Added Component: Designator=U9(³¬Éù²¨Ä£¿é)
Add component. Clean all parameters for all variants
Added Component: Designator=U10(³¬Éù²¨Ä£¿é)
Add component. Clean all parameters for all variants
Added Component: Designator=U11(³¬Éù²¨Ä£¿é)
Add component. Clean all parameters for all variants
Added Component: Designator=U12(³¬Éù²¨Ä£¿é)
Add component. Clean all parameters for all variants
Added Component: Designator=U19(TO263-5A)
Add component. Clean all parameters for all variants
Added Pin To Net: NetName=3.3V Pin=C2-2
Added Pin To Net: NetName=3.3V Pin=C6-1
Added Pin To Net: NetName=3.3V Pin=C7-1
Added Pin To Net: NetName=3.3V Pin=C16-1
Added Pin To Net: NetName=3.3V Pin=C17-1
Added Pin To Net: NetName=3.3V Pin=C52-1
Added Pin To Net: NetName=3.3V Pin=C53-1
Added Pin To Net: NetName=3.3V Pin=C54-1
Added Pin To Net: NetName=3.3V Pin=C55-1
Added Pin To Net: NetName=3.3V Pin=C56-1
Added Pin To Net: NetName=3.3V Pin=C57-1
Added Pin To Net: NetName=3.3V Pin=C60-1
Added Pin To Net: NetName=3.3V Pin=K1-1
Added Pin To Net: NetName=3.3V Pin=P25-1
Added Pin To Net: NetName=3.3V Pin=P25-4
Added Pin To Net: NetName=3.3V Pin=P30-1
Added Pin To Net: NetName=3.3V Pin=R1-2
Added Pin To Net: NetName=3.3V Pin=R2-2
Added Pin To Net: NetName=3.3V Pin=R5-2
Added Pin To Net: NetName=3.3V Pin=R6-2
Added Pin To Net: NetName=3.3V Pin=R15-1
Added Pin To Net: NetName=3.3V Pin=R37-2
Added Pin To Net: NetName=3.3V Pin=R38-2
Added Pin To Net: NetName=3.3V Pin=R43-1
Added Pin To Net: NetName=3.3V Pin=R47-2
Added Pin To Net: NetName=3.3V Pin=R64-1
Added Pin To Net: NetName=3.3V Pin=U1-13
Added Pin To Net: NetName=3.3V Pin=U1-19
Added Pin To Net: NetName=3.3V Pin=U1-32
Added Pin To Net: NetName=3.3V Pin=U1-48
Added Pin To Net: NetName=3.3V Pin=U1-64
Added Pin To Net: NetName=3.3V Pin=U4-2
Added Pin To Net: NetName=3.3V Pin=U4-2
Added Pin To Net: NetName=3.3V Pin=U5-15
Added Pin To Net: NetName=3.3V Pin=U7-15
Added Pin To Net: NetName=3.3V Pin=U8-1
Added Pin To Net: NetName=3.3V Pin=U8-8
Added Pin To Net: NetName=3.3V Pin=U8-13
Added Net: Name=3.3V
Added Pin To Net: NetName=3V3 Pin=R10-1
Added Pin To Net: NetName=3V3 Pin=R12-1
Added Pin To Net: NetName=3V3 Pin=R13-1
Added Pin To Net: NetName=3V3 Pin=R14-1
Added Pin To Net: NetName=3V3 Pin=R16-1
Added Pin To Net: NetName=3V3 Pin=R17-1
Added Net: Name=3V3
Added Pin To Net: NetName=5V Pin=C5-1
Added Pin To Net: NetName=5V Pin=C19-1
Added Pin To Net: NetName=5V Pin=L1-2
Added Pin To Net: NetName=5V Pin=P1-2
Added Pin To Net: NetName=5V Pin=P2-2
Added Pin To Net: NetName=5V Pin=P4-2
Added Pin To Net: NetName=5V Pin=P5-2
Added Pin To Net: NetName=5V Pin=P6-2
Added Pin To Net: NetName=5V Pin=P7-2
Added Pin To Net: NetName=5V Pin=P8-2
Added Pin To Net: NetName=5V Pin=P9-2
Added Pin To Net: NetName=5V Pin=P10-2
Added Pin To Net: NetName=5V Pin=P11-2
Added Pin To Net: NetName=5V Pin=P13-2
Added Pin To Net: NetName=5V Pin=P14-2
Added Pin To Net: NetName=5V Pin=P15-2
Added Pin To Net: NetName=5V Pin=P16-2
Added Pin To Net: NetName=5V Pin=P17-2
Added Pin To Net: NetName=5V Pin=P18-2
Added Pin To Net: NetName=5V Pin=P19-2
Added Pin To Net: NetName=5V Pin=P20-2
Added Pin To Net: NetName=5V Pin=U3-19
Added Pin To Net: NetName=5V Pin=U3-20
Added Pin To Net: NetName=5V Pin=U4-3
Added Pin To Net: NetName=5V Pin=U9-1
Added Pin To Net: NetName=5V Pin=U10-1
Added Pin To Net: NetName=5V Pin=U11-1
Added Pin To Net: NetName=5V Pin=U12-1
Added Pin To Net: NetName=5V Pin=U19-2
Added Net: Name=5V
Added Pin To Net: NetName=12V Pin=C1-2
Added Pin To Net: NetName=12V Pin=C14-1
Added Pin To Net: NetName=12V Pin=C15-2
Added Pin To Net: NetName=12V Pin=R3-2
Added Pin To Net: NetName=12V Pin=SW1-2
Added Pin To Net: NetName=12V Pin=U3-13
Added Pin To Net: NetName=12V Pin=U3-14
Added Pin To Net: NetName=12V Pin=U3-24
Added Pin To Net: NetName=12V Pin=U19-1
Added Net: Name=12V
Added Pin To Net: NetName=A1 Pin=P3-1
Added Pin To Net: NetName=A1 Pin=P12-1
Added Pin To Net: NetName=A1 Pin=U5-24
Added Pin To Net: NetName=A1 Pin=U7-24
Added Net: Name=A1
Added Pin To Net: NetName=A2 Pin=P3-3
Added Pin To Net: NetName=A2 Pin=P12-3
Added Pin To Net: NetName=A2 Pin=U5-26
Added Pin To Net: NetName=A2 Pin=U7-26
Added Net: Name=A2
Added Pin To Net: NetName=AD0/SDO Pin=R51-2
Added Pin To Net: NetName=AD0/SDO Pin=U8-9
Added Net: Name=AD0/SDO
Added Net: Name=AD0
Added Pin To Net: NetName=ADC Pin=R3-1
Added Pin To Net: NetName=ADC Pin=R4-2
Added Pin To Net: NetName=ADC Pin=U1-25
Added Net: Name=ADC
Added Pin To Net: NetName=AGND Pin=C1-1
Added Pin To Net: NetName=AGND Pin=P1-5
Added Pin To Net: NetName=AGND Pin=P2-5
Added Pin To Net: NetName=AGND Pin=P4-1
Added Pin To Net: NetName=AGND Pin=P5-1
Added Pin To Net: NetName=AGND Pin=P6-1
Added Pin To Net: NetName=AGND Pin=P7-1
Added Pin To Net: NetName=AGND Pin=P8-1
Added Pin To Net: NetName=AGND Pin=P9-1
Added Pin To Net: NetName=AGND Pin=P10-1
Added Pin To Net: NetName=AGND Pin=P11-1
Added Pin To Net: NetName=AGND Pin=P13-1
Added Pin To Net: NetName=AGND Pin=P14-1
Added Pin To Net: NetName=AGND Pin=P15-1
Added Pin To Net: NetName=AGND Pin=P16-1
Added Pin To Net: NetName=AGND Pin=P17-1
Added Pin To Net: NetName=AGND Pin=P18-1
Added Pin To Net: NetName=AGND Pin=P19-1
Added Pin To Net: NetName=AGND Pin=P20-1
Added Net: Name=AGND
Added Pin To Net: NetName=AO1 Pin=P1-6
Added Pin To Net: NetName=AO1 Pin=U3-1
Added Pin To Net: NetName=AO1 Pin=U3-2
Added Net: Name=AO1
Added Pin To Net: NetName=AO2 Pin=P1-1
Added Pin To Net: NetName=AO2 Pin=U3-5
Added Pin To Net: NetName=AO2 Pin=U3-6
Added Net: Name=AO2
Added Pin To Net: NetName=B1 Pin=P3-2
Added Pin To Net: NetName=B1 Pin=P12-2
Added Pin To Net: NetName=B1 Pin=U5-21
Added Pin To Net: NetName=B1 Pin=U7-21
Added Net: Name=B1
Added Pin To Net: NetName=B2 Pin=P3-4
Added Pin To Net: NetName=B2 Pin=P12-4
Added Pin To Net: NetName=B2 Pin=U5-1
Added Pin To Net: NetName=B2 Pin=U7-1
Added Net: Name=B2
Added Pin To Net: NetName=BO1 Pin=P2-6
Added Pin To Net: NetName=BO1 Pin=U3-11
Added Pin To Net: NetName=BO1 Pin=U3-12
Added Net: Name=BO1
Added Pin To Net: NetName=BO2 Pin=P2-1
Added Pin To Net: NetName=BO2 Pin=U3-7
Added Pin To Net: NetName=BO2 Pin=U3-8
Added Net: Name=BO2
Added Pin To Net: NetName=BOOT0 Pin=R61-2
Added Pin To Net: NetName=BOOT0 Pin=U1-60
Added Net: Name=BOOT0
Added Pin To Net: NetName=BOOT1 Pin=R62-1
Added Pin To Net: NetName=BOOT1 Pin=U1-28
Added Net: Name=BOOT1
Added Pin To Net: NetName=DGND Pin=U3-18
Added Net: Name=DGND
Added Pin To Net: NetName=DIR2 Pin=U7-19
Added Net: Name=DIR2
Added Pin To Net: NetName=DIR Pin=U5-19
Added Net: Name=DIR
Added Pin To Net: NetName=EN1 Pin=U5-2
Added Net: Name=EN1
Added Pin To Net: NetName=EN2 Pin=U7-2
Added Net: Name=EN2
Added Pin To Net: NetName=ESC Pin=U8-7
Added Net: Name=ESC
Added Pin To Net: NetName=ESD Pin=U8-21
Added Net: Name=ESD
Added Pin To Net: NetName=FSYNC Pin=R50-2
Added Pin To Net: NetName=FSYNC Pin=U8-11
Added Net: Name=FSYNC
Added Pin To Net: NetName=GND Pin=C2-1
Added Pin To Net: NetName=GND Pin=C3-2
Added Pin To Net: NetName=GND Pin=C4-2
Added Pin To Net: NetName=GND Pin=C5-2
Added Pin To Net: NetName=GND Pin=C6-2
Added Pin To Net: NetName=GND Pin=C7-2
Added Pin To Net: NetName=GND Pin=C10-2
Added Pin To Net: NetName=GND Pin=C13-2
Added Pin To Net: NetName=GND Pin=C14-2
Added Pin To Net: NetName=GND Pin=C15-1
Added Pin To Net: NetName=GND Pin=C16-2
Added Pin To Net: NetName=GND Pin=C17-2
Added Pin To Net: NetName=GND Pin=C18-2
Added Pin To Net: NetName=GND Pin=C19-2
Added Pin To Net: NetName=GND Pin=C52-2
Added Pin To Net: NetName=GND Pin=C53-2
Added Pin To Net: NetName=GND Pin=C54-2
Added Pin To Net: NetName=GND Pin=C55-2
Added Pin To Net: NetName=GND Pin=C56-2
Added Pin To Net: NetName=GND Pin=C57-2
Added Pin To Net: NetName=GND Pin=C58-1
Added Pin To Net: NetName=GND Pin=C59-1
Added Pin To Net: NetName=GND Pin=D1-1
Added Pin To Net: NetName=GND Pin=P21-1
Added Pin To Net: NetName=GND Pin=P21-2
Added Pin To Net: NetName=GND Pin=P21-3
Added Pin To Net: NetName=GND Pin=P23-1
Added Pin To Net: NetName=GND Pin=P23-2
Added Pin To Net: NetName=GND Pin=P23-3
Added Pin To Net: NetName=GND Pin=P25-3
Added Pin To Net: NetName=GND Pin=P25-6
Added Pin To Net: NetName=GND Pin=P26-2
Added Pin To Net: NetName=GND Pin=P30-4
Added Pin To Net: NetName=GND Pin=R4-1
Added Pin To Net: NetName=GND Pin=R7-2
Added Pin To Net: NetName=GND Pin=R22-2
Added Pin To Net: NetName=GND Pin=R23-2
Added Pin To Net: NetName=GND Pin=R39-2
Added Pin To Net: NetName=GND Pin=R45-2
Added Pin To Net: NetName=GND Pin=R46-2
Added Pin To Net: NetName=GND Pin=R50-1
Added Pin To Net: NetName=GND Pin=R51-1
Added Pin To Net: NetName=GND Pin=R63-1
Added Pin To Net: NetName=GND Pin=R65-1
Added Pin To Net: NetName=GND Pin=U1-12
Added Pin To Net: NetName=GND Pin=U1-18
Added Pin To Net: NetName=GND Pin=U1-31
Added Pin To Net: NetName=GND Pin=U1-47
Added Pin To Net: NetName=GND Pin=U1-63
Added Pin To Net: NetName=GND Pin=U4-1
Added Pin To Net: NetName=GND Pin=U5-3
Added Pin To Net: NetName=GND Pin=U5-18
Added Pin To Net: NetName=GND Pin=U5-29
Added Pin To Net: NetName=GND Pin=U7-3
Added Pin To Net: NetName=GND Pin=U7-18
Added Pin To Net: NetName=GND Pin=U7-29
Added Pin To Net: NetName=GND Pin=U8-18
Added Pin To Net: NetName=GND Pin=U8-20
Added Pin To Net: NetName=GND Pin=U9-4
Added Pin To Net: NetName=GND Pin=U10-4
Added Pin To Net: NetName=GND Pin=U11-4
Added Pin To Net: NetName=GND Pin=U12-4
Added Pin To Net: NetName=GND Pin=U19-3
Added Pin To Net: NetName=GND Pin=U19-3
Added Pin To Net: NetName=GND Pin=U19-5
Added Net: Name=GND
Added Pin To Net: NetName=INT Pin=U8-12
Added Net: Name=INT
Added Pin To Net: NetName=M1_CH1 Pin=P1-3
Added Pin To Net: NetName=M1_CH1 Pin=U1-16
Added Net: Name=M1_CH1
Added Pin To Net: NetName=M1_CH2 Pin=P1-4
Added Pin To Net: NetName=M1_CH2 Pin=U1-17
Added Net: Name=M1_CH2
Added Pin To Net: NetName=M2_CH1 Pin=P2-3
Added Pin To Net: NetName=M2_CH1 Pin=U1-23
Added Net: Name=M2_CH1
Added Pin To Net: NetName=M2_CH2 Pin=P2-4
Added Pin To Net: NetName=M2_CH2 Pin=U1-26
Added Net: Name=M2_CH2
Added Pin To Net: NetName=MS11 Pin=P22-4
Added Pin To Net: NetName=MS11 Pin=R8-2
Added Net: Name=MS11
Added Pin To Net: NetName=MS12 Pin=P22-5
Added Pin To Net: NetName=MS12 Pin=R9-2
Added Net: Name=MS12
Added Pin To Net: NetName=MS13 Pin=P22-6
Added Pin To Net: NetName=MS13 Pin=R11-2
Added Net: Name=MS13
Added Pin To Net: NetName=MS21 Pin=P24-4
Added Pin To Net: NetName=MS21 Pin=R40-2
Added Net: Name=MS21
Added Pin To Net: NetName=MS22 Pin=P24-5
Added Pin To Net: NetName=MS22 Pin=R41-2
Added Net: Name=MS22
Added Pin To Net: NetName=MS23 Pin=P24-6
Added Pin To Net: NetName=MS23 Pin=R42-2
Added Net: Name=MS23
Added Pin To Net: NetName=nCS Pin=R47-1
Added Pin To Net: NetName=nCS Pin=U8-22
Added Net: Name=nCS
Added Pin To Net: NetName=NetC3_1 Pin=C3-1
Added Net: Name=NetC3_1
Added Pin To Net: NetName=NetC4_1 Pin=C4-1
Added Net: Name=NetC4_1
Added Pin To Net: NetName=NetC8_1 Pin=C8-1
Added Pin To Net: NetName=NetC8_1 Pin=U5-5
Added Net: Name=NetC8_1
Added Pin To Net: NetName=NetC8_2 Pin=C8-2
Added Pin To Net: NetName=NetC8_2 Pin=U5-4
Added Net: Name=NetC8_2
Added Pin To Net: NetName=NetC9_2 Pin=C9-2
Added Pin To Net: NetName=NetC9_2 Pin=U5-6
Added Net: Name=NetC9_2
Added Pin To Net: NetName=NetC10_1 Pin=C10-1
Added Pin To Net: NetName=NetC10_1 Pin=U5-8
Added Net: Name=NetC10_1
Added Pin To Net: NetName=NetC11_1 Pin=C11-1
Added Pin To Net: NetName=NetC11_1 Pin=U7-5
Added Net: Name=NetC11_1
Added Pin To Net: NetName=NetC11_2 Pin=C11-2
Added Pin To Net: NetName=NetC11_2 Pin=U7-4
Added Net: Name=NetC11_2
Added Pin To Net: NetName=NetC12_2 Pin=C12-2
Added Pin To Net: NetName=NetC12_2 Pin=U7-6
Added Net: Name=NetC12_2
Added Pin To Net: NetName=NetC13_1 Pin=C13-1
Added Pin To Net: NetName=NetC13_1 Pin=U7-8
Added Net: Name=NetC13_1
Added Pin To Net: NetName=NetC18_1 Pin=C18-1
Added Pin To Net: NetName=NetC18_1 Pin=U8-10
Added Net: Name=NetC18_1
Added Pin To Net: NetName=NetD1_2 Pin=D1-2
Added Pin To Net: NetName=NetD1_2 Pin=L1-1
Added Pin To Net: NetName=NetD1_2 Pin=U19-4
Added Net: Name=NetD1_2
Added Pin To Net: NetName=NetP25_2 Pin=P25-2
Added Pin To Net: NetName=NetP25_2 Pin=R61-1
Added Net: Name=NetP25_2
Added Pin To Net: NetName=NetP25_5 Pin=P25-5
Added Pin To Net: NetName=NetP25_5 Pin=R62-2
Added Net: Name=NetP25_5
Added Pin To Net: NetName=NetP26_1 Pin=P26-1
Added Pin To Net: NetName=NetP26_1 Pin=SW1-1
Added Net: Name=NetP26_1
Added Pin To Net: NetName=NetP30_2 Pin=P30-2
Added Pin To Net: NetName=NetP30_2 Pin=R63-2
Added Net: Name=NetP30_2
Added Pin To Net: NetName=NetP30_3 Pin=P30-3
Added Pin To Net: NetName=NetP30_3 Pin=R64-2
Added Net: Name=NetP30_3
Added Pin To Net: NetName=NetR5_1 Pin=R5-1
Added Pin To Net: NetName=NetR5_1 Pin=R7-1
Added Pin To Net: NetName=NetR5_1 Pin=U5-13
Added Net: Name=NetR5_1
Added Pin To Net: NetName=NetR8_1 Pin=R8-1
Added Pin To Net: NetName=NetR8_1 Pin=U5-9
Added Net: Name=NetR8_1
Added Pin To Net: NetName=NetR9_1 Pin=R9-1
Added Pin To Net: NetName=NetR9_1 Pin=U5-10
Added Net: Name=NetR9_1
Added Pin To Net: NetName=NetR10_2 Pin=R10-2
Added Net: Name=NetR10_2
Added Pin To Net: NetName=NetR11_1 Pin=R11-1
Added Pin To Net: NetName=NetR11_1 Pin=U5-11
Added Net: Name=NetR11_1
Added Pin To Net: NetName=NetR12_2 Pin=R12-2
Added Net: Name=NetR12_2
Added Pin To Net: NetName=NetR13_2 Pin=R13-2
Added Net: Name=NetR13_2
Added Pin To Net: NetName=NetR14_2 Pin=R14-2
Added Net: Name=NetR14_2
Added Pin To Net: NetName=NetR15_2 Pin=R15-2
Added Pin To Net: NetName=NetR15_2 Pin=R19-1
Added Net: Name=NetR15_2
Added Pin To Net: NetName=NetR16_2 Pin=R16-2
Added Net: Name=NetR16_2
Added Pin To Net: NetName=NetR17_2 Pin=R17-2
Added Net: Name=NetR17_2
Added Pin To Net: NetName=NetR18_2 Pin=R18-2
Added Net: Name=NetR18_2
Added Pin To Net: NetName=NetR19_2 Pin=R19-2
Added Pin To Net: NetName=NetR19_2 Pin=U5-17
Added Net: Name=NetR19_2
Added Pin To Net: NetName=NetR20_2 Pin=R20-2
Added Net: Name=NetR20_2
Added Pin To Net: NetName=NetR21_2 Pin=R21-2
Added Net: Name=NetR21_2
Added Pin To Net: NetName=NetR24_2 Pin=R24-2
Added Net: Name=NetR24_2
Added Pin To Net: NetName=NetR25_2 Pin=R25-2
Added Net: Name=NetR25_2
Added Pin To Net: NetName=NetR26_2 Pin=R26-2
Added Net: Name=NetR26_2
Added Pin To Net: NetName=NetR27_2 Pin=R27-2
Added Net: Name=NetR27_2
Added Pin To Net: NetName=NetR28_2 Pin=R28-2
Added Net: Name=NetR28_2
Added Pin To Net: NetName=NetR29_2 Pin=R29-2
Added Net: Name=NetR29_2
Added Pin To Net: NetName=NetR30_2 Pin=R30-2
Added Net: Name=NetR30_2
Added Pin To Net: NetName=NetR31_2 Pin=R31-2
Added Net: Name=NetR31_2
Added Pin To Net: NetName=NetR32_2 Pin=R32-2
Added Net: Name=NetR32_2
Added Pin To Net: NetName=NetR33_2 Pin=R33-2
Added Net: Name=NetR33_2
Added Pin To Net: NetName=NetR34_2 Pin=R34-2
Added Net: Name=NetR34_2
Added Pin To Net: NetName=NetR35_2 Pin=R35-2
Added Net: Name=NetR35_2
Added Pin To Net: NetName=NetR36_2 Pin=R36-2
Added Net: Name=NetR36_2
Added Pin To Net: NetName=NetR37_1 Pin=R37-1
Added Pin To Net: NetName=NetR37_1 Pin=R39-1
Added Pin To Net: NetName=NetR37_1 Pin=U7-13
Added Net: Name=NetR37_1
Added Pin To Net: NetName=NetR40_1 Pin=R40-1
Added Pin To Net: NetName=NetR40_1 Pin=U7-9
Added Net: Name=NetR40_1
Added Pin To Net: NetName=NetR41_1 Pin=R41-1
Added Pin To Net: NetName=NetR41_1 Pin=U7-10
Added Net: Name=NetR41_1
Added Pin To Net: NetName=NetR42_1 Pin=R42-1
Added Pin To Net: NetName=NetR42_1 Pin=U7-11
Added Net: Name=NetR42_1
Added Pin To Net: NetName=NetR43_2 Pin=R43-2
Added Pin To Net: NetName=NetR43_2 Pin=R44-1
Added Net: Name=NetR43_2
Added Pin To Net: NetName=NetR44_2 Pin=R44-2
Added Pin To Net: NetName=NetR44_2 Pin=U7-17
Added Net: Name=NetR44_2
Added Pin To Net: NetName=OSCIN Pin=C58-2
Added Pin To Net: NetName=OSCIN Pin=R60-2
Added Pin To Net: NetName=OSCIN Pin=U1-5
Added Net: Name=OSCIN
Added Pin To Net: NetName=OSCOUT Pin=C59-2
Added Pin To Net: NetName=OSCOUT Pin=R60-1
Added Pin To Net: NetName=OSCOUT Pin=U1-6
Added Net: Name=OSCOUT
Added Pin To Net: NetName=PWM1 Pin=P4-3
Added Pin To Net: NetName=PWM1 Pin=R18-1
Added Net: Name=PWM1
Added Pin To Net: NetName=PWM2 Pin=P5-3
Added Pin To Net: NetName=PWM2 Pin=R20-1
Added Net: Name=PWM2
Added Pin To Net: NetName=PWM3 Pin=P6-3
Added Pin To Net: NetName=PWM3 Pin=R24-1
Added Net: Name=PWM3
Added Pin To Net: NetName=PWM4 Pin=P7-3
Added Pin To Net: NetName=PWM4 Pin=R26-1
Added Net: Name=PWM4
Added Pin To Net: NetName=PWM5 Pin=P9-3
Added Pin To Net: NetName=PWM5 Pin=R28-1
Added Net: Name=PWM5
Added Pin To Net: NetName=PWM6 Pin=P10-3
Added Pin To Net: NetName=PWM6 Pin=R30-1
Added Net: Name=PWM6
Added Pin To Net: NetName=PWM7 Pin=P11-3
Added Pin To Net: NetName=PWM7 Pin=R32-1
Added Net: Name=PWM7
Added Pin To Net: NetName=PWM8 Pin=P8-3
Added Pin To Net: NetName=PWM8 Pin=R34-1
Added Net: Name=PWM8
Added Pin To Net: NetName=PWM9 Pin=P13-3
Added Pin To Net: NetName=PWM9 Pin=R36-1
Added Net: Name=PWM9
Added Pin To Net: NetName=PWM10 Pin=P14-3
Added Pin To Net: NetName=PWM10 Pin=R35-1
Added Net: Name=PWM10
Added Pin To Net: NetName=PWM11 Pin=P15-3
Added Pin To Net: NetName=PWM11 Pin=R33-1
Added Net: Name=PWM11
Added Pin To Net: NetName=PWM12 Pin=P16-3
Added Pin To Net: NetName=PWM12 Pin=R31-1
Added Net: Name=PWM12
Added Pin To Net: NetName=PWM13 Pin=P17-3
Added Pin To Net: NetName=PWM13 Pin=R29-1
Added Net: Name=PWM13
Added Pin To Net: NetName=PWM14 Pin=P18-3
Added Pin To Net: NetName=PWM14 Pin=R27-1
Added Net: Name=PWM14
Added Pin To Net: NetName=PWM15 Pin=P19-3
Added Pin To Net: NetName=PWM15 Pin=R25-1
Added Net: Name=PWM15
Added Pin To Net: NetName=PWM16 Pin=P20-3
Added Pin To Net: NetName=PWM16 Pin=R21-1
Added Net: Name=PWM16
Added Pin To Net: NetName=PWMA Pin=U1-15
Added Net: Name=PWMA
Added Pin To Net: NetName=PWMB Pin=U1-22
Added Net: Name=PWMB
Added Pin To Net: NetName=RESET Pin=C60-2
Added Pin To Net: NetName=RESET Pin=K1-2
Added Pin To Net: NetName=RESET Pin=R65-2
Added Pin To Net: NetName=RESET Pin=U1-7
Added Net: Name=RESET
Added Pin To Net: NetName=RST1 Pin=U5-12
Added Net: Name=RST1
Added Pin To Net: NetName=RST2 Pin=U7-12
Added Net: Name=RST2
Added Pin To Net: NetName=S1 Pin=R23-1
Added Pin To Net: NetName=S1 Pin=R46-1
Added Pin To Net: NetName=S1 Pin=U5-23
Added Pin To Net: NetName=S1 Pin=U7-23
Added Net: Name=S1
Added Pin To Net: NetName=S2 Pin=R22-1
Added Pin To Net: NetName=S2 Pin=R45-1
Added Pin To Net: NetName=S2 Pin=U5-27
Added Pin To Net: NetName=S2 Pin=U7-27
Added Net: Name=S2
Added Pin To Net: NetName=SCL Pin=R2-1
Added Pin To Net: NetName=SCL Pin=U1-29
Added Pin To Net: NetName=SCL Pin=U8-23
Added Net: Name=SCL
Added Pin To Net: NetName=SDA Pin=R1-1
Added Pin To Net: NetName=SDA Pin=U1-30
Added Pin To Net: NetName=SDA Pin=U8-24
Added Net: Name=SDA
Added Pin To Net: NetName=SLP Pin=R6-1
Added Pin To Net: NetName=SLP Pin=R38-1
Added Pin To Net: NetName=SLP Pin=U5-14
Added Pin To Net: NetName=SLP Pin=U7-14
Added Net: Name=SLP
Added Pin To Net: NetName=STEP1 Pin=U5-16
Added Net: Name=STEP1
Added Pin To Net: NetName=STEP2 Pin=U7-16
Added Net: Name=STEP2
Added Pin To Net: NetName=VCC Pin=P22-1
Added Pin To Net: NetName=VCC Pin=P22-2
Added Pin To Net: NetName=VCC Pin=P22-3
Added Pin To Net: NetName=VCC Pin=P24-1
Added Pin To Net: NetName=VCC Pin=P24-2
Added Pin To Net: NetName=VCC Pin=P24-3
Added Net: Name=VCC
Added Pin To Net: NetName=VMM Pin=C9-1
Added Pin To Net: NetName=VMM Pin=C12-1
Added Pin To Net: NetName=VMM Pin=U5-22
Added Pin To Net: NetName=VMM Pin=U5-28
Added Pin To Net: NetName=VMM Pin=U7-22
Added Pin To Net: NetName=VMM Pin=U7-28
Added Net: Name=VMM
Added Net: Name=XCL
Added Net: Name=XDA
Added Class: Name=motorBoardSCH
Added Room: Name=motorBoardSCH
