Removed Pin From Net: NetName=M1_CH1 Pin=U1-16
Removed Pin From Net: NetName=M1_CH2 Pin=U1-17
Removed Pin From Net: NetName=M2_CH1 Pin=U1-23
Removed Pin From Net: NetName=M2_CH2 Pin=U1-26
Removed Pin From Net: NetName=SCL Pin=U1-29
Removed Pin From Net: NetName=SDA Pin=U1-30
Added Component: Designator=D4(LED 0603R)
Add component. Clean all parameters for all variants
Added Component: Designator=D5(LED 0603R)
Add component. Clean all parameters for all variants
Added Component: Designator=P27(HDR2.54-LI-3P)
Add component. Clean all parameters for all variants
Added Component: Designator=P28(HDR2.54-LI-3P)
Add component. Clean all parameters for all variants
Added Component: Designator=P29(HDR2.54-LI-3P)
Add component. Clean all parameters for all variants
Added Component: Designator=R56(0603R)
Add component. Clean all parameters for all variants
Added Component: Designator=R57(0603R)
Add component. Clean all parameters for all variants
Added Pin To Net: NetName=GND Pin=D4-2
Added Pin To Net: NetName=GND Pin=D5-2
Added Pin To Net: NetName=GND Pin=P27-3
Added Pin To Net: NetName=GND Pin=P28-3
Added Pin To Net: NetName=GND Pin=P29-3
Added Pin To Net: NetName=SCL Pin=U1-20
Added Pin To Net: NetName=SDA Pin=U1-21
Added Pin To Net: NetName=M2_CH1 Pin=U1-26
Added Pin To Net: NetName=M2_CH2 Pin=U1-27
Added Pin To Net: NetName=M1_CH2 Pin=U1-41
Added Pin To Net: NetName=M1_CH1 Pin=U1-44
Added Pin To Net: NetName=LED1 Pin=R56-1
Added Pin To Net: NetName=LED1 Pin=U1-40
Added Net: Name=LED1
Added Pin To Net: NetName=LED2 Pin=R57-1
Added Pin To Net: NetName=LED2 Pin=U1-39
Added Net: Name=LED2
Added Pin To Net: NetName=NetD4_1 Pin=D4-1
Added Pin To Net: NetName=NetD4_1 Pin=R56-2
Added Net: Name=NetD4_1
Added Pin To Net: NetName=NetD5_1 Pin=D5-1
Added Pin To Net: NetName=NetD5_1 Pin=R57-2
Added Net: Name=NetD5_1
Added Pin To Net: NetName=RX1 Pin=P27-2
Added Pin To Net: NetName=RX1 Pin=U1-43
Added Net: Name=RX1
Added Pin To Net: NetName=RX2 Pin=P28-2
Added Pin To Net: NetName=RX2 Pin=U1-17
Added Net: Name=RX2
Added Pin To Net: NetName=RX3 Pin=P29-2
Added Pin To Net: NetName=RX3 Pin=U1-30
Added Net: Name=RX3
Added Pin To Net: NetName=TX1 Pin=P27-1
Added Pin To Net: NetName=TX1 Pin=U1-42
Added Net: Name=TX1
Added Pin To Net: NetName=TX2 Pin=P28-1
Added Pin To Net: NetName=TX2 Pin=U1-16
Added Net: Name=TX2
Added Pin To Net: NetName=TX3 Pin=P29-1
Added Pin To Net: NetName=TX3 Pin=U1-29
Added Net: Name=TX3
Added Member To Class: ClassName=motorBoardSCH Member=Component D4 LED1
Added Member To Class: ClassName=motorBoardSCH Member=Component D5 LED2
Added Member To Class: ClassName=motorBoardSCH Member=Component P27 Header
Added Member To Class: ClassName=motorBoardSCH Member=Component P28 Header
Added Member To Class: ClassName=motorBoardSCH Member=Component P29 Header
Added Member To Class: ClassName=motorBoardSCH Member=Component R56 1K
Added Member To Class: ClassName=motorBoardSCH Member=Component R57 1K
