Added Component: Designator=B?(MS621FE)
Add component. Clean all parameters for all variants
Added Component: Designator=C12(C 0402)
Add component. Clean all parameters for all variants
Added Component: Designator=C19(C 0603_L)
Add component. Clean all parameters for all variants
Added Component: Designator=C32(C 0603_L)
Add component. Clean all parameters for all variants
Added Component: Designator=C33(C 0402)
Add component. Clean all parameters for all variants
Added Component: Designator=C34(C 0603_L)
Add component. Clean all parameters for all variants
Added Component: Designator=C39(C 0402)
Add component. Clean all parameters for all variants
Added Component: Designator=C41(C 0402)
Add component. Clean all parameters for all variants
Added Component: Designator=C42(C 0402)
Add component. Clean all parameters for all variants
Added Component: Designator=C43(C 0402)
Add component. Clean all parameters for all variants
Added Component: Designator=C44(C 0402)
Add component. Clean all parameters for all variants
Added Component: Designator=C45(C 0402)
Add component. Clean all parameters for all variants
Added Component: Designator=C46(C 0402)
Add component. Clean all parameters for all variants
Added Component: Designator=C47(C 0402)
Add component. Clean all parameters for all variants
Added Component: Designator=C48(C 0402)
Add component. Clean all parameters for all variants
Added Component: Designator=C49(C 0603_L)
Add component. Clean all parameters for all variants
Added Component: Designator=C50(C 0603_L)
Add component. Clean all parameters for all variants
Added Component: Designator=C51(C 0402)
Add component. Clean all parameters for all variants
Added Component: Designator=C52(C 0402)
Add component. Clean all parameters for all variants
Added Component: Designator=C53(C 0402)
Add component. Clean all parameters for all variants
Added Component: Designator=C54(C 0402)
Add component. Clean all parameters for all variants
Added Component: Designator=C55(C 0805_L)
Add component. Clean all parameters for all variants
Added Component: Designator=C56(C 0402)
Add component. Clean all parameters for all variants
Added Component: Designator=C57(C 0402)
Add component. Clean all parameters for all variants
Added Component: Designator=C58(C 0402)
Add component. Clean all parameters for all variants
Added Component: Designator=C59(C 0402)
Add component. Clean all parameters for all variants
Added Component: Designator=C60(C 0805_L)
Add component. Clean all parameters for all variants
Added Component: Designator=C61(C 0402)
Add component. Clean all parameters for all variants
Added Component: Designator=C62(C 0402)
Add component. Clean all parameters for all variants
Added Component: Designator=C63(C 0402)
Add component. Clean all parameters for all variants
Added Component: Designator=C64(C 0402)
Add component. Clean all parameters for all variants
Added Component: Designator=C65(C 0402)
Add component. Clean all parameters for all variants
Added Component: Designator=C66(C 0402)
Add component. Clean all parameters for all variants
Added Component: Designator=C67(C 0402)
Add component. Clean all parameters for all variants
Added Component: Designator=C68(C 0402)
Add component. Clean all parameters for all variants
Added Component: Designator=C69(C 0603_L)
Add component. Clean all parameters for all variants
Added Component: Designator=C70(C 0805_L)
Add component. Clean all parameters for all variants
Added Component: Designator=C71(C 0402)
Add component. Clean all parameters for all variants
Added Component: Designator=C72(C 0402)
Add component. Clean all parameters for all variants
Added Component: Designator=C73(C 0402)
Add component. Clean all parameters for all variants
Added Component: Designator=C74(C 0402)
Add component. Clean all parameters for all variants
Added Component: Designator=C?(C 0402)
Add component. Clean all parameters for all variants
Added Component: Designator=D9(SOT23)
Add component. Clean all parameters for all variants
Added Component: Designator=D11(0402-TVS)
Add component. Clean all parameters for all variants
Added Component: Designator=D12(0402-TVS)
Add component. Clean all parameters for all variants
Added Component: Designator=D13(LED 0603G)
Add component. Clean all parameters for all variants
Added Component: Designator=D14(LED 0603R)
Add component. Clean all parameters for all variants
Added Component: Designator=D15(LED 0603B)
Add component. Clean all parameters for all variants
Added Component: Designator=D16(LED 0603G)
Add component. Clean all parameters for all variants
Added Component: Designator=D17(LED 0603R)
Add component. Clean all parameters for all variants
Added Component: Designator=D18(0402-TVS)
Add component. Clean all parameters for all variants
Added Component: Designator=D19(0402-TVS)
Add component. Clean all parameters for all variants
Added Component: Designator=D20(0402-TVS)
Add component. Clean all parameters for all variants
Added Component: Designator=D21(0402-TVS)
Add component. Clean all parameters for all variants
Added Component: Designator=D22(0402-TVS)
Add component. Clean all parameters for all variants
Added Component: Designator=D100(0402-TVS)
Add component. Clean all parameters for all variants
Added Component: Designator=D101(0402-TVS)
Add component. Clean all parameters for all variants
Added Component: Designator=F1(PTC-1206)
Add component. Clean all parameters for all variants
Added Component: Designator=L5(KYOCERA-KNH16-DA)
Add component. Clean all parameters for all variants
Added Component: Designator=L6(KYOCERA-KNH16-DA)
Add component. Clean all parameters for all variants
Added Component: Designator=L7(KYOCERA-KNH16-DA)
Add component. Clean all parameters for all variants
Added Component: Designator=L8(KYOCERA-KNH16-DA)
Add component. Clean all parameters for all variants
Added Component: Designator=L9(KYOCERA-KNH16-DA)
Add component. Clean all parameters for all variants
Added Component: Designator=L10(KYOCERA-KNH16-DA)
Add component. Clean all parameters for all variants
Added Component: Designator=L11(KYOCERA-KNH16-DA)
Add component. Clean all parameters for all variants
Added Component: Designator=L12(L 0805)
Add component. Clean all parameters for all variants
Added Component: Designator=L30(KYOCERA-KNH16-DA)
Add component. Clean all parameters for all variants
Added Component: Designator=L31(KYOCERA-KNH16-DA)
Add component. Clean all parameters for all variants
Added Component: Designator=L32(KYOCERA-KNH16-DA)
Add component. Clean all parameters for all variants
Added Component: Designator=LED2(RGB_LED)
Add component. Clean all parameters for all variants
Added Component: Designator=P7(MX 1.25-LS-4P)
Add component. Clean all parameters for all variants
Added Component: Designator=P8(MX 1.25-LS-3P)
Add component. Clean all parameters for all variants
Added Component: Designator=P9(MX 1.25-LS-3P)
Add component. Clean all parameters for all variants
Added Component: Designator=P11(MX 1.25-LS-7P)
Add component. Clean all parameters for all variants
Added Component: Designator=P12(MX 1.25-LS-6P)
Add component. Clean all parameters for all variants
Added Component: Designator=P13(microSD)
Add component. Clean all parameters for all variants
Added Component: Designator=P15(MX 1.25-LS-4P)
Add component. Clean all parameters for all variants
Added Component: Designator=P16(MX 1.25-LS-4P)
Add component. Clean all parameters for all variants
Added Component: Designator=P17(MX 1.25-LS-6P)
Add component. Clean all parameters for all variants
Added Component: Designator=P18(MX 1.25-LS-5P)
Add component. Clean all parameters for all variants
Added Component: Designator=P19(microSD)
Add component. Clean all parameters for all variants
Added Component: Designator=P20(MX 1.25-LS-6P)
Add component. Clean all parameters for all variants
Added Component: Designator=P21(MX 1.25-LS-6P)
Add component. Clean all parameters for all variants
Added Component: Designator=P22(MX 1.25-LS-2P)
Add component. Clean all parameters for all variants
Added Component: Designator=P25(FPC0.5 2H-WS-10P)
Add component. Clean all parameters for all variants
Added Component: Designator=P30(3x16RA)
Add component. Clean all parameters for all variants
Added Component: Designator=P31(FTSH-105-01-XXX-DV-K)
Add component. Clean all parameters for all variants
Added Component: Designator=P32(FTSH-105-01-XXX-DV-K)
Add component. Clean all parameters for all variants
Added Component: Designator=P100(MX 1.25-LS-6P)
Add component. Clean all parameters for all variants
Added Component: Designator=R36(0402R)
Add component. Clean all parameters for all variants
Added Component: Designator=R37(0402R)
Add component. Clean all parameters for all variants
Added Component: Designator=R39(0402R)
Add component. Clean all parameters for all variants
Added Component: Designator=R40(0402R)
Add component. Clean all parameters for all variants
Added Component: Designator=R43(0402R)
Add component. Clean all parameters for all variants
Added Component: Designator=R44(0402R)
Add component. Clean all parameters for all variants
Added Component: Designator=R45(0402R)
Add component. Clean all parameters for all variants
Added Component: Designator=R46(0402R)
Add component. Clean all parameters for all variants
Added Component: Designator=R47(0402R)
Add component. Clean all parameters for all variants
Added Component: Designator=R48(0402R)
Add component. Clean all parameters for all variants
Added Component: Designator=R49(0402R)
Add component. Clean all parameters for all variants
Added Component: Designator=R50(0402R)
Add component. Clean all parameters for all variants
Added Component: Designator=R51(0402R)
Add component. Clean all parameters for all variants
Added Component: Designator=R52(0402R)
Add component. Clean all parameters for all variants
Added Component: Designator=R53(0402R)
Add component. Clean all parameters for all variants
Added Component: Designator=R54(0402R)
Add component. Clean all parameters for all variants
Added Component: Designator=R55(0402R)
Add component. Clean all parameters for all variants
Added Component: Designator=R56(0402R)
Add component. Clean all parameters for all variants
Added Component: Designator=R57(0402R)
Add component. Clean all parameters for all variants
Added Component: Designator=R58(0402R)
Add component. Clean all parameters for all variants
Added Component: Designator=R59(0402R)
Add component. Clean all parameters for all variants
Added Component: Designator=R60(0402R)
Add component. Clean all parameters for all variants
Added Component: Designator=R61(0402R)
Add component. Clean all parameters for all variants
Added Component: Designator=R62(0402R)
Add component. Clean all parameters for all variants
Added Component: Designator=R63(0402R)
Add component. Clean all parameters for all variants
Added Component: Designator=R64(0402R)
Add component. Clean all parameters for all variants
Added Component: Designator=R65(0402R)
Add component. Clean all parameters for all variants
Added Component: Designator=R66(0402R)
Add component. Clean all parameters for all variants
Added Component: Designator=R67(0402R)
Add component. Clean all parameters for all variants
Added Component: Designator=R68(0402R)
Add component. Clean all parameters for all variants
Added Component: Designator=R69(0402R)
Add component. Clean all parameters for all variants
Added Component: Designator=R70(0402R)
Add component. Clean all parameters for all variants
Added Component: Designator=R71(0402R)
Add component. Clean all parameters for all variants
Added Component: Designator=R72(0402R)
Add component. Clean all parameters for all variants
Added Component: Designator=R73(0402R)
Add component. Clean all parameters for all variants
Added Component: Designator=R74(0402R)
Add component. Clean all parameters for all variants
Added Component: Designator=R75(0402R)
Add component. Clean all parameters for all variants
Added Component: Designator=R76(0402R)
Add component. Clean all parameters for all variants
Added Component: Designator=R77(0402R)
Add component. Clean all parameters for all variants
Added Component: Designator=R78(0402R)
Add component. Clean all parameters for all variants
Added Component: Designator=R79(0402R)
Add component. Clean all parameters for all variants
Added Component: Designator=R80(0402R)
Add component. Clean all parameters for all variants
Added Component: Designator=R81(0402R)
Add component. Clean all parameters for all variants
Added Component: Designator=R82(0402R)
Add component. Clean all parameters for all variants
Added Component: Designator=R83(0402R)
Add component. Clean all parameters for all variants
Added Component: Designator=R84(0402R)
Add component. Clean all parameters for all variants
Added Component: Designator=R85(0402R)
Add component. Clean all parameters for all variants
Added Component: Designator=R86(0402R)
Add component. Clean all parameters for all variants
Added Component: Designator=R87(0402R)
Add component. Clean all parameters for all variants
Added Component: Designator=R88(0402R)
Add component. Clean all parameters for all variants
Added Component: Designator=R89(0402R)
Add component. Clean all parameters for all variants
Added Component: Designator=R90(0402R)
Add component. Clean all parameters for all variants
Added Component: Designator=R91(0402R)
Add component. Clean all parameters for all variants
Added Component: Designator=R92(0402R)
Add component. Clean all parameters for all variants
Added Component: Designator=R93(0402R)
Add component. Clean all parameters for all variants
Added Component: Designator=R94(0402R)
Add component. Clean all parameters for all variants
Added Component: Designator=R95(0402R)
Add component. Clean all parameters for all variants
Added Component: Designator=R96(0402R)
Add component. Clean all parameters for all variants
Added Component: Designator=R97(0402R)
Add component. Clean all parameters for all variants
Added Component: Designator=R98(0402R)
Add component. Clean all parameters for all variants
Added Component: Designator=R99(0402R)
Add component. Clean all parameters for all variants
Added Component: Designator=R100(0402R)
Add component. Clean all parameters for all variants
Added Component: Designator=R101(0402R)
Add component. Clean all parameters for all variants
Added Component: Designator=R102(0402R)
Add component. Clean all parameters for all variants
Added Component: Designator=R103(0402R)
Add component. Clean all parameters for all variants
Added Component: Designator=R130(0402R)
Add component. Clean all parameters for all variants
Added Component: Designator=R131(0402R)
Add component. Clean all parameters for all variants
Added Component: Designator=R132(0402R)
Add component. Clean all parameters for all variants
Added Component: Designator=R133(0402R)
Add component. Clean all parameters for all variants
Added Component: Designator=R134(0402R)
Add component. Clean all parameters for all variants
Added Component: Designator=R135(0402R)
Add component. Clean all parameters for all variants
Added Component: Designator=R136(0402R)
Add component. Clean all parameters for all variants
Added Component: Designator=R137(0402R)
Add component. Clean all parameters for all variants
Added Component: Designator=R138(0402R)
Add component. Clean all parameters for all variants
Added Component: Designator=R139(0402R)
Add component. Clean all parameters for all variants
Added Component: Designator=R140(0402R)
Add component. Clean all parameters for all variants
Added Component: Designator=R150(0402R)
Add component. Clean all parameters for all variants
Added Component: Designator=R151(0402R)
Add component. Clean all parameters for all variants
Added Component: Designator=R152(0402R)
Add component. Clean all parameters for all variants
Added Component: Designator=R153(0402R)
Add component. Clean all parameters for all variants
Added Component: Designator=R154(0402R)
Add component. Clean all parameters for all variants
Added Component: Designator=R200(0402R)
Add component. Clean all parameters for all variants
Added Component: Designator=R201(0402R)
Add component. Clean all parameters for all variants
Added Component: Designator=R204(0402R)
Add component. Clean all parameters for all variants
Added Component: Designator=R205(0402R)
Add component. Clean all parameters for all variants
Added Component: Designator=R206(0402R)
Add component. Clean all parameters for all variants
Added Component: Designator=R207(0402R)
Add component. Clean all parameters for all variants
Added Component: Designator=R208(0402R)
Add component. Clean all parameters for all variants
Added Component: Designator=R?(0402R)
Add component. Clean all parameters for all variants
Added Component: Designator=S3(EVQP7J01K)
Add component. Clean all parameters for all variants
Added Component: Designator=S4(EVQP7J01K)
Add component. Clean all parameters for all variants
Added Component: Designator=U16(MO-220)
Add component. Clean all parameters for all variants
Added Component: Designator=U17(1206-8)
Add component. Clean all parameters for all variants
Added Component: Designator=U18(LQPF_100)
Add component. Clean all parameters for all variants
Added Component: Designator=U19(QFN8)
Add component. Clean all parameters for all variants
Added Component: Designator=U20(LQFP_48)
Add component. Clean all parameters for all variants
Added Component: Designator=U21(QFN8)
Add component. Clean all parameters for all variants
Added Component: Designator=U22(LGA_16L)
Add component. Clean all parameters for all variants
Added Component: Designator=U23(MS5611)
Add component. Clean all parameters for all variants
Added Component: Designator=U24(SON10)
Add component. Clean all parameters for all variants
Added Component: Designator=U25(SOIC8)
Add component. Clean all parameters for all variants
Added Component: Designator=U26(USB-MICRO_E)
Add component. Clean all parameters for all variants
Added Component: Designator=U27(0402-TVS)
Add component. Clean all parameters for all variants
Added Component: Designator=U28(SOT563-6)
Add component. Clean all parameters for all variants
Added Component: Designator=U29(TSSOP-8)
Add component. Clean all parameters for all variants
Added Component: Designator=U30(SOT23-8)
Add component. Clean all parameters for all variants
Added Component: Designator=U31(LGA_16L)
Add component. Clean all parameters for all variants
Added Component: Designator=U32(PQFN50P450X350X100_HS-21N)
Add component. Clean all parameters for all variants
Added Component: Designator=U33(0402-TVS)
Add component. Clean all parameters for all variants
Added Component: Designator=U34(PQFN50P450X350X100_HS-21N)
Add component. Clean all parameters for all variants
Added Component: Designator=U35(0402-TVS)
Add component. Clean all parameters for all variants
Added Component: Designator=U36(SOT23-8)
Add component. Clean all parameters for all variants
Added Component: Designator=U37(PQFN50P450X350X100_HS-21N)
Add component. Clean all parameters for all variants
Added Component: Designator=U38(LGA-16)
Add component. Clean all parameters for all variants
Added Component: Designator=U39(PQFN50P450X350X100_HS-21N)
Add component. Clean all parameters for all variants
Added Component: Designator=U50(1206-8)
Add component. Clean all parameters for all variants
Added Component: Designator=U51(1206-8)
Add component. Clean all parameters for all variants
Added Component: Designator=X3(OSC 3225-4P)
Add component. Clean all parameters for all variants
Added Component: Designator=X4(OSC 3225-4P)
Add component. Clean all parameters for all variants
Added Pin To Net: NetName=GND Pin=B?-2
Added Pin To Net: NetName=GND Pin=C12-2
Added Pin To Net: NetName=GND Pin=C19-2
Added Pin To Net: NetName=GND Pin=C32-2
Added Pin To Net: NetName=GND Pin=C33-2
Added Pin To Net: NetName=GND Pin=C34-2
Added Pin To Net: NetName=GND Pin=C39-2
Added Pin To Net: NetName=GND Pin=C41-2
Added Pin To Net: NetName=GND Pin=C42-2
Added Pin To Net: NetName=GND Pin=C43-2
Added Pin To Net: NetName=GND Pin=C44-1
Added Pin To Net: NetName=GND Pin=C44-2
Added Pin To Net: NetName=GND Pin=C45-1
Added Pin To Net: NetName=GND Pin=C45-2
Added Pin To Net: NetName=GND Pin=C46-1
Added Pin To Net: NetName=GND Pin=C46-2
Added Pin To Net: NetName=GND Pin=C47-1
Added Pin To Net: NetName=GND Pin=C48-1
Added Pin To Net: NetName=GND Pin=C49-2
Added Pin To Net: NetName=GND Pin=C50-2
Added Pin To Net: NetName=GND Pin=C51-2
Added Pin To Net: NetName=GND Pin=C52-2
Added Pin To Net: NetName=GND Pin=C53-2
Added Pin To Net: NetName=GND Pin=C54-2
Added Pin To Net: NetName=GND Pin=C55-1
Added Pin To Net: NetName=GND Pin=C55-2
Added Pin To Net: NetName=GND Pin=C56-1
Added Pin To Net: NetName=GND Pin=C56-2
Added Pin To Net: NetName=GND Pin=C57-2
Added Pin To Net: NetName=GND Pin=C58-2
Added Pin To Net: NetName=GND Pin=C60-2
Added Pin To Net: NetName=GND Pin=C61-2
Added Pin To Net: NetName=GND Pin=C62-1
Added Pin To Net: NetName=GND Pin=C63-2
Added Pin To Net: NetName=GND Pin=C64-2
Added Pin To Net: NetName=GND Pin=C65-2
Added Pin To Net: NetName=GND Pin=C66-2
Added Pin To Net: NetName=GND Pin=C67-1
Added Pin To Net: NetName=GND Pin=C69-2
Added Pin To Net: NetName=GND Pin=C70-1
Added Pin To Net: NetName=GND Pin=C70-2
Added Pin To Net: NetName=GND Pin=C71-1
Added Pin To Net: NetName=GND Pin=C71-2
Added Pin To Net: NetName=GND Pin=C72-2
Added Pin To Net: NetName=GND Pin=C73-2
Added Pin To Net: NetName=GND Pin=C74-2
Added Pin To Net: NetName=GND Pin=C?-2
Added Pin To Net: NetName=GND Pin=D11-1
Added Pin To Net: NetName=GND Pin=D12-1
Added Pin To Net: NetName=GND Pin=D18-1
Added Pin To Net: NetName=GND Pin=D19-1
Added Pin To Net: NetName=GND Pin=D20-1
Added Pin To Net: NetName=GND Pin=D21-1
Added Pin To Net: NetName=GND Pin=D22-1
Added Pin To Net: NetName=GND Pin=D100-1
Added Pin To Net: NetName=GND Pin=L5-3
Added Pin To Net: NetName=GND Pin=L6-3
Added Pin To Net: NetName=GND Pin=L7-3
Added Pin To Net: NetName=GND Pin=L8-3
Added Pin To Net: NetName=GND Pin=L9-3
Added Pin To Net: NetName=GND Pin=L10-3
Added Pin To Net: NetName=GND Pin=L11-3
Added Pin To Net: NetName=GND Pin=L30-3
Added Pin To Net: NetName=GND Pin=L31-3
Added Pin To Net: NetName=GND Pin=L32-3
Added Pin To Net: NetName=GND Pin=P7-4
Added Pin To Net: NetName=GND Pin=P9-3
Added Pin To Net: NetName=GND Pin=P11-7
Added Pin To Net: NetName=GND Pin=P12-6
Added Pin To Net: NetName=GND Pin=P15-4
Added Pin To Net: NetName=GND Pin=P16-4
Added Pin To Net: NetName=GND Pin=P17-6
Added Pin To Net: NetName=GND Pin=P18-3
Added Pin To Net: NetName=GND Pin=P18-5
Added Pin To Net: NetName=GND Pin=P20-6
Added Pin To Net: NetName=GND Pin=P21-6
Added Pin To Net: NetName=GND Pin=P22-2
Added Pin To Net: NetName=GND Pin=P25-1
Added Pin To Net: NetName=GND Pin=P25-2
Added Pin To Net: NetName=GND Pin=P30-3
Added Pin To Net: NetName=GND Pin=P30-6
Added Pin To Net: NetName=GND Pin=P30-9
Added Pin To Net: NetName=GND Pin=P30-12
Added Pin To Net: NetName=GND Pin=P30-15
Added Pin To Net: NetName=GND Pin=P30-18
Added Pin To Net: NetName=GND Pin=P30-21
Added Pin To Net: NetName=GND Pin=P30-24
Added Pin To Net: NetName=GND Pin=P30-25
Added Pin To Net: NetName=GND Pin=P30-27
Added Pin To Net: NetName=GND Pin=P30-30
Added Pin To Net: NetName=GND Pin=P30-33
Added Pin To Net: NetName=GND Pin=P30-36
Added Pin To Net: NetName=GND Pin=P30-39
Added Pin To Net: NetName=GND Pin=P30-42
Added Pin To Net: NetName=GND Pin=P30-45
Added Pin To Net: NetName=GND Pin=P30-48
Added Pin To Net: NetName=GND Pin=P31-3
Added Pin To Net: NetName=GND Pin=P31-5
Added Pin To Net: NetName=GND Pin=P31-9
Added Pin To Net: NetName=GND Pin=P32-3
Added Pin To Net: NetName=GND Pin=P32-5
Added Pin To Net: NetName=GND Pin=P32-9
Added Pin To Net: NetName=GND Pin=P100-5
Added Pin To Net: NetName=GND Pin=P100-6
Added Pin To Net: NetName=GND Pin=R36-2
Added Pin To Net: NetName=GND Pin=R39-2
Added Pin To Net: NetName=GND Pin=R40-1
Added Pin To Net: NetName=GND Pin=R45-2
Added Pin To Net: NetName=GND Pin=R49-1
Added Pin To Net: NetName=GND Pin=R50-2
Added Pin To Net: NetName=GND Pin=R52-1
Added Pin To Net: NetName=GND Pin=R55-1
Added Pin To Net: NetName=GND Pin=R57-1
Added Pin To Net: NetName=GND Pin=R95-2
Added Pin To Net: NetName=GND Pin=R102-2
Added Pin To Net: NetName=GND Pin=R136-1
Added Pin To Net: NetName=GND Pin=R137-1
Added Pin To Net: NetName=GND Pin=R138-1
Added Pin To Net: NetName=GND Pin=R151-2
Added Pin To Net: NetName=GND Pin=R154-1
Added Pin To Net: NetName=GND Pin=S3-2
Added Pin To Net: NetName=GND Pin=S4-2
Added Pin To Net: NetName=GND Pin=U16-10
Added Pin To Net: NetName=GND Pin=U16-23
Added Pin To Net: NetName=GND Pin=U16-25
Added Pin To Net: NetName=GND Pin=U18-10
Added Pin To Net: NetName=GND Pin=U18-19
Added Pin To Net: NetName=GND Pin=U18-27
Added Pin To Net: NetName=GND Pin=U18-72
Added Pin To Net: NetName=GND Pin=U18-74
Added Pin To Net: NetName=GND Pin=U18-99
Added Pin To Net: NetName=GND Pin=U19-2
Added Pin To Net: NetName=GND Pin=U20-8
Added Pin To Net: NetName=GND Pin=U20-9
Added Pin To Net: NetName=GND Pin=U20-23
Added Pin To Net: NetName=GND Pin=U20-24
Added Pin To Net: NetName=GND Pin=U20-35
Added Pin To Net: NetName=GND Pin=U20-36
Added Pin To Net: NetName=GND Pin=U20-47
Added Pin To Net: NetName=GND Pin=U20-48
Added Pin To Net: NetName=GND Pin=U21-1
Added Pin To Net: NetName=GND Pin=U21-2
Added Pin To Net: NetName=GND Pin=U21-5
Added Pin To Net: NetName=GND Pin=U21-6
Added Pin To Net: NetName=GND Pin=U22-1
Added Pin To Net: NetName=GND Pin=U22-5
Added Pin To Net: NetName=GND Pin=U22-10
Added Pin To Net: NetName=GND Pin=U22-12
Added Pin To Net: NetName=GND Pin=U22-13
Added Pin To Net: NetName=GND Pin=U22-14
Added Pin To Net: NetName=GND Pin=U23-2
Added Pin To Net: NetName=GND Pin=U23-3
Added Pin To Net: NetName=GND Pin=U24-5
Added Pin To Net: NetName=GND Pin=U25-4
Added Pin To Net: NetName=GND Pin=U26-5
Added Pin To Net: NetName=GND Pin=U26-5
Added Pin To Net: NetName=GND Pin=U26-5
Added Pin To Net: NetName=GND Pin=U26-5
Added Pin To Net: NetName=GND Pin=U26-5
Added Pin To Net: NetName=GND Pin=U27-1
Added Pin To Net: NetName=GND Pin=U28-2
Added Pin To Net: NetName=GND Pin=U29-1
Added Pin To Net: NetName=GND Pin=U29-4
Added Pin To Net: NetName=GND Pin=U30-2
Added Pin To Net: NetName=GND Pin=U30-5
Added Pin To Net: NetName=GND Pin=U30-8
Added Pin To Net: NetName=GND Pin=U31-9
Added Pin To Net: NetName=GND Pin=U31-10
Added Pin To Net: NetName=GND Pin=U31-11
Added Pin To Net: NetName=GND Pin=U31-12
Added Pin To Net: NetName=GND Pin=U32-11
Added Pin To Net: NetName=GND Pin=U33-1
Added Pin To Net: NetName=GND Pin=U34-11
Added Pin To Net: NetName=GND Pin=U35-1
Added Pin To Net: NetName=GND Pin=U37-11
Added Pin To Net: NetName=GND Pin=U38-1
Added Pin To Net: NetName=GND Pin=U38-8
Added Pin To Net: NetName=GND Pin=U38-9
Added Pin To Net: NetName=GND Pin=U38-10
Added Pin To Net: NetName=GND Pin=U38-11
Added Pin To Net: NetName=GND Pin=U38-12
Added Pin To Net: NetName=GND Pin=U38-13
Added Pin To Net: NetName=GND Pin=U38-15
Added Pin To Net: NetName=GND Pin=U38-16
Added Pin To Net: NetName=GND Pin=U39-11
Added Pin To Net: NetName=GND Pin=X3-2
Added Pin To Net: NetName=GND Pin=X3-4
Added Pin To Net: NetName=GND Pin=X4-2
Added Pin To Net: NetName=GND Pin=X4-4
Added Net: Name=GND
Added Pin To Net: NetName=MCU1-VDD_3V3 Pin=C51-1
Added Pin To Net: NetName=MCU1-VDD_3V3 Pin=C52-1
Added Pin To Net: NetName=MCU1-VDD_3V3 Pin=C53-1
Added Pin To Net: NetName=MCU1-VDD_3V3 Pin=C54-1
Added Pin To Net: NetName=MCU1-VDD_3V3 Pin=U18-11
Added Pin To Net: NetName=MCU1-VDD_3V3 Pin=U18-28
Added Pin To Net: NetName=MCU1-VDD_3V3 Pin=U18-50
Added Pin To Net: NetName=MCU1-VDD_3V3 Pin=U18-75
Added Pin To Net: NetName=MCU1-VDD_3V3 Pin=U18-100
Added Net: Name=MCU1-VDD_3V3
Added Pin To Net: NetName=NetB?_1 Pin=B?-1
Added Pin To Net: NetName=NetB?_1 Pin=R?-1
Added Pin To Net: NetName=NetB?_1 Pin=U18-6
Added Pin To Net: NetName=NetB?_1 Pin=U20-1
Added Net: Name=NetB?_1
Added Pin To Net: NetName=NetC12_1 Pin=C12-1
Added Pin To Net: NetName=NetC12_1 Pin=S3-1
Added Pin To Net: NetName=NetC12_1 Pin=U20-7
Added Net: Name=NetC12_1
Added Pin To Net: NetName=NetC19_1 Pin=C19-1
Added Pin To Net: NetName=NetC19_1 Pin=C63-1
Added Pin To Net: NetName=NetC19_1 Pin=D11-2
Added Pin To Net: NetName=NetC19_1 Pin=D19-2
Added Pin To Net: NetName=NetC19_1 Pin=P8-1
Added Pin To Net: NetName=NetC19_1 Pin=P32-1
Added Pin To Net: NetName=NetC19_1 Pin=R58-1
Added Pin To Net: NetName=NetC19_1 Pin=U19-7
Added Pin To Net: NetName=NetC19_1 Pin=U20-29
Added Pin To Net: NetName=NetC19_1 Pin=U29-8
Added Net: Name=NetC19_1
Added Pin To Net: NetName=NetC32_1 Pin=C32-1
Added Pin To Net: NetName=NetC32_1 Pin=U19-8
Added Net: Name=NetC32_1
Added Pin To Net: NetName=NetC33_1 Pin=C33-1
Added Pin To Net: NetName=NetC33_1 Pin=U19-6
Added Net: Name=NetC33_1
Added Pin To Net: NetName=NetC34_1 Pin=C34-1
Added Pin To Net: NetName=NetC34_1 Pin=D9-3
Added Pin To Net: NetName=NetC34_1 Pin=P30-2
Added Pin To Net: NetName=NetC34_1 Pin=U19-1
Added Pin To Net: NetName=NetC34_1 Pin=U19-4
Added Net: Name=NetC34_1
Added Pin To Net: NetName=NetC39_1 Pin=C39-1
Added Pin To Net: NetName=NetC39_1 Pin=S4-1
Added Pin To Net: NetName=NetC39_1 Pin=U18-14
Added Net: Name=NetC39_1
Added Pin To Net: NetName=NetC41_1 Pin=C41-1
Added Pin To Net: NetName=NetC41_1 Pin=R50-1
Added Pin To Net: NetName=NetC41_1 Pin=R51-1
Added Pin To Net: NetName=NetC41_1 Pin=U18-34
Added Net: Name=NetC41_1
Added Pin To Net: NetName=NetC42_1 Pin=C42-1
Added Pin To Net: NetName=NetC42_1 Pin=U18-13
Added Pin To Net: NetName=NetC42_1 Pin=X3-3
Added Net: Name=NetC42_1
Added Pin To Net: NetName=NetC47_2 Pin=C47-2
Added Pin To Net: NetName=NetC47_2 Pin=U18-12
Added Pin To Net: NetName=NetC47_2 Pin=X3-1
Added Net: Name=NetC47_2
Added Pin To Net: NetName=NetC49_1 Pin=C49-1
Added Pin To Net: NetName=NetC49_1 Pin=U18-49
Added Net: Name=NetC49_1
Added Pin To Net: NetName=NetC50_1 Pin=C50-1
Added Pin To Net: NetName=NetC50_1 Pin=U18-73
Added Net: Name=NetC50_1
Added Pin To Net: NetName=NetC57_1 Pin=C57-1
Added Pin To Net: NetName=NetC57_1 Pin=U23-1
Added Net: Name=NetC57_1
Added Pin To Net: NetName=NetC58_1 Pin=C58-1
Added Pin To Net: NetName=NetC58_1 Pin=C61-1
Added Pin To Net: NetName=NetC58_1 Pin=C64-1
Added Pin To Net: NetName=NetC58_1 Pin=C65-1
Added Pin To Net: NetName=NetC58_1 Pin=C72-1
Added Pin To Net: NetName=NetC58_1 Pin=P31-1
Added Pin To Net: NetName=NetC58_1 Pin=R46-2
Added Pin To Net: NetName=NetC58_1 Pin=R47-2
Added Pin To Net: NetName=NetC58_1 Pin=R69-2
Added Pin To Net: NetName=NetC58_1 Pin=R70-2
Added Pin To Net: NetName=NetC58_1 Pin=R71-2
Added Pin To Net: NetName=NetC58_1 Pin=R72-2
Added Pin To Net: NetName=NetC58_1 Pin=R73-2
Added Pin To Net: NetName=NetC58_1 Pin=R200-2
Added Pin To Net: NetName=NetC58_1 Pin=R201-2
Added Pin To Net: NetName=NetC58_1 Pin=R204-2
Added Pin To Net: NetName=NetC58_1 Pin=R205-2
Added Pin To Net: NetName=NetC58_1 Pin=R206-2
Added Pin To Net: NetName=NetC58_1 Pin=R207-2
Added Pin To Net: NetName=NetC58_1 Pin=R208-2
Added Pin To Net: NetName=NetC58_1 Pin=U24-1
Added Pin To Net: NetName=NetC58_1 Pin=U24-10
Added Pin To Net: NetName=NetC58_1 Pin=U25-3
Added Pin To Net: NetName=NetC58_1 Pin=U25-7
Added Pin To Net: NetName=NetC58_1 Pin=U25-8
Added Pin To Net: NetName=NetC58_1 Pin=U30-3
Added Pin To Net: NetName=NetC58_1 Pin=U32-2
Added Pin To Net: NetName=NetC58_1 Pin=U32-19
Added Pin To Net: NetName=NetC58_1 Pin=U34-2
Added Pin To Net: NetName=NetC58_1 Pin=U34-10
Added Pin To Net: NetName=NetC58_1 Pin=U34-19
Added Pin To Net: NetName=NetC58_1 Pin=U37-2
Added Pin To Net: NetName=NetC58_1 Pin=U37-19
Added Pin To Net: NetName=NetC58_1 Pin=U39-2
Added Pin To Net: NetName=NetC58_1 Pin=U39-10
Added Pin To Net: NetName=NetC58_1 Pin=U39-19
Added Net: Name=NetC58_1
Added Pin To Net: NetName=NetC59_1 Pin=C59-1
Added Pin To Net: NetName=NetC59_1 Pin=U22-2
Added Net: Name=NetC59_1
Added Pin To Net: NetName=NetC59_2 Pin=C59-2
Added Pin To Net: NetName=NetC59_2 Pin=U22-3
Added Net: Name=NetC59_2
Added Pin To Net: NetName=NetC60_1 Pin=C60-1
Added Pin To Net: NetName=NetC60_1 Pin=U22-15
Added Net: Name=NetC60_1
Added Pin To Net: NetName=NetC62_2 Pin=C62-2
Added Pin To Net: NetName=NetC62_2 Pin=U31-1
Added Pin To Net: NetName=NetC62_2 Pin=U31-15
Added Pin To Net: NetName=NetC62_2 Pin=U31-16
Added Net: Name=NetC62_2
Added Pin To Net: NetName=NetC66_1 Pin=C66-1
Added Pin To Net: NetName=NetC66_1 Pin=U32-10
Added Net: Name=NetC66_1
Added Pin To Net: NetName=NetC67_2 Pin=C67-2
Added Pin To Net: NetName=NetC67_2 Pin=U38-14
Added Net: Name=NetC67_2
Added Pin To Net: NetName=NetC68_1 Pin=C68-1
Added Pin To Net: NetName=NetC68_1 Pin=R85-2
Added Pin To Net: NetName=NetC68_1 Pin=U36-6
Added Net: Name=NetC68_1
Added Pin To Net: NetName=NetC68_2 Pin=C68-2
Added Pin To Net: NetName=NetC68_2 Pin=R88-1
Added Pin To Net: NetName=NetC68_2 Pin=U36-4
Added Net: Name=NetC68_2
Added Pin To Net: NetName=NetC69_1 Pin=C69-1
Added Pin To Net: NetName=NetC69_1 Pin=L12-2
Added Pin To Net: NetName=NetC69_1 Pin=LED2-1
Added Pin To Net: NetName=NetC69_1 Pin=LED2-1
Added Pin To Net: NetName=NetC69_1 Pin=LED2-2
Added Pin To Net: NetName=NetC69_1 Pin=LED2-3
Added Pin To Net: NetName=NetC69_1 Pin=R150-2
Added Pin To Net: NetName=NetC69_1 Pin=U16-12
Added Pin To Net: NetName=NetC69_1 Pin=U17-7
Added Pin To Net: NetName=NetC69_1 Pin=U17-8
Added Pin To Net: NetName=NetC69_1 Pin=U36-3
Added Pin To Net: NetName=NetC69_1 Pin=U50-7
Added Pin To Net: NetName=NetC69_1 Pin=U50-8
Added Pin To Net: NetName=NetC69_1 Pin=U51-7
Added Pin To Net: NetName=NetC69_1 Pin=U51-8
Added Net: Name=NetC69_1
Added Pin To Net: NetName=NetC73_1 Pin=C73-1
Added Pin To Net: NetName=NetC73_1 Pin=P22-1
Added Pin To Net: NetName=NetC73_1 Pin=R96-1
Added Pin To Net: NetName=NetC73_1 Pin=U36-1
Added Net: Name=NetC73_1
Added Pin To Net: NetName=NetC74_1 Pin=C74-1
Added Pin To Net: NetName=NetC74_1 Pin=U37-10
Added Net: Name=NetC74_1
Added Pin To Net: NetName=NetC?_1 Pin=C?-1
Added Pin To Net: NetName=NetC?_1 Pin=R?-2
Added Pin To Net: NetName=NetC?_1 Pin=U18-21
Added Pin To Net: NetName=NetC?_1 Pin=U18-22
Added Net: Name=NetC?_1
Added Pin To Net: NetName=NetD9_1 Pin=D9-1
Added Net: Name=NetD9_1
Added Pin To Net: NetName=NetD9_2 Pin=D9-2
Added Pin To Net: NetName=NetD9_2 Pin=U21-8
Added Net: Name=NetD9_2
Added Pin To Net: NetName=NetD12_2 Pin=D12-2
Added Pin To Net: NetName=NetD12_2 Pin=L5-1
Added Pin To Net: NetName=NetD12_2 Pin=P7-1
Added Pin To Net: NetName=NetD12_2 Pin=P9-1
Added Net: Name=NetD12_2
Added Pin To Net: NetName=NetD13_4 Pin=R52-2
Added Net: Name=NetD13_4
Added Pin To Net: NetName=NetD14_4 Pin=R53-1
Added Net: Name=NetD14_4
Added Pin To Net: NetName=NetD15_4 Pin=R54-2
Added Net: Name=NetD15_4
Added Pin To Net: NetName=NetD16_4 Pin=R55-2
Added Net: Name=NetD16_4
Added Pin To Net: NetName=NetD17_4 Pin=R56-1
Added Net: Name=NetD17_4
Added Pin To Net: NetName=NetD18_2 Pin=D18-2
Added Pin To Net: NetName=NetD18_2 Pin=L6-1
Added Pin To Net: NetName=NetD18_2 Pin=P11-1
Added Net: Name=NetD18_2
Added Pin To Net: NetName=NetD20_2 Pin=D20-2
Added Pin To Net: NetName=NetD20_2 Pin=L8-1
Added Pin To Net: NetName=NetD20_2 Pin=P16-1
Added Net: Name=NetD20_2
Added Pin To Net: NetName=NetD21_2 Pin=D21-2
Added Pin To Net: NetName=NetD21_2 Pin=R59-1
Added Pin To Net: NetName=NetD21_2 Pin=R61-2
Added Pin To Net: NetName=NetD21_2 Pin=U29-3
Added Net: Name=NetD21_2
Added Pin To Net: NetName=NetD22_2 Pin=D22-2
Added Pin To Net: NetName=NetD22_2 Pin=L10-1
Added Pin To Net: NetName=NetD22_2 Pin=P18-1
Added Net: Name=NetD22_2
Added Pin To Net: NetName=NetD100_2 Pin=D100-2
Added Pin To Net: NetName=NetD100_2 Pin=D101-2
Added Pin To Net: NetName=NetD100_2 Pin=L32-1
Added Net: Name=NetD100_2
Added Pin To Net: NetName=NetD101_1 Pin=D101-1
Added Pin To Net: NetName=NetD101_1 Pin=P30-5
Added Pin To Net: NetName=NetD101_1 Pin=P30-8
Added Pin To Net: NetName=NetD101_1 Pin=P30-11
Added Pin To Net: NetName=NetD101_1 Pin=P30-14
Added Pin To Net: NetName=NetD101_1 Pin=P30-17
Added Pin To Net: NetName=NetD101_1 Pin=P30-20
Added Pin To Net: NetName=NetD101_1 Pin=P30-23
Added Pin To Net: NetName=NetD101_1 Pin=P30-26
Added Pin To Net: NetName=NetD101_1 Pin=P30-29
Added Pin To Net: NetName=NetD101_1 Pin=P30-32
Added Pin To Net: NetName=NetD101_1 Pin=P30-35
Added Pin To Net: NetName=NetD101_1 Pin=P30-38
Added Pin To Net: NetName=NetD101_1 Pin=P30-41
Added Pin To Net: NetName=NetD101_1 Pin=P30-44
Added Pin To Net: NetName=NetD101_1 Pin=P30-47
Added Pin To Net: NetName=NetD101_1 Pin=R131-2
Added Pin To Net: NetName=NetD101_1 Pin=R152-2
Added Pin To Net: NetName=NetD101_1 Pin=U16-20
Added Pin To Net: NetName=NetD101_1 Pin=U17-4
Added Net: Name=NetD101_1
Added Pin To Net: NetName=NetL5_2 Pin=L5-2
Added Pin To Net: NetName=NetL5_2 Pin=L6-2
Added Pin To Net: NetName=NetL5_2 Pin=L8-2
Added Pin To Net: NetName=NetL5_2 Pin=L10-2
Added Pin To Net: NetName=NetL5_2 Pin=L11-1
Added Net: Name=NetL5_2
Added Pin To Net: NetName=NetL7_1 Pin=L7-1
Added Pin To Net: NetName=NetL7_1 Pin=L9-1
Added Net: Name=NetL7_1
Added Pin To Net: NetName=NetL7_2 Pin=L7-2
Added Pin To Net: NetName=NetL7_2 Pin=P12-1
Added Pin To Net: NetName=NetL7_2 Pin=U27-2
Added Net: Name=NetL7_2
Added Pin To Net: NetName=NetL9_2 Pin=L9-2
Added Pin To Net: NetName=NetL9_2 Pin=P17-1
Added Pin To Net: NetName=NetL9_2 Pin=U33-2
Added Net: Name=NetL9_2
Added Pin To Net: NetName=NetL11_2 Pin=L11-2
Added Pin To Net: NetName=NetL11_2 Pin=P20-1
Added Pin To Net: NetName=NetL11_2 Pin=P21-1
Added Pin To Net: NetName=NetL11_2 Pin=U35-2
Added Net: Name=NetL11_2
Added Pin To Net: NetName=NetL12_1 Pin=L12-1
Added Pin To Net: NetName=NetL12_1 Pin=U36-5
Added Net: Name=NetL12_1
Added Pin To Net: NetName=NetL30_1 Pin=L30-1
Added Pin To Net: NetName=NetL30_1 Pin=P100-3
Added Net: Name=NetL30_1
Added Pin To Net: NetName=NetL30_2 Pin=L30-2
Added Pin To Net: NetName=NetL30_2 Pin=R140-2
Added Net: Name=NetL30_2
Added Pin To Net: NetName=NetL31_1 Pin=L31-1
Added Pin To Net: NetName=NetL31_1 Pin=P100-4
Added Net: Name=NetL31_1
Added Pin To Net: NetName=NetL31_2 Pin=L31-2
Added Pin To Net: NetName=NetL31_2 Pin=R139-2
Added Net: Name=NetL31_2
Added Pin To Net: NetName=NetLED2_4 Pin=LED2-4
Added Pin To Net: NetName=NetLED2_4 Pin=LED2-4
Added Pin To Net: NetName=NetLED2_4 Pin=U24-9
Added Net: Name=NetLED2_4
Added Pin To Net: NetName=NetLED2_5 Pin=LED2-5
Added Pin To Net: NetName=NetLED2_5 Pin=U24-8
Added Net: Name=NetLED2_5
Added Pin To Net: NetName=NetLED2_6 Pin=LED2-6
Added Pin To Net: NetName=NetLED2_6 Pin=U24-7
Added Net: Name=NetLED2_6
Added Pin To Net: NetName=NetP7_2 Pin=P7-2
Added Pin To Net: NetName=NetP7_2 Pin=R44-1
Added Net: Name=NetP7_2
Added Pin To Net: NetName=NetP7_3 Pin=P7-3
Added Pin To Net: NetName=NetP7_3 Pin=R43-1
Added Net: Name=NetP7_3
Added Pin To Net: NetName=NetP8_2 Pin=P8-2
Added Pin To Net: NetName=NetP8_2 Pin=R48-1
Added Net: Name=NetP8_2
Added Pin To Net: NetName=NetP8_3 Pin=P8-3
Added Pin To Net: NetName=NetP8_3 Pin=R45-1
Added Pin To Net: NetName=NetP8_3 Pin=U20-41
Added Net: Name=NetP8_3
Added Pin To Net: NetName=NetP9_2 Pin=P9-2
Added Pin To Net: NetName=NetP9_2 Pin=R51-2
Added Net: Name=NetP9_2
Added Pin To Net: NetName=NetP11_2 Pin=P11-2
Added Pin To Net: NetName=NetP11_2 Pin=U18-1
Added Net: Name=NetP11_2
Added Pin To Net: NetName=NetP11_3 Pin=P11-3
Added Pin To Net: NetName=NetP11_3 Pin=U18-4
Added Net: Name=NetP11_3
Added Pin To Net: NetName=NetP11_4 Pin=P11-4
Added Pin To Net: NetName=NetP11_4 Pin=U18-5
Added Net: Name=NetP11_4
Added Pin To Net: NetName=NetP11_5 Pin=P11-5
Added Pin To Net: NetName=NetP11_5 Pin=U18-3
Added Net: Name=NetP11_5
Added Pin To Net: NetName=NetP11_6 Pin=P11-6
Added Pin To Net: NetName=NetP11_6 Pin=U18-8
Added Net: Name=NetP11_6
Added Pin To Net: NetName=NetP12_2 Pin=P12-2
Added Pin To Net: NetName=NetP12_2 Pin=R67-2
Added Net: Name=NetP12_2
Added Pin To Net: NetName=NetP12_3 Pin=P12-3
Added Pin To Net: NetName=NetP12_3 Pin=R66-2
Added Net: Name=NetP12_3
Added Pin To Net: NetName=NetP12_4 Pin=P12-4
Added Pin To Net: NetName=NetP12_4 Pin=R74-2
Added Net: Name=NetP12_4
Added Pin To Net: NetName=NetP12_5 Pin=P12-5
Added Pin To Net: NetName=NetP12_5 Pin=R68-2
Added Net: Name=NetP12_5
Added Pin To Net: NetName=NetP13_1 Pin=R69-1
Added Pin To Net: NetName=NetP13_1 Pin=R204-1
Added Pin To Net: NetName=NetP13_1 Pin=U18-78
Added Net: Name=NetP13_1
Added Pin To Net: NetName=NetP13_2 Pin=R70-1
Added Pin To Net: NetName=NetP13_2 Pin=R205-1
Added Pin To Net: NetName=NetP13_2 Pin=U18-79
Added Net: Name=NetP13_2
Added Pin To Net: NetName=NetP13_3 Pin=R71-1
Added Pin To Net: NetName=NetP13_3 Pin=R206-1
Added Pin To Net: NetName=NetP13_3 Pin=U18-83
Added Net: Name=NetP13_3
Added Pin To Net: NetName=NetP13_5 Pin=U18-80
Added Net: Name=NetP13_5
Added Pin To Net: NetName=NetP13_7 Pin=R72-1
Added Pin To Net: NetName=NetP13_7 Pin=R207-1
Added Pin To Net: NetName=NetP13_7 Pin=U18-65
Added Net: Name=NetP13_7
Added Pin To Net: NetName=NetP13_8 Pin=R73-1
Added Pin To Net: NetName=NetP13_8 Pin=R208-1
Added Pin To Net: NetName=NetP13_8 Pin=U18-66
Added Net: Name=NetP13_8
Added Pin To Net: NetName=NetP15_2 Pin=P15-2
Added Pin To Net: NetName=NetP15_2 Pin=U26-3
Added Pin To Net: NetName=NetP15_2 Pin=U28-3
Added Net: Name=NetP15_2
Added Pin To Net: NetName=NetP15_3 Pin=P15-3
Added Pin To Net: NetName=NetP15_3 Pin=U26-2
Added Pin To Net: NetName=NetP15_3 Pin=U28-1
Added Net: Name=NetP15_3
Added Pin To Net: NetName=NetP16_2 Pin=P16-2
Added Pin To Net: NetName=NetP16_2 Pin=R60-1
Added Pin To Net: NetName=NetP16_2 Pin=U30-7
Added Net: Name=NetP16_2
Added Pin To Net: NetName=NetP16_3 Pin=P16-3
Added Pin To Net: NetName=NetP16_3 Pin=R60-2
Added Pin To Net: NetName=NetP16_3 Pin=U30-6
Added Net: Name=NetP16_3
Added Pin To Net: NetName=NetP17_2 Pin=P17-2
Added Pin To Net: NetName=NetP17_2 Pin=R65-2
Added Net: Name=NetP17_2
Added Pin To Net: NetName=NetP17_3 Pin=P17-3
Added Pin To Net: NetName=NetP17_3 Pin=R64-2
Added Net: Name=NetP17_3
Added Pin To Net: NetName=NetP17_4 Pin=P17-4
Added Pin To Net: NetName=NetP17_4 Pin=R63-2
Added Net: Name=NetP17_4
Added Pin To Net: NetName=NetP17_5 Pin=P17-5
Added Pin To Net: NetName=NetP17_5 Pin=R62-2
Added Net: Name=NetP17_5
Added Pin To Net: NetName=NetP18_2 Pin=P18-2
Added Pin To Net: NetName=NetP18_2 Pin=R75-1
Added Net: Name=NetP18_2
Added Pin To Net: NetName=NetP18_4 Pin=P18-4
Added Pin To Net: NetName=NetP18_4 Pin=R76-1
Added Net: Name=NetP18_4
Added Pin To Net: NetName=NetP20_2 Pin=P20-2
Added Pin To Net: NetName=NetP20_2 Pin=R93-2
Added Net: Name=NetP20_2
Added Pin To Net: NetName=NetP20_3 Pin=P20-3
Added Pin To Net: NetName=NetP20_3 Pin=R92-2
Added Net: Name=NetP20_3
Added Pin To Net: NetName=NetP20_4 Pin=P20-4
Added Pin To Net: NetName=NetP20_4 Pin=R81-2
Added Net: Name=NetP20_4
Added Pin To Net: NetName=NetP20_5 Pin=P20-5
Added Pin To Net: NetName=NetP20_5 Pin=R83-2
Added Net: Name=NetP20_5
Added Pin To Net: NetName=NetP21_2 Pin=P21-2
Added Pin To Net: NetName=NetP21_2 Pin=R90-2
Added Net: Name=NetP21_2
Added Pin To Net: NetName=NetP21_3 Pin=P21-3
Added Pin To Net: NetName=NetP21_3 Pin=R89-2
Added Net: Name=NetP21_3
Added Pin To Net: NetName=NetP21_4 Pin=P21-4
Added Pin To Net: NetName=NetP21_4 Pin=R87-2
Added Net: Name=NetP21_4
Added Pin To Net: NetName=NetP21_5 Pin=P21-5
Added Pin To Net: NetName=NetP21_5 Pin=R86-2
Added Net: Name=NetP21_5
Added Pin To Net: NetName=NetP25_3 Pin=P25-3
Added Pin To Net: NetName=NetP25_3 Pin=U18-90
Added Pin To Net: NetName=NetP25_3 Pin=U22-11
Added Net: Name=NetP25_3
Added Pin To Net: NetName=NetP25_4 Pin=P25-4
Added Pin To Net: NetName=NetP25_4 Pin=U18-91
Added Pin To Net: NetName=NetP25_4 Pin=U22-9
Added Net: Name=NetP25_4
Added Pin To Net: NetName=NetP25_5 Pin=P25-5
Added Pin To Net: NetName=NetP25_5 Pin=U31-6
Added Pin To Net: NetName=NetP25_5 Pin=U38-6
Added Net: Name=NetP25_5
Added Pin To Net: NetName=NetP25_6 Pin=P25-6
Added Pin To Net: NetName=NetP25_6 Pin=U18-9
Added Net: Name=NetP25_6
Added Pin To Net: NetName=NetP25_7 Pin=P25-7
Added Pin To Net: NetName=NetP25_7 Pin=U18-7
Added Net: Name=NetP25_7
Added Pin To Net: NetName=NetP25_8 Pin=P25-8
Added Pin To Net: NetName=NetP25_8 Pin=U18-32
Added Pin To Net: NetName=NetP25_8 Pin=U22-6
Added Pin To Net: NetName=NetP25_8 Pin=U23-7
Added Pin To Net: NetName=NetP25_8 Pin=U31-3
Added Pin To Net: NetName=NetP25_8 Pin=U38-3
Added Net: Name=NetP25_8
Added Pin To Net: NetName=NetP25_9 Pin=P25-9
Added Pin To Net: NetName=NetP25_9 Pin=U18-31
Added Pin To Net: NetName=NetP25_9 Pin=U22-7
Added Pin To Net: NetName=NetP25_9 Pin=U23-6
Added Pin To Net: NetName=NetP25_9 Pin=U31-4
Added Pin To Net: NetName=NetP25_9 Pin=U38-4
Added Net: Name=NetP25_9
Added Pin To Net: NetName=NetP25_10 Pin=P25-10
Added Pin To Net: NetName=NetP25_10 Pin=U18-30
Added Pin To Net: NetName=NetP25_10 Pin=U22-4
Added Pin To Net: NetName=NetP25_10 Pin=U23-8
Added Pin To Net: NetName=NetP25_10 Pin=U31-2
Added Pin To Net: NetName=NetP25_10 Pin=U38-2
Added Net: Name=NetP25_10
Added Pin To Net: NetName=NetP30_1 Pin=P30-1
Added Pin To Net: NetName=NetP30_1 Pin=R58-2
Added Net: Name=NetP30_1
Added Pin To Net: NetName=NetP30_4 Pin=P30-4
Added Pin To Net: NetName=NetP30_4 Pin=R59-2
Added Net: Name=NetP30_4
Added Pin To Net: NetName=NetP30_7 Pin=P30-7
Added Pin To Net: NetName=NetP30_7 Pin=R94-2
Added Net: Name=NetP30_7
Added Pin To Net: NetName=NetP30_10 Pin=P30-10
Added Pin To Net: NetName=NetP30_10 Pin=R97-2
Added Net: Name=NetP30_10
Added Pin To Net: NetName=NetP30_13 Pin=P30-13
Added Pin To Net: NetName=NetP30_13 Pin=R98-2
Added Net: Name=NetP30_13
Added Pin To Net: NetName=NetP30_16 Pin=P30-16
Added Pin To Net: NetName=NetP30_16 Pin=R99-2
Added Net: Name=NetP30_16
Added Pin To Net: NetName=NetP30_19 Pin=P30-19
Added Pin To Net: NetName=NetP30_19 Pin=R100-2
Added Net: Name=NetP30_19
Added Pin To Net: NetName=NetP30_22 Pin=P30-22
Added Pin To Net: NetName=NetP30_22 Pin=R101-2
Added Net: Name=NetP30_22
Added Pin To Net: NetName=NetP30_28 Pin=P30-28
Added Pin To Net: NetName=NetP30_28 Pin=R103-2
Added Net: Name=NetP30_28
Added Pin To Net: NetName=NetP30_31 Pin=P30-31
Added Pin To Net: NetName=NetP30_31 Pin=R77-2
Added Net: Name=NetP30_31
Added Pin To Net: NetName=NetP30_34 Pin=P30-34
Added Pin To Net: NetName=NetP30_34 Pin=R78-2
Added Pin To Net: NetName=NetP30_34 Pin=R80-2
Added Net: Name=NetP30_34
Added Pin To Net: NetName=NetP30_37 Pin=P30-37
Added Pin To Net: NetName=NetP30_37 Pin=R79-2
Added Net: Name=NetP30_37
Added Pin To Net: NetName=NetP30_40 Pin=P30-40
Added Net: Name=NetP30_40
Added Pin To Net: NetName=NetP30_43 Pin=P30-43
Added Pin To Net: NetName=NetP30_43 Pin=R82-2
Added Net: Name=NetP30_43
Added Pin To Net: NetName=NetP30_46 Pin=P30-46
Added Pin To Net: NetName=NetP30_46 Pin=R84-2
Added Net: Name=NetP30_46
Added Pin To Net: NetName=NetP31_2 Pin=P31-2
Added Pin To Net: NetName=NetP31_2 Pin=P32-2
Added Net: Name=NetP31_2
Added Pin To Net: NetName=NetP31_4 Pin=P31-4
Added Pin To Net: NetName=NetP31_4 Pin=P32-4
Added Net: Name=NetP31_4
Added Pin To Net: NetName=NetP31_6 Pin=P31-6
Added Pin To Net: NetName=NetP31_6 Pin=P32-6
Added Pin To Net: NetName=NetP31_6 Pin=U18-89
Added Net: Name=NetP31_6
Added Pin To Net: NetName=NetP100_1 Pin=P100-1
Added Pin To Net: NetName=NetP100_1 Pin=P100-2
Added Pin To Net: NetName=NetP100_1 Pin=U16-17
Added Pin To Net: NetName=NetP100_1 Pin=U51-1
Added Pin To Net: NetName=NetP100_1 Pin=U51-3
Added Net: Name=NetP100_1
Added Pin To Net: NetName=NetP103_1 Pin=R37-1
Added Pin To Net: NetName=NetP103_1 Pin=U20-30
Added Net: Name=NetP103_1
Added Pin To Net: NetName=NetP103_2 Pin=U20-31
Added Net: Name=NetP103_2
Added Pin To Net: NetName=NetR36_1 Pin=R36-1
Added Pin To Net: NetName=NetR36_1 Pin=U19-5
Added Net: Name=NetR36_1
Added Pin To Net: NetName=NetR37_2 Pin=R37-2
Added Pin To Net: NetName=NetR37_2 Pin=U18-69
Added Net: Name=NetR37_2
Added Pin To Net: NetName=NetR39_1 Pin=R39-1
Added Pin To Net: NetName=NetR39_1 Pin=U21-7
Added Net: Name=NetR39_1
Added Pin To Net: NetName=NetR40_2 Pin=R40-2
Added Pin To Net: NetName=NetR40_2 Pin=U20-44
Added Net: Name=NetR40_2
Added Pin To Net: NetName=NetR43_2 Pin=R43-2
Added Pin To Net: NetName=NetR43_2 Pin=R46-1
Added Pin To Net: NetName=NetR43_2 Pin=U18-96
Added Net: Name=NetR43_2
Added Pin To Net: NetName=NetR44_2 Pin=R44-2
Added Pin To Net: NetName=NetR44_2 Pin=R47-1
Added Pin To Net: NetName=NetR44_2 Pin=U18-95
Added Net: Name=NetR44_2
Added Pin To Net: NetName=NetR48_2 Pin=R48-2
Added Pin To Net: NetName=NetR48_2 Pin=U20-26
Added Net: Name=NetR48_2
Added Pin To Net: NetName=NetR49_2 Pin=R49-2
Added Pin To Net: NetName=NetR49_2 Pin=U18-94
Added Net: Name=NetR49_2
Added Pin To Net: NetName=NetR53_2 Pin=R53-2
Added Pin To Net: NetName=NetR53_2 Pin=U18-43
Added Net: Name=NetR53_2
Added Pin To Net: NetName=NetR54_1 Pin=R54-1
Added Pin To Net: NetName=NetR54_1 Pin=U20-27
Added Net: Name=NetR54_1
Added Pin To Net: NetName=NetR56_2 Pin=R56-2
Added Pin To Net: NetName=NetR56_2 Pin=U20-28
Added Net: Name=NetR56_2
Added Pin To Net: NetName=NetR57_2 Pin=R57-2
Added Pin To Net: NetName=NetR57_2 Pin=U24-6
Added Net: Name=NetR57_2
Added Pin To Net: NetName=NetR61_1 Pin=R61-1
Added Pin To Net: NetName=NetR61_1 Pin=U20-15
Added Pin To Net: NetName=NetR61_1 Pin=U20-33
Added Net: Name=NetR61_1
Added Pin To Net: NetName=NetR62_1 Pin=R62-1
Added Pin To Net: NetName=NetR62_1 Pin=U32-20
Added Net: Name=NetR62_1
Added Pin To Net: NetName=NetR63_1 Pin=R63-1
Added Pin To Net: NetName=NetR63_1 Pin=U32-18
Added Net: Name=NetR63_1
Added Pin To Net: NetName=NetR64_1 Pin=R64-1
Added Pin To Net: NetName=NetR64_1 Pin=U32-17
Added Net: Name=NetR64_1
Added Pin To Net: NetName=NetR65_1 Pin=R65-1
Added Pin To Net: NetName=NetR65_1 Pin=U32-16
Added Net: Name=NetR65_1
Added Pin To Net: NetName=NetR66_1 Pin=R66-1
Added Pin To Net: NetName=NetR66_1 Pin=U32-15
Added Net: Name=NetR66_1
Added Pin To Net: NetName=NetR67_1 Pin=R67-1
Added Pin To Net: NetName=NetR67_1 Pin=U32-14
Added Net: Name=NetR67_1
Added Pin To Net: NetName=NetR68_1 Pin=R68-1
Added Pin To Net: NetName=NetR68_1 Pin=U32-13
Added Net: Name=NetR68_1
Added Pin To Net: NetName=NetR74_1 Pin=R74-1
Added Pin To Net: NetName=NetR74_1 Pin=U32-12
Added Net: Name=NetR74_1
Added Pin To Net: NetName=NetR75_2 Pin=R75-2
Added Pin To Net: NetName=NetR75_2 Pin=U18-33
Added Net: Name=NetR75_2
Added Pin To Net: NetName=NetR76_2 Pin=R76-2
Added Pin To Net: NetName=NetR76_2 Pin=U18-18
Added Net: Name=NetR76_2
Added Pin To Net: NetName=NetR77_1 Pin=R77-1
Added Pin To Net: NetName=NetR77_1 Pin=U34-20
Added Net: Name=NetR77_1
Added Pin To Net: NetName=NetR78_1 Pin=R78-1
Added Pin To Net: NetName=NetR78_1 Pin=U34-18
Added Net: Name=NetR78_1
Added Pin To Net: NetName=NetR79_1 Pin=R79-1
Added Pin To Net: NetName=NetR79_1 Pin=U34-17
Added Net: Name=NetR79_1
Added Pin To Net: NetName=NetR80_1 Pin=R80-1
Added Pin To Net: NetName=NetR80_1 Pin=U34-16
Added Net: Name=NetR80_1
Added Pin To Net: NetName=NetR81_1 Pin=R81-1
Added Pin To Net: NetName=NetR81_1 Pin=U18-92
Added Net: Name=NetR81_1
Added Pin To Net: NetName=NetR82_1 Pin=R82-1
Added Pin To Net: NetName=NetR82_1 Pin=U34-15
Added Net: Name=NetR82_1
Added Pin To Net: NetName=NetR83_1 Pin=R83-1
Added Pin To Net: NetName=NetR83_1 Pin=U18-51
Added Net: Name=NetR83_1
Added Pin To Net: NetName=NetR84_1 Pin=R84-1
Added Pin To Net: NetName=NetR84_1 Pin=U34-14
Added Net: Name=NetR84_1
Added Pin To Net: NetName=NetR85_1 Pin=R85-1
Added Pin To Net: NetName=NetR85_1 Pin=R88-2
Added Pin To Net: NetName=NetR85_1 Pin=U36-2
Added Net: Name=NetR85_1
Added Pin To Net: NetName=NetR86_1 Pin=R86-1
Added Pin To Net: NetName=NetR86_1 Pin=U37-17
Added Net: Name=NetR86_1
Added Pin To Net: NetName=NetR87_1 Pin=R87-1
Added Pin To Net: NetName=NetR87_1 Pin=U37-16
Added Net: Name=NetR87_1
Added Pin To Net: NetName=NetR89_1 Pin=R89-1
Added Pin To Net: NetName=NetR89_1 Pin=U37-15
Added Net: Name=NetR89_1
Added Pin To Net: NetName=NetR90_1 Pin=R90-1
Added Pin To Net: NetName=NetR90_1 Pin=U37-14
Added Net: Name=NetR90_1
Added Pin To Net: NetName=NetR91_1 Pin=R91-1
Added Pin To Net: NetName=NetR91_1 Pin=U36-7
Added Net: Name=NetR91_1
Added Pin To Net: NetName=NetR91_2 Pin=R91-2
Added Pin To Net: NetName=NetR91_2 Pin=U18-77
Added Net: Name=NetR91_2
Added Pin To Net: NetName=NetR92_1 Pin=R92-1
Added Pin To Net: NetName=NetR92_1 Pin=U37-13
Added Net: Name=NetR92_1
Added Pin To Net: NetName=NetR93_1 Pin=R93-1
Added Pin To Net: NetName=NetR93_1 Pin=U37-12
Added Net: Name=NetR93_1
Added Pin To Net: NetName=NetR94_1 Pin=R94-1
Added Pin To Net: NetName=NetR94_1 Pin=U39-20
Added Net: Name=NetR94_1
Added Pin To Net: NetName=NetR95_1 Pin=R95-1
Added Pin To Net: NetName=NetR95_1 Pin=R96-2
Added Pin To Net: NetName=NetR95_1 Pin=U36-8
Added Net: Name=NetR95_1
Added Pin To Net: NetName=NetR97_1 Pin=R97-1
Added Pin To Net: NetName=NetR97_1 Pin=U39-18
Added Net: Name=NetR97_1
Added Pin To Net: NetName=NetR98_1 Pin=R98-1
Added Pin To Net: NetName=NetR98_1 Pin=U39-17
Added Net: Name=NetR98_1
Added Pin To Net: NetName=NetR99_1 Pin=R99-1
Added Pin To Net: NetName=NetR99_1 Pin=U39-16
Added Net: Name=NetR99_1
Added Pin To Net: NetName=NetR100_1 Pin=R100-1
Added Pin To Net: NetName=NetR100_1 Pin=U39-15
Added Net: Name=NetR100_1
Added Pin To Net: NetName=NetR101_1 Pin=R101-1
Added Pin To Net: NetName=NetR101_1 Pin=U39-14
Added Net: Name=NetR101_1
Added Pin To Net: NetName=NetR102_1 Pin=R102-1
Added Pin To Net: NetName=NetR102_1 Pin=U39-13
Added Net: Name=NetR102_1
Added Pin To Net: NetName=NetR103_1 Pin=R103-1
Added Pin To Net: NetName=NetR103_1 Pin=U39-12
Added Net: Name=NetR103_1
Added Pin To Net: NetName=NetR130_1 Pin=R130-1
Added Pin To Net: NetName=NetR130_1 Pin=R133-2
Added Pin To Net: NetName=NetR130_1 Pin=U16-1
Added Net: Name=NetR130_1
Added Pin To Net: NetName=NetR130_2 Pin=R130-2
Added Pin To Net: NetName=NetR130_2 Pin=U16-21
Added Net: Name=NetR130_2
Added Pin To Net: NetName=NetR131_1 Pin=R131-1
Added Pin To Net: NetName=NetR131_1 Pin=R134-2
Added Pin To Net: NetName=NetR131_1 Pin=U16-3
Added Net: Name=NetR131_1
Added Pin To Net: NetName=NetR132_1 Pin=R132-1
Added Pin To Net: NetName=NetR132_1 Pin=R135-2
Added Pin To Net: NetName=NetR132_1 Pin=U16-5
Added Net: Name=NetR132_1
Added Pin To Net: NetName=NetR132_2 Pin=R132-2
Added Pin To Net: NetName=NetR132_2 Pin=U16-19
Added Pin To Net: NetName=NetR132_2 Pin=U18-68
Added Pin To Net: NetName=NetR132_2 Pin=U26-1
Added Pin To Net: NetName=NetR132_2 Pin=U28-5
Added Pin To Net: NetName=NetR132_2 Pin=U50-4
Added Net: Name=NetR132_2
Added Pin To Net: NetName=NetR133_1 Pin=R133-1
Added Pin To Net: NetName=NetR133_1 Pin=R136-2
Added Pin To Net: NetName=NetR133_1 Pin=U16-2
Added Net: Name=NetR133_1
Added Pin To Net: NetName=NetR134_1 Pin=R134-1
Added Pin To Net: NetName=NetR134_1 Pin=R137-2
Added Pin To Net: NetName=NetR134_1 Pin=U16-4
Added Net: Name=NetR134_1
Added Pin To Net: NetName=NetR135_1 Pin=R135-1
Added Pin To Net: NetName=NetR135_1 Pin=R138-2
Added Pin To Net: NetName=NetR135_1 Pin=U16-6
Added Net: Name=NetR135_1
Added Pin To Net: NetName=NetR139_1 Pin=R139-1
Added Pin To Net: NetName=NetR139_1 Pin=U18-25
Added Net: Name=NetR139_1
Added Pin To Net: NetName=NetR140_1 Pin=R140-1
Added Pin To Net: NetName=NetR140_1 Pin=U18-26
Added Net: Name=NetR140_1
Added Pin To Net: NetName=NetR150_1 Pin=R150-1
Added Pin To Net: NetName=NetR150_1 Pin=R151-1
Added Pin To Net: NetName=NetR150_1 Pin=U18-29
Added Net: Name=NetR150_1
Added Pin To Net: NetName=NetR152_1 Pin=R152-1
Added Pin To Net: NetName=NetR152_1 Pin=R153-2
Added Net: Name=NetR152_1
Added Pin To Net: NetName=NetR153_1 Pin=R153-1
Added Pin To Net: NetName=NetR153_1 Pin=R154-2
Added Net: Name=NetR153_1
Added Pin To Net: NetName=NetR200_1 Pin=R200-1
Added Pin To Net: NetName=NetR200_1 Pin=U18-48
Added Pin To Net: NetName=NetR200_1 Pin=U24-2
Added Net: Name=NetR200_1
Added Pin To Net: NetName=NetR201_1 Pin=R201-1
Added Pin To Net: NetName=NetR201_1 Pin=U18-47
Added Pin To Net: NetName=NetR201_1 Pin=U24-3
Added Net: Name=NetR201_1
Added Pin To Net: NetName=NetU16_7 Pin=U16-7
Added Net: Name=NetU16_7
Added Pin To Net: NetName=NetU16_8 Pin=U16-8
Added Pin To Net: NetName=NetU16_8 Pin=U18-93
Added Net: Name=NetU16_8
Added Pin To Net: NetName=NetU16_9 Pin=U16-9
Added Net: Name=NetU16_9
Added Pin To Net: NetName=NetU16_13 Pin=U16-13
Added Pin To Net: NetName=NetU16_13 Pin=U50-1
Added Pin To Net: NetName=NetU16_13 Pin=U50-3
Added Net: Name=NetU16_13
Added Pin To Net: NetName=NetU16_14 Pin=U16-14
Added Pin To Net: NetName=NetU16_14 Pin=U50-2
Added Pin To Net: NetName=NetU16_14 Pin=U50-5
Added Pin To Net: NetName=NetU16_14 Pin=U50-6
Added Net: Name=NetU16_14
Added Pin To Net: NetName=NetU16_15 Pin=U16-15
Added Pin To Net: NetName=NetU16_15 Pin=U17-1
Added Pin To Net: NetName=NetU16_15 Pin=U17-3
Added Net: Name=NetU16_15
Added Pin To Net: NetName=NetU16_16 Pin=U16-16
Added Pin To Net: NetName=NetU16_16 Pin=U17-2
Added Pin To Net: NetName=NetU16_16 Pin=U17-5
Added Pin To Net: NetName=NetU16_16 Pin=U17-6
Added Net: Name=NetU16_16
Added Pin To Net: NetName=NetU16_18 Pin=U16-18
Added Pin To Net: NetName=NetU16_18 Pin=U51-2
Added Pin To Net: NetName=NetU16_18 Pin=U51-5
Added Pin To Net: NetName=NetU16_18 Pin=U51-6
Added Net: Name=NetU16_18
Added Pin To Net: NetName=NetU18_2 Pin=U18-2
Added Net: Name=NetU18_2
Added Pin To Net: NetName=NetU18_20 Pin=U18-20
Added Net: Name=NetU18_20
Added Pin To Net: NetName=NetU18_23 Pin=U18-23
Added Pin To Net: NetName=NetU18_23 Pin=U37-9
Added Net: Name=NetU18_23
Added Pin To Net: NetName=NetU18_24 Pin=U18-24
Added Pin To Net: NetName=NetU18_24 Pin=U37-8
Added Net: Name=NetU18_24
Added Pin To Net: NetName=NetU18_35 Pin=U18-35
Added Net: Name=NetU18_35
Added Pin To Net: NetName=NetU18_36 Pin=U18-36
Added Net: Name=NetU18_36
Added Pin To Net: NetName=NetU18_37 Pin=U18-37
Added Net: Name=NetU18_37
Added Pin To Net: NetName=NetU18_38 Pin=U18-38
Added Pin To Net: NetName=NetU18_38 Pin=U37-4
Added Net: Name=NetU18_38
Added Pin To Net: NetName=NetU18_39 Pin=U18-39
Added Pin To Net: NetName=NetU18_39 Pin=U37-5
Added Net: Name=NetU18_39
Added Pin To Net: NetName=NetU18_40 Pin=U18-40
Added Pin To Net: NetName=NetU18_40 Pin=U34-4
Added Net: Name=NetU18_40
Added Pin To Net: NetName=NetU18_41 Pin=U18-41
Added Net: Name=NetU18_41
Added Pin To Net: NetName=NetU18_42 Pin=U18-42
Added Pin To Net: NetName=NetU18_42 Pin=U34-5
Added Net: Name=NetU18_42
Added Pin To Net: NetName=NetU18_44 Pin=U18-44
Added Pin To Net: NetName=NetU18_44 Pin=U34-6
Added Net: Name=NetU18_44
Added Pin To Net: NetName=NetU18_45 Pin=U18-45
Added Pin To Net: NetName=NetU18_45 Pin=U34-7
Added Net: Name=NetU18_45
Added Pin To Net: NetName=NetU18_46 Pin=U18-46
Added Net: Name=NetU18_46
Added Pin To Net: NetName=NetU18_52 Pin=U18-52
Added Pin To Net: NetName=NetU18_52 Pin=U25-1
Added Net: Name=NetU18_52
Added Pin To Net: NetName=NetU18_53 Pin=U18-53
Added Pin To Net: NetName=NetU18_53 Pin=U25-2
Added Net: Name=NetU18_53
Added Pin To Net: NetName=NetU18_54 Pin=U18-54
Added Pin To Net: NetName=NetU18_54 Pin=U25-5
Added Net: Name=NetU18_54
Added Pin To Net: NetName=NetU18_55 Pin=U18-55
Added Pin To Net: NetName=NetU18_55 Pin=U32-5
Added Net: Name=NetU18_55
Added Pin To Net: NetName=NetU18_56 Pin=U18-56
Added Pin To Net: NetName=NetU18_56 Pin=U32-4
Added Net: Name=NetU18_56
Added Pin To Net: NetName=NetU18_57 Pin=U18-57
Added Net: Name=NetU18_57
Added Pin To Net: NetName=NetU18_58 Pin=U18-58
Added Pin To Net: NetName=NetU18_58 Pin=U32-3
Added Net: Name=NetU18_58
Added Pin To Net: NetName=NetU18_59 Pin=U18-59
Added Pin To Net: NetName=NetU18_59 Pin=U32-1
Added Net: Name=NetU18_59
Added Pin To Net: NetName=NetU18_60 Pin=U18-60
Added Pin To Net: NetName=NetU18_60 Pin=U34-3
Added Net: Name=NetU18_60
Added Pin To Net: NetName=NetU18_61 Pin=U18-61
Added Pin To Net: NetName=NetU18_61 Pin=U34-1
Added Net: Name=NetU18_61
Added Pin To Net: NetName=NetU18_63 Pin=U18-63
Added Net: Name=NetU18_63
Added Pin To Net: NetName=NetU18_64 Pin=U18-64
Added Net: Name=NetU18_64
Added Pin To Net: NetName=NetU18_67 Pin=U18-67
Added Net: Name=NetU18_67
Added Pin To Net: NetName=NetU18_70 Pin=U18-70
Added Net: Name=NetU18_70
Added Pin To Net: NetName=NetU18_71 Pin=U18-71
Added Pin To Net: NetName=NetU18_71 Pin=U28-6
Added Net: Name=NetU18_71
Added Pin To Net: NetName=NetU18_76 Pin=U18-76
Added Net: Name=NetU18_76
Added Pin To Net: NetName=NetU18_81 Pin=U18-81
Added Pin To Net: NetName=NetU18_81 Pin=U30-4
Added Net: Name=NetU18_81
Added Pin To Net: NetName=NetU18_82 Pin=U18-82
Added Pin To Net: NetName=NetU18_82 Pin=U30-1
Added Net: Name=NetU18_82
Added Pin To Net: NetName=NetU18_84 Pin=U18-84
Added Pin To Net: NetName=NetU18_84 Pin=U32-9
Added Net: Name=NetU18_84
Added Pin To Net: NetName=NetU18_85 Pin=U18-85
Added Pin To Net: NetName=NetU18_85 Pin=U32-8
Added Net: Name=NetU18_85
Added Pin To Net: NetName=NetU18_86 Pin=U18-86
Added Pin To Net: NetName=NetU18_86 Pin=U32-7
Added Net: Name=NetU18_86
Added Pin To Net: NetName=NetU18_87 Pin=U18-87
Added Pin To Net: NetName=NetU18_87 Pin=U32-6
Added Net: Name=NetU18_87
Added Pin To Net: NetName=NetU18_88 Pin=U18-88
Added Net: Name=NetU18_88
Added Pin To Net: NetName=NetU18_97 Pin=U18-97
Added Pin To Net: NetName=NetU18_97 Pin=U37-6
Added Net: Name=NetU18_97
Added Pin To Net: NetName=NetU18_98 Pin=U18-98
Added Pin To Net: NetName=NetU18_98 Pin=U37-7
Added Net: Name=NetU18_98
Added Pin To Net: NetName=NetU19_3 Pin=U19-3
Added Net: Name=NetU19_3
Added Pin To Net: NetName=NetU20_2 Pin=U20-2
Added Net: Name=NetU20_2
Added Pin To Net: NetName=NetU20_10 Pin=U20-10
Added Pin To Net: NetName=NetU20_10 Pin=U39-9
Added Net: Name=NetU20_10
Added Pin To Net: NetName=NetU20_11 Pin=U20-11
Added Pin To Net: NetName=NetU20_11 Pin=U39-8
Added Net: Name=NetU20_11
Added Pin To Net: NetName=NetU20_14 Pin=U20-14
Added Net: Name=NetU20_14
Added Pin To Net: NetName=NetU20_16 Pin=U20-16
Added Pin To Net: NetName=NetU20_16 Pin=U39-5
Added Net: Name=NetU20_16
Added Pin To Net: NetName=NetU20_17 Pin=U20-17
Added Pin To Net: NetName=NetU20_17 Pin=U39-4
Added Net: Name=NetU20_17
Added Pin To Net: NetName=NetU20_18 Pin=U20-18
Added Pin To Net: NetName=NetU20_18 Pin=U39-3
Added Net: Name=NetU20_18
Added Pin To Net: NetName=NetU20_19 Pin=U20-19
Added Pin To Net: NetName=NetU20_19 Pin=U39-1
Added Net: Name=NetU20_19
Added Pin To Net: NetName=NetU20_20 Pin=U20-20
Added Net: Name=NetU20_20
Added Pin To Net: NetName=NetU20_21 Pin=U20-21
Added Pin To Net: NetName=NetU20_21 Pin=U29-5
Added Net: Name=NetU20_21
Added Pin To Net: NetName=NetU20_22 Pin=U20-22
Added Pin To Net: NetName=NetU20_22 Pin=U29-6
Added Net: Name=NetU20_22
Added Pin To Net: NetName=NetU20_34 Pin=U20-34
Added Net: Name=NetU20_34
Added Pin To Net: NetName=NetU20_37 Pin=U20-37
Added Net: Name=NetU20_37
Added Pin To Net: NetName=NetU20_38 Pin=U20-38
Added Net: Name=NetU20_38
Added Pin To Net: NetName=NetU20_39 Pin=U20-39
Added Net: Name=NetU20_39
Added Pin To Net: NetName=NetU20_40 Pin=U20-40
Added Net: Name=NetU20_40
Added Pin To Net: NetName=NetU20_45 Pin=U20-45
Added Pin To Net: NetName=NetU20_45 Pin=U39-7
Added Net: Name=NetU20_45
Added Pin To Net: NetName=NetU20_46 Pin=U20-46
Added Pin To Net: NetName=NetU20_46 Pin=U39-6
Added Net: Name=NetU20_46
Added Pin To Net: NetName=NetU21_4 Pin=U21-4
Added Net: Name=NetU21_4
Added Pin To Net: NetName=NetU22_8 Pin=U22-8
Added Net: Name=NetU22_8
Added Pin To Net: NetName=NetU23_5 Pin=U23-5
Added Pin To Net: NetName=NetU23_5 Pin=U31-5
Added Pin To Net: NetName=NetU23_5 Pin=U38-5
Added Net: Name=NetU23_5
Added Pin To Net: NetName=NetU24_4 Pin=U24-4
Added Net: Name=NetU24_4
Added Pin To Net: NetName=NetU25_6 Pin=U25-6
Added Net: Name=NetU25_6
Added Pin To Net: NetName=NetU28_4 Pin=U28-4
Added Net: Name=NetU28_4
Added Pin To Net: NetName=NetU29_7 Pin=U29-7
Added Net: Name=NetU29_7
Added Pin To Net: NetName=OSC_IN1 Pin=C48-2
Added Pin To Net: NetName=OSC_IN1 Pin=U20-5
Added Pin To Net: NetName=OSC_IN1 Pin=X4-1
Added Net: Name=OSC_IN1
Added Pin To Net: NetName=OSC_OUT1 Pin=C43-1
Added Pin To Net: NetName=OSC_OUT1 Pin=U20-6
Added Pin To Net: NetName=OSC_OUT1 Pin=X4-3
Added Net: Name=OSC_OUT1
Added Class: Name=PX4FMUV2.3_SCH_PROJECT
Added Room: Name=PX4FMUV2.3_SCH_PROJECT
