Removed Pin From Net: NetName=GND Pin=C44-1
Removed Pin From Net: NetName=GND Pin=C45-1
Removed Pin From Net: NetName=GND Pin=C46-1
Removed Pin From Net: NetName=GND Pin=L7-3
Removed Pin From Net: NetName=GND Pin=P12-6
Removed Pin From Net: NetName=GND Pin=U20-9
Removed Pin From Net: NetName=GND Pin=U20-24
Removed Pin From Net: NetName=GND Pin=U20-36
Removed Pin From Net: NetName=GND Pin=U20-48
Removed Pin From Net: NetName=GND Pin=U27-1
Change Component Designator: OldDesignator=B? NewDesignator=B1
Change Component Designator: OldDesignator=C? NewDesignator=C1
Change Component Designator: OldDesignator=R? NewDesignator=R1
Change Net Name : Old Net Name=NetB?_1 New Net Name=NetB1_1
Change Net Name : Old Net Name=NetC?_1 New Net Name=NetC1_1
Added Pin To Net: NetName=NetC44_1 Pin=C44-1
Added Pin To Net: NetName=NetC44_1 Pin=C45-1
Added Pin To Net: NetName=NetC44_1 Pin=C46-1
Added Pin To Net: NetName=NetC44_1 Pin=U20-9
Added Pin To Net: NetName=NetC44_1 Pin=U20-24
Added Pin To Net: NetName=NetC44_1 Pin=U20-36
Added Pin To Net: NetName=NetC44_1 Pin=U20-48
Added Net: Name=NetC44_1
Added Pin To Net: NetName=NetL7_3 Pin=L7-3
Added Pin To Net: NetName=NetL7_3 Pin=P12-6
Added Pin To Net: NetName=NetL7_3 Pin=U27-1
Added Net: Name=NetL7_3
Added Room: Name=PX4FMUV2.3_SCH_PROJECT
