Added Component: Designator=C1(C0402)
Add component. Clean all parameters for all variants
Added Component: Designator=C2(C0402)
Add component. Clean all parameters for all variants
Added Component: Designator=C3(C0402)
Add component. Clean all parameters for all variants
Added Component: Designator=C4(C0402)
Add component. Clean all parameters for all variants
Added Component: Designator=C5(C0402)
Add component. Clean all parameters for all variants
Added Component: Designator=C6(C0402)
Add component. Clean all parameters for all variants
Added Component: Designator=C7(C0402)
Add component. Clean all parameters for all variants
Added Component: Designator=C8(C0402)
Add component. Clean all parameters for all variants
Added Component: Designator=C9(C0402)
Add component. Clean all parameters for all variants
Added Component: Designator=C10(C0402)
Add component. Clean all parameters for all variants
Added Component: Designator=C11(C0402)
Add component. Clean all parameters for all variants
Added Component: Designator=C12(C0402)
Add component. Clean all parameters for all variants
Added Component: Designator=C13(C0402)
Add component. Clean all parameters for all variants
Added Component: Designator=C14(CD B(3528))
Add component. Clean all parameters for all variants
Added Component: Designator=C15(C0402)
Add component. Clean all parameters for all variants
Added Component: Designator=C16(C0402)
Add component. Clean all parameters for all variants
Added Component: Designator=C17(C0402)
Add component. Clean all parameters for all variants
Added Component: Designator=C18(C0402)
Add component. Clean all parameters for all variants
Added Component: Designator=C19(C0402)
Add component. Clean all parameters for all variants
Added Component: Designator=C20(CD B(3528))
Add component. Clean all parameters for all variants
Added Component: Designator=C21(CD B(3528))
Add component. Clean all parameters for all variants
Added Component: Designator=C22(C0402)
Add component. Clean all parameters for all variants
Added Component: Designator=C23(C0402)
Add component. Clean all parameters for all variants
Added Component: Designator=C24(C0402)
Add component. Clean all parameters for all variants
Added Component: Designator=C25(C0402)
Add component. Clean all parameters for all variants
Added Component: Designator=C26(C0402)
Add component. Clean all parameters for all variants
Added Component: Designator=C27(CD B(3528))
Add component. Clean all parameters for all variants
Added Component: Designator=C28(C0402)
Add component. Clean all parameters for all variants
Added Component: Designator=C29(C0402)
Add component. Clean all parameters for all variants
Added Component: Designator=C30(C0402)
Add component. Clean all parameters for all variants
Added Component: Designator=C31(C0402)
Add component. Clean all parameters for all variants
Added Component: Designator=C32(C0402)
Add component. Clean all parameters for all variants
Added Component: Designator=C33(C0402)
Add component. Clean all parameters for all variants
Added Component: Designator=C34(C0402)
Add component. Clean all parameters for all variants
Added Component: Designator=C35(C0402)
Add component. Clean all parameters for all variants
Added Component: Designator=C36(CD B(3528))
Add component. Clean all parameters for all variants
Added Component: Designator=C37(C0402)
Add component. Clean all parameters for all variants
Added Component: Designator=C38(C0402)
Add component. Clean all parameters for all variants
Added Component: Designator=C39(C0402)
Add component. Clean all parameters for all variants
Added Component: Designator=C40(CD B(3528))
Add component. Clean all parameters for all variants
Added Component: Designator=C41(C0402)
Add component. Clean all parameters for all variants
Added Component: Designator=C42(C0402)
Add component. Clean all parameters for all variants
Added Component: Designator=C43(C0402)
Add component. Clean all parameters for all variants
Added Component: Designator=C44(CD B(3528))
Add component. Clean all parameters for all variants
Added Component: Designator=C45(C0402)
Add component. Clean all parameters for all variants
Added Component: Designator=C46(C0402)
Add component. Clean all parameters for all variants
Added Component: Designator=C47(C0402)
Add component. Clean all parameters for all variants
Added Component: Designator=C48(C0402)
Add component. Clean all parameters for all variants
Added Component: Designator=C49(C0402)
Add component. Clean all parameters for all variants
Added Component: Designator=C50(C0402)
Add component. Clean all parameters for all variants
Added Component: Designator=C51(C0402)
Add component. Clean all parameters for all variants
Added Component: Designator=C52(C0402)
Add component. Clean all parameters for all variants
Added Component: Designator=C53(C0402)
Add component. Clean all parameters for all variants
Added Component: Designator=C54(C0402)
Add component. Clean all parameters for all variants
Added Component: Designator=C55(C0402)
Add component. Clean all parameters for all variants
Added Component: Designator=C56(C0402)
Add component. Clean all parameters for all variants
Added Component: Designator=C57(C0402)
Add component. Clean all parameters for all variants
Added Component: Designator=C58(C0402)
Add component. Clean all parameters for all variants
Added Component: Designator=C59(C0402)
Add component. Clean all parameters for all variants
Added Component: Designator=C60(C0402)
Add component. Clean all parameters for all variants
Added Component: Designator=C61(C0402)
Add component. Clean all parameters for all variants
Added Component: Designator=C62(CD B(3528))
Add component. Clean all parameters for all variants
Added Component: Designator=C63(CD B(3528))
Add component. Clean all parameters for all variants
Added Component: Designator=C64(CD B(3528))
Add component. Clean all parameters for all variants
Added Component: Designator=C65(C0402)
Add component. Clean all parameters for all variants
Added Component: Designator=C66(C0402)
Add component. Clean all parameters for all variants
Added Component: Designator=C67(C0402)
Add component. Clean all parameters for all variants
Added Component: Designator=C68(C0402)
Add component. Clean all parameters for all variants
Added Component: Designator=C69(C0402)
Add component. Clean all parameters for all variants
Added Component: Designator=C70(C0402)
Add component. Clean all parameters for all variants
Added Component: Designator=C71(C0402)
Add component. Clean all parameters for all variants
Added Component: Designator=C72(C0402)
Add component. Clean all parameters for all variants
Added Component: Designator=C73(C0402)
Add component. Clean all parameters for all variants
Added Component: Designator=C74(C0402)
Add component. Clean all parameters for all variants
Added Component: Designator=C75(CD B(3528))
Add component. Clean all parameters for all variants
Added Component: Designator=C76(C0402)
Add component. Clean all parameters for all variants
Added Component: Designator=C77(C0402)
Add component. Clean all parameters for all variants
Added Component: Designator=C78(C0402)
Add component. Clean all parameters for all variants
Added Component: Designator=C79(CD B(3528))
Add component. Clean all parameters for all variants
Added Component: Designator=C80(C0402)
Add component. Clean all parameters for all variants
Added Component: Designator=C81(C0402)
Add component. Clean all parameters for all variants
Added Component: Designator=C82(C0402)
Add component. Clean all parameters for all variants
Added Component: Designator=C83(C0402)
Add component. Clean all parameters for all variants
Added Component: Designator=C84(C0402)
Add component. Clean all parameters for all variants
Added Component: Designator=C85(C0402)
Add component. Clean all parameters for all variants
Added Component: Designator=C86(C0402)
Add component. Clean all parameters for all variants
Added Component: Designator=C87(C0402)
Add component. Clean all parameters for all variants
Added Component: Designator=C88(C0402)
Add component. Clean all parameters for all variants
Added Component: Designator=C89(C0402)
Add component. Clean all parameters for all variants
Added Component: Designator=C90(C0402)
Add component. Clean all parameters for all variants
Added Component: Designator=C91(C0402)
Add component. Clean all parameters for all variants
Added Component: Designator=C92(C0402)
Add component. Clean all parameters for all variants
Added Component: Designator=C93(C0402)
Add component. Clean all parameters for all variants
Added Component: Designator=C94(C0402)
Add component. Clean all parameters for all variants
Added Component: Designator=C95(C0402)
Add component. Clean all parameters for all variants
Added Component: Designator=C96(C0402)
Add component. Clean all parameters for all variants
Added Component: Designator=C97(C0402)
Add component. Clean all parameters for all variants
Added Component: Designator=C98(C0402)
Add component. Clean all parameters for all variants
Added Component: Designator=C99(C0402)
Add component. Clean all parameters for all variants
Added Component: Designator=C100(C0402)
Add component. Clean all parameters for all variants
Added Component: Designator=C101(C0402)
Add component. Clean all parameters for all variants
Added Component: Designator=C102(C0402)
Add component. Clean all parameters for all variants
Added Component: Designator=C103(C0402)
Add component. Clean all parameters for all variants
Added Component: Designator=C104(C0402)
Add component. Clean all parameters for all variants
Added Component: Designator=C105(C0402)
Add component. Clean all parameters for all variants
Added Component: Designator=C106(C0402)
Add component. Clean all parameters for all variants
Added Component: Designator=C107(C0402)
Add component. Clean all parameters for all variants
Added Component: Designator=C108(C0402)
Add component. Clean all parameters for all variants
Added Component: Designator=C109(C0402)
Add component. Clean all parameters for all variants
Added Component: Designator=C110(C0402)
Add component. Clean all parameters for all variants
Added Component: Designator=C111(C0402)
Add component. Clean all parameters for all variants
Added Component: Designator=C112(C0402)
Add component. Clean all parameters for all variants
Added Component: Designator=C113(C0402)
Add component. Clean all parameters for all variants
Added Component: Designator=C114(C0402)
Add component. Clean all parameters for all variants
Added Component: Designator=C115(C0402)
Add component. Clean all parameters for all variants
Added Component: Designator=C116(C0402)
Add component. Clean all parameters for all variants
Added Component: Designator=C117(C0402)
Add component. Clean all parameters for all variants
Added Component: Designator=C118(C0402)
Add component. Clean all parameters for all variants
Added Component: Designator=C119(C0402)
Add component. Clean all parameters for all variants
Added Component: Designator=C120(C0402)
Add component. Clean all parameters for all variants
Added Component: Designator=C121(C0402)
Add component. Clean all parameters for all variants
Added Component: Designator=C122(C0402)
Add component. Clean all parameters for all variants
Added Component: Designator=C123(C0402)
Add component. Clean all parameters for all variants
Added Component: Designator=C124(C0402)
Add component. Clean all parameters for all variants
Added Component: Designator=C125(C0402)
Add component. Clean all parameters for all variants
Added Component: Designator=C126(C0402)
Add component. Clean all parameters for all variants
Added Component: Designator=C127(C0402)
Add component. Clean all parameters for all variants
Added Component: Designator=C128(C0402)
Add component. Clean all parameters for all variants
Added Component: Designator=C129(C0402)
Add component. Clean all parameters for all variants
Added Component: Designator=C130(C0402)
Add component. Clean all parameters for all variants
Added Component: Designator=C131(C0402)
Add component. Clean all parameters for all variants
Added Component: Designator=C132(C0402)
Add component. Clean all parameters for all variants
Added Component: Designator=C133(C0402)
Add component. Clean all parameters for all variants
Added Component: Designator=C134(C0402)
Add component. Clean all parameters for all variants
Added Component: Designator=C135(C0402)
Add component. Clean all parameters for all variants
Added Component: Designator=C136(C0402)
Add component. Clean all parameters for all variants
Added Component: Designator=C137(C0402)
Add component. Clean all parameters for all variants
Added Component: Designator=C138(C0402)
Add component. Clean all parameters for all variants
Added Component: Designator=C139(C0402)
Add component. Clean all parameters for all variants
Added Component: Designator=C140(C0402)
Add component. Clean all parameters for all variants
Added Component: Designator=C141(C0402)
Add component. Clean all parameters for all variants
Added Component: Designator=C142(C0402)
Add component. Clean all parameters for all variants
Added Component: Designator=C143(C0402)
Add component. Clean all parameters for all variants
Added Component: Designator=C144(C0805)
Add component. Clean all parameters for all variants
Added Component: Designator=C145(CD B(3528))
Add component. Clean all parameters for all variants
Added Component: Designator=C146(C0805)
Add component. Clean all parameters for all variants
Added Component: Designator=C147(C0805)
Add component. Clean all parameters for all variants
Added Component: Designator=C148(C0402)
Add component. Clean all parameters for all variants
Added Component: Designator=C149(C0402)
Add component. Clean all parameters for all variants
Added Component: Designator=C150(C0402)
Add component. Clean all parameters for all variants
Added Component: Designator=C151(C0402)
Add component. Clean all parameters for all variants
Added Component: Designator=C152(C0805)
Add component. Clean all parameters for all variants
Added Component: Designator=C153(C0805)
Add component. Clean all parameters for all variants
Added Component: Designator=C154(C0402)
Add component. Clean all parameters for all variants
Added Component: Designator=C155(C0402)
Add component. Clean all parameters for all variants
Added Component: Designator=C156(C0402)
Add component. Clean all parameters for all variants
Added Component: Designator=C157(C0805)
Add component. Clean all parameters for all variants
Added Component: Designator=C158(C0402)
Add component. Clean all parameters for all variants
Added Component: Designator=C159(C0402)
Add component. Clean all parameters for all variants
Added Component: Designator=C160(C0402)
Add component. Clean all parameters for all variants
Added Component: Designator=C161(C0402)
Add component. Clean all parameters for all variants
Added Component: Designator=C162(C0805)
Add component. Clean all parameters for all variants
Added Component: Designator=C163(C0402)
Add component. Clean all parameters for all variants
Added Component: Designator=C164(C0402)
Add component. Clean all parameters for all variants
Added Component: Designator=C165(C0805)
Add component. Clean all parameters for all variants
Added Component: Designator=C166(C0402)
Add component. Clean all parameters for all variants
Added Component: Designator=C167(C0805)
Add component. Clean all parameters for all variants
Added Component: Designator=C168(C0402)
Add component. Clean all parameters for all variants
Added Component: Designator=C169(C0805)
Add component. Clean all parameters for all variants
Added Component: Designator=C170(C0402)
Add component. Clean all parameters for all variants
Added Component: Designator=C171(C0805)
Add component. Clean all parameters for all variants
Added Component: Designator=C172(C0402)
Add component. Clean all parameters for all variants
Added Component: Designator=C173(C0805)
Add component. Clean all parameters for all variants
Added Component: Designator=C174(C0402)
Add component. Clean all parameters for all variants
Added Component: Designator=C175(C0805)
Add component. Clean all parameters for all variants
Added Component: Designator=C176(C0402)
Add component. Clean all parameters for all variants
Added Component: Designator=C177(C0805)
Add component. Clean all parameters for all variants
Added Component: Designator=C178(C0402)
Add component. Clean all parameters for all variants
Added Component: Designator=C179(C0805)
Add component. Clean all parameters for all variants
Added Component: Designator=C180(C0402)
Add component. Clean all parameters for all variants
Added Component: Designator=C181(C0805)
Add component. Clean all parameters for all variants
Added Component: Designator=C182(C0402)
Add component. Clean all parameters for all variants
Added Component: Designator=C183(C0805)
Add component. Clean all parameters for all variants
Added Component: Designator=C184(C0402)
Add component. Clean all parameters for all variants
Added Component: Designator=C185(C0402)
Add component. Clean all parameters for all variants
Added Component: Designator=C186(C0402)
Add component. Clean all parameters for all variants
Added Component: Designator=C187(C0402)
Add component. Clean all parameters for all variants
Added Component: Designator=C188(C0402)
Add component. Clean all parameters for all variants
Added Component: Designator=C189(C0805)
Add component. Clean all parameters for all variants
Added Component: Designator=C190(C0402)
Add component. Clean all parameters for all variants
Added Component: Designator=C191(C0402)
Add component. Clean all parameters for all variants
Added Component: Designator=C192(C0402)
Add component. Clean all parameters for all variants
Added Component: Designator=C193(C0402)
Add component. Clean all parameters for all variants
Added Component: Designator=C194(C0402)
Add component. Clean all parameters for all variants
Added Component: Designator=C195(C0402)
Add component. Clean all parameters for all variants
Added Component: Designator=C196(C0402)
Add component. Clean all parameters for all variants
Added Component: Designator=C197(C0402)
Add component. Clean all parameters for all variants
Added Component: Designator=C198(C0805)
Add component. Clean all parameters for all variants
Added Component: Designator=J1(HDR2.54-LI-6P)
Add component. Clean all parameters for all variants
Added Component: Designator=KEY1(TSW SMD-3*6*2.5)
Add component. Clean all parameters for all variants
Added Component: Designator=L1(L0603)
Add component. Clean all parameters for all variants
Added Component: Designator=L2(L0603)
Add component. Clean all parameters for all variants
Added Component: Designator=L3(L0603)
Add component. Clean all parameters for all variants
Added Component: Designator=L4(L-SMD-0630)
Add component. Clean all parameters for all variants
Added Component: Designator=L5(L-SMD-0630)
Add component. Clean all parameters for all variants
Added Component: Designator=L6(L-SMD-0630)
Add component. Clean all parameters for all variants
Added Component: Designator=L7(L-SMD-0630)
Add component. Clean all parameters for all variants
Added Component: Designator=L8(L-SMD-0630)
Add component. Clean all parameters for all variants
Added Component: Designator=LED1(LED 0603G)
Add component. Clean all parameters for all variants
Added Component: Designator=LED2(LED 0603G)
Add component. Clean all parameters for all variants
Added Component: Designator=LED3(LED 0603G)
Add component. Clean all parameters for all variants
Added Component: Designator=LED4(LED 0603G)
Add component. Clean all parameters for all variants
Added Component: Designator=R1(R0402)
Add component. Clean all parameters for all variants
Added Component: Designator=R2(R0402)
Add component. Clean all parameters for all variants
Added Component: Designator=R3(R0402)
Add component. Clean all parameters for all variants
Added Component: Designator=R4(R0402)
Add component. Clean all parameters for all variants
Added Component: Designator=R5(R0402)
Add component. Clean all parameters for all variants
Added Component: Designator=R6(R0402)
Add component. Clean all parameters for all variants
Added Component: Designator=R7(R0402)
Add component. Clean all parameters for all variants
Added Component: Designator=R8(R0402)
Add component. Clean all parameters for all variants
Added Component: Designator=R9(R0402)
Add component. Clean all parameters for all variants
Added Component: Designator=R10(R0402)
Add component. Clean all parameters for all variants
Added Component: Designator=R11(R0402)
Add component. Clean all parameters for all variants
Added Component: Designator=R12(R0402)
Add component. Clean all parameters for all variants
Added Component: Designator=R13(R0402)
Add component. Clean all parameters for all variants
Added Component: Designator=R14(R0402)
Add component. Clean all parameters for all variants
Added Component: Designator=R17(R0402)
Add component. Clean all parameters for all variants
Added Component: Designator=R20(R0402)
Add component. Clean all parameters for all variants
Added Component: Designator=R21(R0402)
Add component. Clean all parameters for all variants
Added Component: Designator=R22(R0402)
Add component. Clean all parameters for all variants
Added Component: Designator=R23(R0402)
Add component. Clean all parameters for all variants
Added Component: Designator=R24(R0402)
Add component. Clean all parameters for all variants
Added Component: Designator=R25(R0402)
Add component. Clean all parameters for all variants
Added Component: Designator=R26(R0402)
Add component. Clean all parameters for all variants
Added Component: Designator=R27(R0402)
Add component. Clean all parameters for all variants
Added Component: Designator=R28(R0402)
Add component. Clean all parameters for all variants
Added Component: Designator=R29(R0402)
Add component. Clean all parameters for all variants
Added Component: Designator=R30(R0402)
Add component. Clean all parameters for all variants
Added Component: Designator=R31(R0402)
Add component. Clean all parameters for all variants
Added Component: Designator=R32(R0402)
Add component. Clean all parameters for all variants
Added Component: Designator=R33(R0402)
Add component. Clean all parameters for all variants
Added Component: Designator=R34(R0402)
Add component. Clean all parameters for all variants
Added Component: Designator=R35(R0402)
Add component. Clean all parameters for all variants
Added Component: Designator=R36(R0402)
Add component. Clean all parameters for all variants
Added Component: Designator=R37(R0402)
Add component. Clean all parameters for all variants
Added Component: Designator=R38(R0402)
Add component. Clean all parameters for all variants
Added Component: Designator=R39(R0402)
Add component. Clean all parameters for all variants
Added Component: Designator=R40(R0402)
Add component. Clean all parameters for all variants
Added Component: Designator=R41(R0402)
Add component. Clean all parameters for all variants
Added Component: Designator=R42(R0402)
Add component. Clean all parameters for all variants
Added Component: Designator=R43(R0402)
Add component. Clean all parameters for all variants
Added Component: Designator=R44(R0402)
Add component. Clean all parameters for all variants
Added Component: Designator=R45(R0402)
Add component. Clean all parameters for all variants
Added Component: Designator=R46(R0402)
Add component. Clean all parameters for all variants
Added Component: Designator=R47(R0402)
Add component. Clean all parameters for all variants
Added Component: Designator=R48(R0402)
Add component. Clean all parameters for all variants
Added Component: Designator=R49(R0402)
Add component. Clean all parameters for all variants
Added Component: Designator=R50(R0402)
Add component. Clean all parameters for all variants
Added Component: Designator=R51(R0402)
Add component. Clean all parameters for all variants
Added Component: Designator=R52(R0402)
Add component. Clean all parameters for all variants
Added Component: Designator=R53(R0402)
Add component. Clean all parameters for all variants
Added Component: Designator=R54(R0402)
Add component. Clean all parameters for all variants
Added Component: Designator=R55(R0402)
Add component. Clean all parameters for all variants
Added Component: Designator=R56(R0402)
Add component. Clean all parameters for all variants
Added Component: Designator=R57(R0402)
Add component. Clean all parameters for all variants
Added Component: Designator=R58(R0402)
Add component. Clean all parameters for all variants
Added Component: Designator=R59(R0402)
Add component. Clean all parameters for all variants
Added Component: Designator=R60(R0402)
Add component. Clean all parameters for all variants
Added Component: Designator=R61(R0402)
Add component. Clean all parameters for all variants
Added Component: Designator=R62(R0402)
Add component. Clean all parameters for all variants
Added Component: Designator=R63(R0402)
Add component. Clean all parameters for all variants
Added Component: Designator=R64(R0402)
Add component. Clean all parameters for all variants
Added Component: Designator=R65(R0402)
Add component. Clean all parameters for all variants
Added Component: Designator=R66(R0402)
Add component. Clean all parameters for all variants
Added Component: Designator=R67(R0402)
Add component. Clean all parameters for all variants
Added Component: Designator=R68(R0402)
Add component. Clean all parameters for all variants
Added Component: Designator=R69(R0402)
Add component. Clean all parameters for all variants
Added Component: Designator=R70(R0402)
Add component. Clean all parameters for all variants
Added Component: Designator=R71(R0402)
Add component. Clean all parameters for all variants
Added Component: Designator=R72(R0402)
Add component. Clean all parameters for all variants
Added Component: Designator=R73(R0402)
Add component. Clean all parameters for all variants
Added Component: Designator=R74(R0402)
Add component. Clean all parameters for all variants
Added Component: Designator=R75(R0402)
Add component. Clean all parameters for all variants
Added Component: Designator=R76(R0402)
Add component. Clean all parameters for all variants
Added Component: Designator=R77(R0402)
Add component. Clean all parameters for all variants
Added Component: Designator=R78(R0402)
Add component. Clean all parameters for all variants
Added Component: Designator=R79(R0402)
Add component. Clean all parameters for all variants
Added Component: Designator=R80(R0402)
Add component. Clean all parameters for all variants
Added Component: Designator=R81(R0402)
Add component. Clean all parameters for all variants
Added Component: Designator=R82(R0402)
Add component. Clean all parameters for all variants
Added Component: Designator=R83(R0402)
Add component. Clean all parameters for all variants
Added Component: Designator=R84(R0402)
Add component. Clean all parameters for all variants
Added Component: Designator=R85(R0402)
Add component. Clean all parameters for all variants
Added Component: Designator=R86(R0402)
Add component. Clean all parameters for all variants
Added Component: Designator=R87(R0402)
Add component. Clean all parameters for all variants
Added Component: Designator=R88(R0402)
Add component. Clean all parameters for all variants
Added Component: Designator=R89(R0402)
Add component. Clean all parameters for all variants
Added Component: Designator=R90(R0402)
Add component. Clean all parameters for all variants
Added Component: Designator=R91(R0402)
Add component. Clean all parameters for all variants
Added Component: Designator=TP1(FPAD_1)
Add component. Clean all parameters for all variants
Added Component: Designator=TP2(FPAD_1)
Add component. Clean all parameters for all variants
Added Component: Designator=TP3(FPAD_1)
Add component. Clean all parameters for all variants
Added Component: Designator=TP4(FPAD_1)
Add component. Clean all parameters for all variants
Added Component: Designator=TP5(FPAD_1)
Add component. Clean all parameters for all variants
Added Component: Designator=U1(zynq7020CL400)
Add component. Clean all parameters for all variants
Added Component: Designator=U2(SOT143)
Add component. Clean all parameters for all variants
Added Component: Designator=U3(FBGA_96)
Add component. Clean all parameters for all variants
Added Component: Designator=U4(FBGA_96)
Add component. Clean all parameters for all variants
Added Component: Designator=U5(TPS_QFN10)
Add component. Clean all parameters for all variants
Added Component: Designator=U6(VFBGA)
Add component. Clean all parameters for all variants
Added Component: Designator=U7(W25Q256FV)
Add component. Clean all parameters for all variants
Added Component: Designator=U8(SOT23-5)
Add component. Clean all parameters for all variants
Added Component: Designator=U9(QFN16_3x3)
Add component. Clean all parameters for all variants
Added Component: Designator=U10(QFN16_3x3)
Add component. Clean all parameters for all variants
Added Component: Designator=U11(QFN16_3x3)
Add component. Clean all parameters for all variants
Added Component: Designator=U13(QFN48)
Add component. Clean all parameters for all variants
Added Component: Designator=U?(QFN16_3x3)
Add component. Clean all parameters for all variants
Added Component: Designator=X1(OSC 3225-4P)
Add component. Clean all parameters for all variants
Added Component: Designator=X2(OSC 3225-4P)
Add component. Clean all parameters for all variants
Added Component: Designator=Y1(OSC 3225-4P)
Add component. Clean all parameters for all variants
Added Pin To Net: NetName=+1.0V Pin=C15-2
Added Pin To Net: NetName=+1.0V Pin=C16-2
Added Pin To Net: NetName=+1.0V Pin=C17-2
Added Pin To Net: NetName=+1.0V Pin=C18-2
Added Pin To Net: NetName=+1.0V Pin=C19-2
Added Pin To Net: NetName=+1.0V Pin=C20-2
Added Pin To Net: NetName=+1.0V Pin=C40-2
Added Pin To Net: NetName=+1.0V Pin=C41-2
Added Pin To Net: NetName=+1.0V Pin=C42-2
Added Pin To Net: NetName=+1.0V Pin=C43-2
Added Pin To Net: NetName=+1.0V Pin=C53-2
Added Pin To Net: NetName=+1.0V Pin=C54-2
Added Pin To Net: NetName=+1.0V Pin=C55-2
Added Pin To Net: NetName=+1.0V Pin=C56-2
Added Pin To Net: NetName=+1.0V Pin=C57-2
Added Pin To Net: NetName=+1.0V Pin=C58-2
Added Pin To Net: NetName=+1.0V Pin=C59-2
Added Pin To Net: NetName=+1.0V Pin=C60-2
Added Pin To Net: NetName=+1.0V Pin=C61-2
Added Pin To Net: NetName=+1.0V Pin=C62-2
Added Pin To Net: NetName=+1.0V Pin=C165-2
Added Pin To Net: NetName=+1.0V Pin=C166-2
Added Pin To Net: NetName=+1.0V Pin=L4-2
Added Pin To Net: NetName=+1.0V Pin=R66-2
Added Pin To Net: NetName=+1.0V Pin=R67-2
Added Pin To Net: NetName=+1.0V Pin=TP1-1
Added Pin To Net: NetName=+1.0V Pin=U1-G7
Added Pin To Net: NetName=+1.0V Pin=U1-G11
Added Pin To Net: NetName=+1.0V Pin=U1-G13
Added Pin To Net: NetName=+1.0V Pin=U1-H10
Added Pin To Net: NetName=+1.0V Pin=U1-H12
Added Pin To Net: NetName=+1.0V Pin=U1-J7
Added Pin To Net: NetName=+1.0V Pin=U1-J13
Added Pin To Net: NetName=+1.0V Pin=U1-K12
Added Pin To Net: NetName=+1.0V Pin=U1-L7
Added Pin To Net: NetName=+1.0V Pin=U1-L13
Added Pin To Net: NetName=+1.0V Pin=U1-M12
Added Pin To Net: NetName=+1.0V Pin=U1-N7
Added Pin To Net: NetName=+1.0V Pin=U1-N13
Added Pin To Net: NetName=+1.0V Pin=U1-P8
Added Pin To Net: NetName=+1.0V Pin=U1-P12
Added Pin To Net: NetName=+1.0V Pin=U1-R7
Added Pin To Net: NetName=+1.0V Pin=U1-R13
Added Pin To Net: NetName=+1.0V Pin=U9-14
Added Net: Name=+1.0V
Added Pin To Net: NetName=+1.5V Pin=C3-1
Added Pin To Net: NetName=+1.5V Pin=C4-2
Added Pin To Net: NetName=+1.5V Pin=C5-1
Added Pin To Net: NetName=+1.5V Pin=C6-2
Added Pin To Net: NetName=+1.5V Pin=C7-1
Added Pin To Net: NetName=+1.5V Pin=C8-1
Added Pin To Net: NetName=+1.5V Pin=C9-1
Added Pin To Net: NetName=+1.5V Pin=C10-1
Added Pin To Net: NetName=+1.5V Pin=C11-1
Added Pin To Net: NetName=+1.5V Pin=C12-1
Added Pin To Net: NetName=+1.5V Pin=C13-1
Added Pin To Net: NetName=+1.5V Pin=C14-1
Added Pin To Net: NetName=+1.5V Pin=C15-1
Added Pin To Net: NetName=+1.5V Pin=C16-1
Added Pin To Net: NetName=+1.5V Pin=C17-1
Added Pin To Net: NetName=+1.5V Pin=C18-1
Added Pin To Net: NetName=+1.5V Pin=C19-1
Added Pin To Net: NetName=+1.5V Pin=C20-1
Added Pin To Net: NetName=+1.5V Pin=C21-1
Added Pin To Net: NetName=+1.5V Pin=C22-1
Added Pin To Net: NetName=+1.5V Pin=C23-1
Added Pin To Net: NetName=+1.5V Pin=C24-1
Added Pin To Net: NetName=+1.5V Pin=C25-1
Added Pin To Net: NetName=+1.5V Pin=C26-1
Added Pin To Net: NetName=+1.5V Pin=C27-1
Added Pin To Net: NetName=+1.5V Pin=C28-1
Added Pin To Net: NetName=+1.5V Pin=C29-1
Added Pin To Net: NetName=+1.5V Pin=C30-1
Added Pin To Net: NetName=+1.5V Pin=C31-1
Added Pin To Net: NetName=+1.5V Pin=C32-1
Added Pin To Net: NetName=+1.5V Pin=C33-1
Added Pin To Net: NetName=+1.5V Pin=C34-1
Added Pin To Net: NetName=+1.5V Pin=C35-1
Added Pin To Net: NetName=+1.5V Pin=C36-1
Added Pin To Net: NetName=+1.5V Pin=C37-1
Added Pin To Net: NetName=+1.5V Pin=C38-1
Added Pin To Net: NetName=+1.5V Pin=C39-1
Added Pin To Net: NetName=+1.5V Pin=C40-1
Added Pin To Net: NetName=+1.5V Pin=C41-1
Added Pin To Net: NetName=+1.5V Pin=C42-1
Added Pin To Net: NetName=+1.5V Pin=C43-1
Added Pin To Net: NetName=+1.5V Pin=C44-1
Added Pin To Net: NetName=+1.5V Pin=C45-1
Added Pin To Net: NetName=+1.5V Pin=C46-1
Added Pin To Net: NetName=+1.5V Pin=C47-1
Added Pin To Net: NetName=+1.5V Pin=C48-1
Added Pin To Net: NetName=+1.5V Pin=C49-1
Added Pin To Net: NetName=+1.5V Pin=C50-1
Added Pin To Net: NetName=+1.5V Pin=C51-1
Added Pin To Net: NetName=+1.5V Pin=C52-1
Added Pin To Net: NetName=+1.5V Pin=C53-1
Added Pin To Net: NetName=+1.5V Pin=C54-1
Added Pin To Net: NetName=+1.5V Pin=C55-1
Added Pin To Net: NetName=+1.5V Pin=C56-1
Added Pin To Net: NetName=+1.5V Pin=C57-1
Added Pin To Net: NetName=+1.5V Pin=C58-1
Added Pin To Net: NetName=+1.5V Pin=C59-1
Added Pin To Net: NetName=+1.5V Pin=C60-1
Added Pin To Net: NetName=+1.5V Pin=C61-1
Added Pin To Net: NetName=+1.5V Pin=C62-1
Added Pin To Net: NetName=+1.5V Pin=C63-1
Added Pin To Net: NetName=+1.5V Pin=C63-2
Added Pin To Net: NetName=+1.5V Pin=C64-1
Added Pin To Net: NetName=+1.5V Pin=C64-2
Added Pin To Net: NetName=+1.5V Pin=C65-1
Added Pin To Net: NetName=+1.5V Pin=C65-2
Added Pin To Net: NetName=+1.5V Pin=C66-1
Added Pin To Net: NetName=+1.5V Pin=C66-2
Added Pin To Net: NetName=+1.5V Pin=C67-1
Added Pin To Net: NetName=+1.5V Pin=C67-2
Added Pin To Net: NetName=+1.5V Pin=C68-1
Added Pin To Net: NetName=+1.5V Pin=C68-2
Added Pin To Net: NetName=+1.5V Pin=C69-1
Added Pin To Net: NetName=+1.5V Pin=C69-2
Added Pin To Net: NetName=+1.5V Pin=C70-1
Added Pin To Net: NetName=+1.5V Pin=C70-2
Added Pin To Net: NetName=+1.5V Pin=C71-1
Added Pin To Net: NetName=+1.5V Pin=C71-2
Added Pin To Net: NetName=+1.5V Pin=C72-1
Added Pin To Net: NetName=+1.5V Pin=C72-2
Added Pin To Net: NetName=+1.5V Pin=C73-1
Added Pin To Net: NetName=+1.5V Pin=C73-2
Added Pin To Net: NetName=+1.5V Pin=C74-1
Added Pin To Net: NetName=+1.5V Pin=C74-2
Added Pin To Net: NetName=+1.5V Pin=C75-1
Added Pin To Net: NetName=+1.5V Pin=C76-1
Added Pin To Net: NetName=+1.5V Pin=C77-1
Added Pin To Net: NetName=+1.5V Pin=C78-1
Added Pin To Net: NetName=+1.5V Pin=C79-1
Added Pin To Net: NetName=+1.5V Pin=C80-1
Added Pin To Net: NetName=+1.5V Pin=C81-1
Added Pin To Net: NetName=+1.5V Pin=C82-1
Added Pin To Net: NetName=+1.5V Pin=C83-1
Added Pin To Net: NetName=+1.5V Pin=C84-1
Added Pin To Net: NetName=+1.5V Pin=C85-1
Added Pin To Net: NetName=+1.5V Pin=C86-1
Added Pin To Net: NetName=+1.5V Pin=C87-1
Added Pin To Net: NetName=+1.5V Pin=C88-1
Added Pin To Net: NetName=+1.5V Pin=C89-1
Added Pin To Net: NetName=+1.5V Pin=C90-1
Added Pin To Net: NetName=+1.5V Pin=C91-1
Added Pin To Net: NetName=+1.5V Pin=C92-1
Added Pin To Net: NetName=+1.5V Pin=C93-1
Added Pin To Net: NetName=+1.5V Pin=C94-1
Added Pin To Net: NetName=+1.5V Pin=C95-1
Added Pin To Net: NetName=+1.5V Pin=C96-1
Added Pin To Net: NetName=+1.5V Pin=C97-1
Added Pin To Net: NetName=+1.5V Pin=C98-1
Added Pin To Net: NetName=+1.5V Pin=C99-1
Added Pin To Net: NetName=+1.5V Pin=C100-2
Added Pin To Net: NetName=+1.5V Pin=C101-2
Added Pin To Net: NetName=+1.5V Pin=C102-1
Added Pin To Net: NetName=+1.5V Pin=C103-1
Added Pin To Net: NetName=+1.5V Pin=C104-1
Added Pin To Net: NetName=+1.5V Pin=C104-2
Added Pin To Net: NetName=+1.5V Pin=C105-1
Added Pin To Net: NetName=+1.5V Pin=C105-2
Added Pin To Net: NetName=+1.5V Pin=C106-1
Added Pin To Net: NetName=+1.5V Pin=C106-2
Added Pin To Net: NetName=+1.5V Pin=C107-1
Added Pin To Net: NetName=+1.5V Pin=C107-2
Added Pin To Net: NetName=+1.5V Pin=C108-1
Added Pin To Net: NetName=+1.5V Pin=C108-2
Added Pin To Net: NetName=+1.5V Pin=C109-1
Added Pin To Net: NetName=+1.5V Pin=C109-2
Added Pin To Net: NetName=+1.5V Pin=C110-1
Added Pin To Net: NetName=+1.5V Pin=C110-2
Added Pin To Net: NetName=+1.5V Pin=C111-1
Added Pin To Net: NetName=+1.5V Pin=C111-2
Added Pin To Net: NetName=+1.5V Pin=C112-1
Added Pin To Net: NetName=+1.5V Pin=C112-2
Added Pin To Net: NetName=+1.5V Pin=C113-1
Added Pin To Net: NetName=+1.5V Pin=C113-2
Added Pin To Net: NetName=+1.5V Pin=C114-1
Added Pin To Net: NetName=+1.5V Pin=C114-2
Added Pin To Net: NetName=+1.5V Pin=C115-1
Added Pin To Net: NetName=+1.5V Pin=C115-2
Added Pin To Net: NetName=+1.5V Pin=C116-1
Added Pin To Net: NetName=+1.5V Pin=C116-2
Added Pin To Net: NetName=+1.5V Pin=C117-1
Added Pin To Net: NetName=+1.5V Pin=C117-2
Added Pin To Net: NetName=+1.5V Pin=C118-1
Added Pin To Net: NetName=+1.5V Pin=C118-2
Added Pin To Net: NetName=+1.5V Pin=C119-1
Added Pin To Net: NetName=+1.5V Pin=C119-2
Added Pin To Net: NetName=+1.5V Pin=C120-1
Added Pin To Net: NetName=+1.5V Pin=C120-2
Added Pin To Net: NetName=+1.5V Pin=C121-1
Added Pin To Net: NetName=+1.5V Pin=C121-2
Added Pin To Net: NetName=+1.5V Pin=C122-1
Added Pin To Net: NetName=+1.5V Pin=C122-2
Added Pin To Net: NetName=+1.5V Pin=C123-1
Added Pin To Net: NetName=+1.5V Pin=C123-2
Added Pin To Net: NetName=+1.5V Pin=C124-1
Added Pin To Net: NetName=+1.5V Pin=C124-2
Added Pin To Net: NetName=+1.5V Pin=C125-1
Added Pin To Net: NetName=+1.5V Pin=C125-2
Added Pin To Net: NetName=+1.5V Pin=C126-1
Added Pin To Net: NetName=+1.5V Pin=C126-2
Added Pin To Net: NetName=+1.5V Pin=C127-1
Added Pin To Net: NetName=+1.5V Pin=C127-2
Added Pin To Net: NetName=+1.5V Pin=C128-1
Added Pin To Net: NetName=+1.5V Pin=C128-2
Added Pin To Net: NetName=+1.5V Pin=C129-1
Added Pin To Net: NetName=+1.5V Pin=C129-2
Added Pin To Net: NetName=+1.5V Pin=C130-1
Added Pin To Net: NetName=+1.5V Pin=C130-2
Added Pin To Net: NetName=+1.5V Pin=C131-1
Added Pin To Net: NetName=+1.5V Pin=C131-2
Added Pin To Net: NetName=+1.5V Pin=C132-1
Added Pin To Net: NetName=+1.5V Pin=C132-2
Added Pin To Net: NetName=+1.5V Pin=C133-1
Added Pin To Net: NetName=+1.5V Pin=C133-2
Added Pin To Net: NetName=+1.5V Pin=C134-1
Added Pin To Net: NetName=+1.5V Pin=C134-2
Added Pin To Net: NetName=+1.5V Pin=C135-1
Added Pin To Net: NetName=+1.5V Pin=C135-2
Added Pin To Net: NetName=+1.5V Pin=C136-1
Added Pin To Net: NetName=+1.5V Pin=C136-2
Added Pin To Net: NetName=+1.5V Pin=C137-1
Added Pin To Net: NetName=+1.5V Pin=C137-2
Added Pin To Net: NetName=+1.5V Pin=C138-1
Added Pin To Net: NetName=+1.5V Pin=C138-2
Added Pin To Net: NetName=+1.5V Pin=C139-1
Added Pin To Net: NetName=+1.5V Pin=C139-2
Added Pin To Net: NetName=+1.5V Pin=C140-1
Added Pin To Net: NetName=+1.5V Pin=C140-2
Added Pin To Net: NetName=+1.5V Pin=C141-1
Added Pin To Net: NetName=+1.5V Pin=C141-2
Added Pin To Net: NetName=+1.5V Pin=C142-1
Added Pin To Net: NetName=+1.5V Pin=C143-1
Added Pin To Net: NetName=+1.5V Pin=C144-1
Added Pin To Net: NetName=+1.5V Pin=C145-1
Added Pin To Net: NetName=+1.5V Pin=C146-1
Added Pin To Net: NetName=+1.5V Pin=C146-2
Added Pin To Net: NetName=+1.5V Pin=C147-1
Added Pin To Net: NetName=+1.5V Pin=C147-2
Added Pin To Net: NetName=+1.5V Pin=C148-1
Added Pin To Net: NetName=+1.5V Pin=C149-1
Added Pin To Net: NetName=+1.5V Pin=C150-1
Added Pin To Net: NetName=+1.5V Pin=C151-1
Added Pin To Net: NetName=+1.5V Pin=C152-1
Added Pin To Net: NetName=+1.5V Pin=C153-1
Added Pin To Net: NetName=+1.5V Pin=C154-1
Added Pin To Net: NetName=+1.5V Pin=C155-1
Added Pin To Net: NetName=+1.5V Pin=C156-1
Added Pin To Net: NetName=+1.5V Pin=C157-1
Added Pin To Net: NetName=+1.5V Pin=C158-1
Added Pin To Net: NetName=+1.5V Pin=C159-1
Added Pin To Net: NetName=+1.5V Pin=C160-1
Added Pin To Net: NetName=+1.5V Pin=C161-1
Added Pin To Net: NetName=+1.5V Pin=C162-1
Added Pin To Net: NetName=+1.5V Pin=C163-1
Added Pin To Net: NetName=+1.5V Pin=C164-1
Added Pin To Net: NetName=+1.5V Pin=C165-1
Added Pin To Net: NetName=+1.5V Pin=C166-1
Added Pin To Net: NetName=+1.5V Pin=C167-1
Added Pin To Net: NetName=+1.5V Pin=C168-1
Added Pin To Net: NetName=+1.5V Pin=C169-1
Added Pin To Net: NetName=+1.5V Pin=C170-1
Added Pin To Net: NetName=+1.5V Pin=C171-1
Added Pin To Net: NetName=+1.5V Pin=C172-1
Added Pin To Net: NetName=+1.5V Pin=C173-1
Added Pin To Net: NetName=+1.5V Pin=C173-2
Added Pin To Net: NetName=+1.5V Pin=C174-1
Added Pin To Net: NetName=+1.5V Pin=C174-2
Added Pin To Net: NetName=+1.5V Pin=C175-1
Added Pin To Net: NetName=+1.5V Pin=C176-1
Added Pin To Net: NetName=+1.5V Pin=C177-1
Added Pin To Net: NetName=+1.5V Pin=C178-1
Added Pin To Net: NetName=+1.5V Pin=C179-1
Added Pin To Net: NetName=+1.5V Pin=C180-1
Added Pin To Net: NetName=+1.5V Pin=C181-1
Added Pin To Net: NetName=+1.5V Pin=C182-1
Added Pin To Net: NetName=+1.5V Pin=C183-1
Added Pin To Net: NetName=+1.5V Pin=C184-1
Added Pin To Net: NetName=+1.5V Pin=C185-1
Added Pin To Net: NetName=+1.5V Pin=C186-1
Added Pin To Net: NetName=+1.5V Pin=C187-1
Added Pin To Net: NetName=+1.5V Pin=C188-1
Added Pin To Net: NetName=+1.5V Pin=C189-1
Added Pin To Net: NetName=+1.5V Pin=C190-1
Added Pin To Net: NetName=+1.5V Pin=C191-1
Added Pin To Net: NetName=+1.5V Pin=C192-1
Added Pin To Net: NetName=+1.5V Pin=C193-1
Added Pin To Net: NetName=+1.5V Pin=C194-1
Added Pin To Net: NetName=+1.5V Pin=C195-1
Added Pin To Net: NetName=+1.5V Pin=C196-2
Added Pin To Net: NetName=+1.5V Pin=C197-2
Added Pin To Net: NetName=+1.5V Pin=C198-1
Added Pin To Net: NetName=+1.5V Pin=J1-5
Added Pin To Net: NetName=+1.5V Pin=KEY1-1
Added Pin To Net: NetName=+1.5V Pin=L2-1
Added Pin To Net: NetName=+1.5V Pin=L6-2
Added Pin To Net: NetName=+1.5V Pin=R3-2
Added Pin To Net: NetName=+1.5V Pin=R4-2
Added Pin To Net: NetName=+1.5V Pin=R5-2
Added Pin To Net: NetName=+1.5V Pin=R6-2
Added Pin To Net: NetName=+1.5V Pin=R8-1
Added Pin To Net: NetName=+1.5V Pin=R10-1
Added Pin To Net: NetName=+1.5V Pin=R11-1
Added Pin To Net: NetName=+1.5V Pin=R12-1
Added Pin To Net: NetName=+1.5V Pin=R14-1
Added Pin To Net: NetName=+1.5V Pin=R21-1
Added Pin To Net: NetName=+1.5V Pin=R26-2
Added Pin To Net: NetName=+1.5V Pin=R27-2
Added Pin To Net: NetName=+1.5V Pin=R44-2
Added Pin To Net: NetName=+1.5V Pin=R45-2
Added Pin To Net: NetName=+1.5V Pin=R49-1
Added Pin To Net: NetName=+1.5V Pin=R56-1
Added Pin To Net: NetName=+1.5V Pin=R57-2
Added Pin To Net: NetName=+1.5V Pin=R70-1
Added Pin To Net: NetName=+1.5V Pin=R71-1
Added Pin To Net: NetName=+1.5V Pin=R72-2
Added Pin To Net: NetName=+1.5V Pin=R74-2
Added Pin To Net: NetName=+1.5V Pin=R76-1
Added Pin To Net: NetName=+1.5V Pin=R77-1
Added Pin To Net: NetName=+1.5V Pin=R80-1
Added Pin To Net: NetName=+1.5V Pin=R90-1
Added Pin To Net: NetName=+1.5V Pin=R91-1
Added Pin To Net: NetName=+1.5V Pin=TP2-1
Added Pin To Net: NetName=+1.5V Pin=TP5-1
Added Pin To Net: NetName=+1.5V Pin=U1-A3
Added Pin To Net: NetName=+1.5V Pin=U1-A8
Added Pin To Net: NetName=+1.5V Pin=U1-A18
Added Pin To Net: NetName=+1.5V Pin=U1-B1
Added Pin To Net: NetName=+1.5V Pin=U1-B11
Added Pin To Net: NetName=+1.5V Pin=U1-C4
Added Pin To Net: NetName=+1.5V Pin=U1-C9
Added Pin To Net: NetName=+1.5V Pin=U1-C14
Added Pin To Net: NetName=+1.5V Pin=U1-D2
Added Pin To Net: NetName=+1.5V Pin=U1-D17
Added Pin To Net: NetName=+1.5V Pin=U1-E5
Added Pin To Net: NetName=+1.5V Pin=U1-E10
Added Pin To Net: NetName=+1.5V Pin=U1-E20
Added Pin To Net: NetName=+1.5V Pin=U1-F3
Added Pin To Net: NetName=+1.5V Pin=U1-F7
Added Pin To Net: NetName=+1.5V Pin=U1-F10
Added Pin To Net: NetName=+1.5V Pin=U1-G1
Added Pin To Net: NetName=+1.5V Pin=U1-G10
Added Pin To Net: NetName=+1.5V Pin=U1-G12
Added Pin To Net: NetName=+1.5V Pin=U1-G16
Added Pin To Net: NetName=+1.5V Pin=U1-H4
Added Pin To Net: NetName=+1.5V Pin=U1-H7
Added Pin To Net: NetName=+1.5V Pin=U1-H9
Added Pin To Net: NetName=+1.5V Pin=U1-H11
Added Pin To Net: NetName=+1.5V Pin=U1-H13
Added Pin To Net: NetName=+1.5V Pin=U1-H19
Added Pin To Net: NetName=+1.5V Pin=U1-J2
Added Pin To Net: NetName=+1.5V Pin=U1-J8
Added Pin To Net: NetName=+1.5V Pin=U1-J12
Added Pin To Net: NetName=+1.5V Pin=U1-K5
Added Pin To Net: NetName=+1.5V Pin=U1-K7
Added Pin To Net: NetName=+1.5V Pin=U1-K11
Added Pin To Net: NetName=+1.5V Pin=U1-K13
Added Pin To Net: NetName=+1.5V Pin=U1-K15
Added Pin To Net: NetName=+1.5V Pin=U1-L3
Added Pin To Net: NetName=+1.5V Pin=U1-L8
Added Pin To Net: NetName=+1.5V Pin=U1-L12
Added Pin To Net: NetName=+1.5V Pin=U1-L18
Added Pin To Net: NetName=+1.5V Pin=U1-M1
Added Pin To Net: NetName=+1.5V Pin=U1-M7
Added Pin To Net: NetName=+1.5V Pin=U1-M9
Added Pin To Net: NetName=+1.5V Pin=U1-M10
Added Pin To Net: NetName=+1.5V Pin=U1-M11
Added Pin To Net: NetName=+1.5V Pin=U1-M13
Added Pin To Net: NetName=+1.5V Pin=U1-N4
Added Pin To Net: NetName=+1.5V Pin=U1-N8
Added Pin To Net: NetName=+1.5V Pin=U1-N10
Added Pin To Net: NetName=+1.5V Pin=U1-N12
Added Pin To Net: NetName=+1.5V Pin=U1-N14
Added Pin To Net: NetName=+1.5V Pin=U1-P2
Added Pin To Net: NetName=+1.5V Pin=U1-P7
Added Pin To Net: NetName=+1.5V Pin=U1-P9
Added Pin To Net: NetName=+1.5V Pin=U1-P11
Added Pin To Net: NetName=+1.5V Pin=U1-P13
Added Pin To Net: NetName=+1.5V Pin=U1-P17
Added Pin To Net: NetName=+1.5V Pin=U1-R5
Added Pin To Net: NetName=+1.5V Pin=U1-R8
Added Pin To Net: NetName=+1.5V Pin=U1-R12
Added Pin To Net: NetName=+1.5V Pin=U1-R20
Added Pin To Net: NetName=+1.5V Pin=U1-T3
Added Pin To Net: NetName=+1.5V Pin=U1-T7
Added Pin To Net: NetName=+1.5V Pin=U1-T13
Added Pin To Net: NetName=+1.5V Pin=U1-U1
Added Pin To Net: NetName=+1.5V Pin=U1-U6
Added Pin To Net: NetName=+1.5V Pin=U1-U16
Added Pin To Net: NetName=+1.5V Pin=U1-V4
Added Pin To Net: NetName=+1.5V Pin=U1-V9
Added Pin To Net: NetName=+1.5V Pin=U1-V19
Added Pin To Net: NetName=+1.5V Pin=U1-W2
Added Pin To Net: NetName=+1.5V Pin=U1-W12
Added Pin To Net: NetName=+1.5V Pin=U1-Y5
Added Pin To Net: NetName=+1.5V Pin=U1-Y15
Added Pin To Net: NetName=+1.5V Pin=U2-1
Added Pin To Net: NetName=+1.5V Pin=U3-A1
Added Pin To Net: NetName=+1.5V Pin=U3-A8
Added Pin To Net: NetName=+1.5V Pin=U3-A9
Added Pin To Net: NetName=+1.5V Pin=U3-B1
Added Pin To Net: NetName=+1.5V Pin=U3-B2
Added Pin To Net: NetName=+1.5V Pin=U3-B3
Added Pin To Net: NetName=+1.5V Pin=U3-B9
Added Pin To Net: NetName=+1.5V Pin=U3-C1
Added Pin To Net: NetName=+1.5V Pin=U3-C9
Added Pin To Net: NetName=+1.5V Pin=U3-D1
Added Pin To Net: NetName=+1.5V Pin=U3-D2
Added Pin To Net: NetName=+1.5V Pin=U3-D8
Added Pin To Net: NetName=+1.5V Pin=U3-D9
Added Pin To Net: NetName=+1.5V Pin=U3-E1
Added Pin To Net: NetName=+1.5V Pin=U3-E2
Added Pin To Net: NetName=+1.5V Pin=U3-E8
Added Pin To Net: NetName=+1.5V Pin=U3-E9
Added Pin To Net: NetName=+1.5V Pin=U3-F1
Added Pin To Net: NetName=+1.5V Pin=U3-F9
Added Pin To Net: NetName=+1.5V Pin=U3-G1
Added Pin To Net: NetName=+1.5V Pin=U3-G7
Added Pin To Net: NetName=+1.5V Pin=U3-G8
Added Pin To Net: NetName=+1.5V Pin=U3-G9
Added Pin To Net: NetName=+1.5V Pin=U3-H2
Added Pin To Net: NetName=+1.5V Pin=U3-H9
Added Pin To Net: NetName=+1.5V Pin=U3-J2
Added Pin To Net: NetName=+1.5V Pin=U3-J8
Added Pin To Net: NetName=+1.5V Pin=U3-K2
Added Pin To Net: NetName=+1.5V Pin=U3-K8
Added Pin To Net: NetName=+1.5V Pin=U3-M1
Added Pin To Net: NetName=+1.5V Pin=U3-M9
Added Pin To Net: NetName=+1.5V Pin=U3-N1
Added Pin To Net: NetName=+1.5V Pin=U3-N9
Added Pin To Net: NetName=+1.5V Pin=U3-P1
Added Pin To Net: NetName=+1.5V Pin=U3-P9
Added Pin To Net: NetName=+1.5V Pin=U3-R1
Added Pin To Net: NetName=+1.5V Pin=U3-R9
Added Pin To Net: NetName=+1.5V Pin=U3-T1
Added Pin To Net: NetName=+1.5V Pin=U3-T9
Added Pin To Net: NetName=+1.5V Pin=U4-A1
Added Pin To Net: NetName=+1.5V Pin=U4-A8
Added Pin To Net: NetName=+1.5V Pin=U4-A9
Added Pin To Net: NetName=+1.5V Pin=U4-B1
Added Pin To Net: NetName=+1.5V Pin=U4-B2
Added Pin To Net: NetName=+1.5V Pin=U4-B3
Added Pin To Net: NetName=+1.5V Pin=U4-B9
Added Pin To Net: NetName=+1.5V Pin=U4-C1
Added Pin To Net: NetName=+1.5V Pin=U4-C9
Added Pin To Net: NetName=+1.5V Pin=U4-D1
Added Pin To Net: NetName=+1.5V Pin=U4-D2
Added Pin To Net: NetName=+1.5V Pin=U4-D8
Added Pin To Net: NetName=+1.5V Pin=U4-D9
Added Pin To Net: NetName=+1.5V Pin=U4-E1
Added Pin To Net: NetName=+1.5V Pin=U4-E2
Added Pin To Net: NetName=+1.5V Pin=U4-E8
Added Pin To Net: NetName=+1.5V Pin=U4-E9
Added Pin To Net: NetName=+1.5V Pin=U4-F1
Added Pin To Net: NetName=+1.5V Pin=U4-F9
Added Pin To Net: NetName=+1.5V Pin=U4-G1
Added Pin To Net: NetName=+1.5V Pin=U4-G7
Added Pin To Net: NetName=+1.5V Pin=U4-G8
Added Pin To Net: NetName=+1.5V Pin=U4-G9
Added Pin To Net: NetName=+1.5V Pin=U4-H2
Added Pin To Net: NetName=+1.5V Pin=U4-H9
Added Pin To Net: NetName=+1.5V Pin=U4-J2
Added Pin To Net: NetName=+1.5V Pin=U4-J8
Added Pin To Net: NetName=+1.5V Pin=U4-K2
Added Pin To Net: NetName=+1.5V Pin=U4-K8
Added Pin To Net: NetName=+1.5V Pin=U4-M1
Added Pin To Net: NetName=+1.5V Pin=U4-M9
Added Pin To Net: NetName=+1.5V Pin=U4-N1
Added Pin To Net: NetName=+1.5V Pin=U4-N9
Added Pin To Net: NetName=+1.5V Pin=U4-P1
Added Pin To Net: NetName=+1.5V Pin=U4-P9
Added Pin To Net: NetName=+1.5V Pin=U4-R1
Added Pin To Net: NetName=+1.5V Pin=U4-R9
Added Pin To Net: NetName=+1.5V Pin=U4-T1
Added Pin To Net: NetName=+1.5V Pin=U4-T9
Added Pin To Net: NetName=+1.5V Pin=U5-2
Added Pin To Net: NetName=+1.5V Pin=U5-4
Added Pin To Net: NetName=+1.5V Pin=U5-8
Added Pin To Net: NetName=+1.5V Pin=U5-11
Added Pin To Net: NetName=+1.5V Pin=U6-C4
Added Pin To Net: NetName=+1.5V Pin=U6-E7
Added Pin To Net: NetName=+1.5V Pin=U6-G5
Added Pin To Net: NetName=+1.5V Pin=U6-H10
Added Pin To Net: NetName=+1.5V Pin=U6-K8
Added Pin To Net: NetName=+1.5V Pin=U6-N2
Added Pin To Net: NetName=+1.5V Pin=U6-N5
Added Pin To Net: NetName=+1.5V Pin=U6-P4
Added Pin To Net: NetName=+1.5V Pin=U6-P6
Added Pin To Net: NetName=+1.5V Pin=U7-4
Added Pin To Net: NetName=+1.5V Pin=U8-2
Added Pin To Net: NetName=+1.5V Pin=U9-6
Added Pin To Net: NetName=+1.5V Pin=U9-7
Added Pin To Net: NetName=+1.5V Pin=U9-8
Added Pin To Net: NetName=+1.5V Pin=U9-15
Added Pin To Net: NetName=+1.5V Pin=U9-16
Added Pin To Net: NetName=+1.5V Pin=U9-20
Added Pin To Net: NetName=+1.5V Pin=U10-6
Added Pin To Net: NetName=+1.5V Pin=U10-7
Added Pin To Net: NetName=+1.5V Pin=U10-8
Added Pin To Net: NetName=+1.5V Pin=U10-15
Added Pin To Net: NetName=+1.5V Pin=U10-16
Added Pin To Net: NetName=+1.5V Pin=U10-20
Added Pin To Net: NetName=+1.5V Pin=U11-6
Added Pin To Net: NetName=+1.5V Pin=U11-7
Added Pin To Net: NetName=+1.5V Pin=U11-8
Added Pin To Net: NetName=+1.5V Pin=U11-14
Added Pin To Net: NetName=+1.5V Pin=U11-15
Added Pin To Net: NetName=+1.5V Pin=U11-16
Added Pin To Net: NetName=+1.5V Pin=U11-20
Added Pin To Net: NetName=+1.5V Pin=U13-47
Added Pin To Net: NetName=+1.5V Pin=U13-49
Added Pin To Net: NetName=+1.5V Pin=U?-6
Added Pin To Net: NetName=+1.5V Pin=U?-7
Added Pin To Net: NetName=+1.5V Pin=U?-8
Added Pin To Net: NetName=+1.5V Pin=U?-15
Added Pin To Net: NetName=+1.5V Pin=U?-16
Added Pin To Net: NetName=+1.5V Pin=U?-20
Added Pin To Net: NetName=+1.5V Pin=X1-2
Added Pin To Net: NetName=+1.5V Pin=X2-2
Added Pin To Net: NetName=+1.5V Pin=Y1-2
Added Pin To Net: NetName=+1.5V Pin=Y1-4
Added Net: Name=+1.5V
Added Pin To Net: NetName=+1.8V Pin=C21-2
Added Pin To Net: NetName=+1.8V Pin=C22-2
Added Pin To Net: NetName=+1.8V Pin=C23-2
Added Pin To Net: NetName=+1.8V Pin=C24-2
Added Pin To Net: NetName=+1.8V Pin=C25-2
Added Pin To Net: NetName=+1.8V Pin=C26-2
Added Pin To Net: NetName=+1.8V Pin=C36-2
Added Pin To Net: NetName=+1.8V Pin=C37-2
Added Pin To Net: NetName=+1.8V Pin=C38-2
Added Pin To Net: NetName=+1.8V Pin=C39-2
Added Pin To Net: NetName=+1.8V Pin=C79-2
Added Pin To Net: NetName=+1.8V Pin=C80-2
Added Pin To Net: NetName=+1.8V Pin=C81-2
Added Pin To Net: NetName=+1.8V Pin=C82-2
Added Pin To Net: NetName=+1.8V Pin=C83-2
Added Pin To Net: NetName=+1.8V Pin=C84-2
Added Pin To Net: NetName=+1.8V Pin=C157-2
Added Pin To Net: NetName=+1.8V Pin=C158-2
Added Pin To Net: NetName=+1.8V Pin=C159-2
Added Pin To Net: NetName=+1.8V Pin=C160-2
Added Pin To Net: NetName=+1.8V Pin=C167-2
Added Pin To Net: NetName=+1.8V Pin=C168-2
Added Pin To Net: NetName=+1.8V Pin=C187-2
Added Pin To Net: NetName=+1.8V Pin=C188-2
Added Pin To Net: NetName=+1.8V Pin=L1-2
Added Pin To Net: NetName=+1.8V Pin=L3-2
Added Pin To Net: NetName=+1.8V Pin=L5-2
Added Pin To Net: NetName=+1.8V Pin=R20-2
Added Pin To Net: NetName=+1.8V Pin=R25-2
Added Pin To Net: NetName=+1.8V Pin=R60-2
Added Pin To Net: NetName=+1.8V Pin=R61-2
Added Pin To Net: NetName=+1.8V Pin=R62-2
Added Pin To Net: NetName=+1.8V Pin=R63-2
Added Pin To Net: NetName=+1.8V Pin=R64-2
Added Pin To Net: NetName=+1.8V Pin=R65-2
Added Pin To Net: NetName=+1.8V Pin=R68-2
Added Pin To Net: NetName=+1.8V Pin=R69-2
Added Pin To Net: NetName=+1.8V Pin=R79-1
Added Pin To Net: NetName=+1.8V Pin=R82-2
Added Pin To Net: NetName=+1.8V Pin=R84-2
Added Pin To Net: NetName=+1.8V Pin=R85-2
Added Pin To Net: NetName=+1.8V Pin=R86-2
Added Pin To Net: NetName=+1.8V Pin=TP3-1
Added Pin To Net: NetName=+1.8V Pin=U1-A13
Added Pin To Net: NetName=+1.8V Pin=U1-B16
Added Pin To Net: NetName=+1.8V Pin=U1-D12
Added Pin To Net: NetName=+1.8V Pin=U1-E15
Added Pin To Net: NetName=+1.8V Pin=U1-F8
Added Pin To Net: NetName=+1.8V Pin=U1-F11
Added Pin To Net: NetName=+1.8V Pin=U1-G9
Added Pin To Net: NetName=+1.8V Pin=U1-H8
Added Pin To Net: NetName=+1.8V Pin=U1-J11
Added Pin To Net: NetName=+1.8V Pin=U1-K8
Added Pin To Net: NetName=+1.8V Pin=U1-L11
Added Pin To Net: NetName=+1.8V Pin=U1-M8
Added Pin To Net: NetName=+1.8V Pin=U1-N9
Added Pin To Net: NetName=+1.8V Pin=U1-N11
Added Pin To Net: NetName=+1.8V Pin=U1-P10
Added Pin To Net: NetName=+1.8V Pin=U1-R9
Added Pin To Net: NetName=+1.8V Pin=U6-C6
Added Pin To Net: NetName=+1.8V Pin=U6-M4
Added Pin To Net: NetName=+1.8V Pin=U6-N4
Added Pin To Net: NetName=+1.8V Pin=U6-P3
Added Pin To Net: NetName=+1.8V Pin=U6-P5
Added Pin To Net: NetName=+1.8V Pin=U10-14
Added Pin To Net: NetName=+1.8V Pin=U13-15
Added Pin To Net: NetName=+1.8V Pin=U13-21
Added Net: Name=+1.8V
Added Pin To Net: NetName=+3.3V Pin=C3-2
Added Pin To Net: NetName=+3.3V Pin=C4-1
Added Pin To Net: NetName=+3.3V Pin=C6-1
Added Pin To Net: NetName=+3.3V Pin=C7-2
Added Pin To Net: NetName=+3.3V Pin=C8-2
Added Pin To Net: NetName=+3.3V Pin=C9-2
Added Pin To Net: NetName=+3.3V Pin=C10-2
Added Pin To Net: NetName=+3.3V Pin=C11-2
Added Pin To Net: NetName=+3.3V Pin=C12-2
Added Pin To Net: NetName=+3.3V Pin=C13-2
Added Pin To Net: NetName=+3.3V Pin=C14-2
Added Pin To Net: NetName=+3.3V Pin=C27-2
Added Pin To Net: NetName=+3.3V Pin=C28-2
Added Pin To Net: NetName=+3.3V Pin=C29-2
Added Pin To Net: NetName=+3.3V Pin=C30-2
Added Pin To Net: NetName=+3.3V Pin=C31-2
Added Pin To Net: NetName=+3.3V Pin=C32-2
Added Pin To Net: NetName=+3.3V Pin=C33-2
Added Pin To Net: NetName=+3.3V Pin=C34-2
Added Pin To Net: NetName=+3.3V Pin=C35-2
Added Pin To Net: NetName=+3.3V Pin=C44-2
Added Pin To Net: NetName=+3.3V Pin=C45-2
Added Pin To Net: NetName=+3.3V Pin=C46-2
Added Pin To Net: NetName=+3.3V Pin=C47-2
Added Pin To Net: NetName=+3.3V Pin=C48-2
Added Pin To Net: NetName=+3.3V Pin=C49-2
Added Pin To Net: NetName=+3.3V Pin=C50-2
Added Pin To Net: NetName=+3.3V Pin=C51-2
Added Pin To Net: NetName=+3.3V Pin=C52-2
Added Pin To Net: NetName=+3.3V Pin=C75-2
Added Pin To Net: NetName=+3.3V Pin=C76-2
Added Pin To Net: NetName=+3.3V Pin=C77-2
Added Pin To Net: NetName=+3.3V Pin=C78-2
Added Pin To Net: NetName=+3.3V Pin=C142-2
Added Pin To Net: NetName=+3.3V Pin=C148-2
Added Pin To Net: NetName=+3.3V Pin=C151-2
Added Pin To Net: NetName=+3.3V Pin=C153-2
Added Pin To Net: NetName=+3.3V Pin=C154-2
Added Pin To Net: NetName=+3.3V Pin=C155-2
Added Pin To Net: NetName=+3.3V Pin=C156-2
Added Pin To Net: NetName=+3.3V Pin=C175-2
Added Pin To Net: NetName=+3.3V Pin=C176-2
Added Pin To Net: NetName=+3.3V Pin=C181-2
Added Pin To Net: NetName=+3.3V Pin=C182-2
Added Pin To Net: NetName=+3.3V Pin=C183-2
Added Pin To Net: NetName=+3.3V Pin=C184-2
Added Pin To Net: NetName=+3.3V Pin=C185-2
Added Pin To Net: NetName=+3.3V Pin=C186-2
Added Pin To Net: NetName=+3.3V Pin=J1-6
Added Pin To Net: NetName=+3.3V Pin=L7-2
Added Pin To Net: NetName=+3.3V Pin=LED3-1
Added Pin To Net: NetName=+3.3V Pin=LED4-1
Added Pin To Net: NetName=+3.3V Pin=R1-2
Added Pin To Net: NetName=+3.3V Pin=R2-2
Added Pin To Net: NetName=+3.3V Pin=R9-1
Added Pin To Net: NetName=+3.3V Pin=R22-2
Added Pin To Net: NetName=+3.3V Pin=R58-2
Added Pin To Net: NetName=+3.3V Pin=R59-2
Added Pin To Net: NetName=+3.3V Pin=R73-2
Added Pin To Net: NetName=+3.3V Pin=R75-2
Added Pin To Net: NetName=+3.3V Pin=R81-2
Added Pin To Net: NetName=+3.3V Pin=R83-2
Added Pin To Net: NetName=+3.3V Pin=R87-2
Added Pin To Net: NetName=+3.3V Pin=R88-2
Added Pin To Net: NetName=+3.3V Pin=R89-2
Added Pin To Net: NetName=+3.3V Pin=TP4-1
Added Pin To Net: NetName=+3.3V Pin=U1-B6
Added Pin To Net: NetName=+3.3V Pin=U1-D7
Added Pin To Net: NetName=+3.3V Pin=U1-K6
Added Pin To Net: NetName=+3.3V Pin=U1-M6
Added Pin To Net: NetName=+3.3V Pin=U1-N6
Added Pin To Net: NetName=+3.3V Pin=U1-N19
Added Pin To Net: NetName=+3.3V Pin=U1-R6
Added Pin To Net: NetName=+3.3V Pin=U1-R15
Added Pin To Net: NetName=+3.3V Pin=U1-T6
Added Pin To Net: NetName=+3.3V Pin=U1-T8
Added Pin To Net: NetName=+3.3V Pin=U1-T18
Added Pin To Net: NetName=+3.3V Pin=U1-U11
Added Pin To Net: NetName=+3.3V Pin=U1-V14
Added Pin To Net: NetName=+3.3V Pin=U1-W7
Added Pin To Net: NetName=+3.3V Pin=U1-W17
Added Pin To Net: NetName=+3.3V Pin=U1-Y10
Added Pin To Net: NetName=+3.3V Pin=U1-Y20
Added Pin To Net: NetName=+3.3V Pin=U2-4
Added Pin To Net: NetName=+3.3V Pin=U5-7
Added Pin To Net: NetName=+3.3V Pin=U5-10
Added Pin To Net: NetName=+3.3V Pin=U6-E6
Added Pin To Net: NetName=+3.3V Pin=U6-F5
Added Pin To Net: NetName=+3.3V Pin=U6-J10
Added Pin To Net: NetName=+3.3V Pin=U6-K9
Added Pin To Net: NetName=+3.3V Pin=U7-8
Added Pin To Net: NetName=+3.3V Pin=U8-3
Added Pin To Net: NetName=+3.3V Pin=U13-6
Added Pin To Net: NetName=+3.3V Pin=U13-37
Added Pin To Net: NetName=+3.3V Pin=U13-41
Added Pin To Net: NetName=+3.3V Pin=U13-44
Added Pin To Net: NetName=+3.3V Pin=U13-45
Added Pin To Net: NetName=+3.3V Pin=U?-14
Added Pin To Net: NetName=+3.3V Pin=X1-1
Added Pin To Net: NetName=+3.3V Pin=X1-4
Added Pin To Net: NetName=+3.3V Pin=X2-1
Added Pin To Net: NetName=+3.3V Pin=X2-4
Added Net: Name=+3.3V
Added Pin To Net: NetName=+5V Pin=C169-2
Added Pin To Net: NetName=+5V Pin=C170-2
Added Pin To Net: NetName=+5V Pin=C171-2
Added Pin To Net: NetName=+5V Pin=C172-2
Added Pin To Net: NetName=+5V Pin=C177-2
Added Pin To Net: NetName=+5V Pin=C178-2
Added Pin To Net: NetName=+5V Pin=C179-2
Added Pin To Net: NetName=+5V Pin=C180-2
Added Pin To Net: NetName=+5V Pin=U9-9
Added Pin To Net: NetName=+5V Pin=U9-10
Added Pin To Net: NetName=+5V Pin=U9-11
Added Pin To Net: NetName=+5V Pin=U9-12
Added Pin To Net: NetName=+5V Pin=U9-13
Added Pin To Net: NetName=+5V Pin=U10-9
Added Pin To Net: NetName=+5V Pin=U10-10
Added Pin To Net: NetName=+5V Pin=U10-11
Added Pin To Net: NetName=+5V Pin=U10-12
Added Pin To Net: NetName=+5V Pin=U11-9
Added Pin To Net: NetName=+5V Pin=U11-10
Added Pin To Net: NetName=+5V Pin=U11-11
Added Pin To Net: NetName=+5V Pin=U11-12
Added Pin To Net: NetName=+5V Pin=U?-9
Added Pin To Net: NetName=+5V Pin=U?-10
Added Pin To Net: NetName=+5V Pin=U?-11
Added Pin To Net: NetName=+5V Pin=U?-12
Added Net: Name=+5V
Added Pin To Net: NetName=1V0_PG Pin=R66-1
Added Pin To Net: NetName=1V0_PG Pin=U9-4
Added Pin To Net: NetName=1V0_PG Pin=U10-13
Added Net: Name=1V0_PG
Added Pin To Net: NetName=1V5_PG Pin=R74-1
Added Pin To Net: NetName=1V5_PG Pin=U11-4
Added Pin To Net: NetName=1V5_PG Pin=U?-13
Added Net: Name=1V5_PG
Added Pin To Net: NetName=1V8_PG Pin=R69-1
Added Pin To Net: NetName=1V8_PG Pin=U10-4
Added Pin To Net: NetName=1V8_PG Pin=U11-13
Added Net: Name=1V8_PG
Added Pin To Net: NetName=ADVDD10 Pin=C191-2
Added Pin To Net: NetName=ADVDD10 Pin=C192-2
Added Pin To Net: NetName=ADVDD10 Pin=C193-2
Added Pin To Net: NetName=ADVDD10 Pin=R78-2
Added Pin To Net: NetName=ADVDD10 Pin=U13-3
Added Pin To Net: NetName=ADVDD10 Pin=U13-9
Added Pin To Net: NetName=ADVDD10 Pin=U13-40
Added Net: Name=ADVDD10
Added Pin To Net: NetName=AGND Pin=C1-1
Added Pin To Net: NetName=AGND Pin=C2-1
Added Pin To Net: NetName=AGND Pin=L2-2
Added Pin To Net: NetName=AGND Pin=U1-J10
Added Pin To Net: NetName=AGND Pin=U1-K10
Added Pin To Net: NetName=AGND Pin=U1-L9
Added Net: Name=AGND
Added Pin To Net: NetName=AVCC Pin=C1-2
Added Pin To Net: NetName=AVCC Pin=C2-2
Added Pin To Net: NetName=AVCC Pin=L1-1
Added Pin To Net: NetName=AVCC Pin=U1-J9
Added Net: Name=AVCC
Added Pin To Net: NetName=B34_IO0 Pin=U1-R19
Added Net: Name=B34_IO0
Added Pin To Net: NetName=B34_IO25 Pin=U1-T19
Added Net: Name=B34_IO25
Added Pin To Net: NetName=B34_L1_N Pin=U1-P16
Added Net: Name=B34_L1_N
Added Pin To Net: NetName=B34_L1_P Pin=U1-P15
Added Net: Name=B34_L1_P
Added Pin To Net: NetName=B34_L2_N Pin=U1-R14
Added Net: Name=B34_L2_N
Added Pin To Net: NetName=B34_L2_P Pin=U1-P14
Added Net: Name=B34_L2_P
Added Pin To Net: NetName=B34_L3_N Pin=U1-V13
Added Net: Name=B34_L3_N
Added Pin To Net: NetName=B34_L3_P Pin=R8-2
Added Pin To Net: NetName=B34_L3_P Pin=U1-U13
Added Net: Name=B34_L3_P
Added Pin To Net: NetName=B34_L4_N Pin=U1-T15
Added Net: Name=B34_L4_N
Added Pin To Net: NetName=B34_L4_P Pin=U1-T14
Added Net: Name=B34_L4_P
Added Pin To Net: NetName=B34_L5_N Pin=U1-Y14
Added Net: Name=B34_L5_N
Added Pin To Net: NetName=B34_L5_P Pin=U1-W14
Added Net: Name=B34_L5_P
Added Pin To Net: NetName=B34_L6_N Pin=U1-P18
Added Net: Name=B34_L6_N
Added Pin To Net: NetName=B34_L6_P Pin=U1-N17
Added Net: Name=B34_L6_P
Added Pin To Net: NetName=B34_L7_N Pin=U1-W16
Added Net: Name=B34_L7_N
Added Pin To Net: NetName=B34_L7_P Pin=U1-V16
Added Net: Name=B34_L7_P
Added Pin To Net: NetName=B34_L8_N Pin=U1-R17
Added Net: Name=B34_L8_N
Added Pin To Net: NetName=B34_L8_P Pin=U1-R16
Added Net: Name=B34_L8_P
Added Pin To Net: NetName=B34_L9_N Pin=U1-W19
Added Net: Name=B34_L9_N
Added Pin To Net: NetName=B34_L9_P Pin=U1-W18
Added Net: Name=B34_L9_P
Added Pin To Net: NetName=B34_L10_N Pin=U1-Y19
Added Net: Name=B34_L10_N
Added Pin To Net: NetName=B34_L10_P Pin=U1-Y18
Added Net: Name=B34_L10_P
Added Pin To Net: NetName=B34_L11_N Pin=U1-U15
Added Net: Name=B34_L11_N
Added Pin To Net: NetName=B34_L11_P Pin=U1-U14
Added Net: Name=B34_L11_P
Added Pin To Net: NetName=B34_L12_N Pin=U1-U19
Added Net: Name=B34_L12_N
Added Pin To Net: NetName=B34_L13_N Pin=U1-W20
Added Net: Name=B34_L13_N
Added Pin To Net: NetName=B34_L13_P Pin=U1-V20
Added Net: Name=B34_L13_P
Added Pin To Net: NetName=B34_L14_N Pin=U1-U17
Added Net: Name=B34_L14_N
Added Pin To Net: NetName=B34_L14_P Pin=U1-T16
Added Net: Name=B34_L14_P
Added Pin To Net: NetName=B34_L15_N Pin=U1-U20
Added Net: Name=B34_L15_N
Added Pin To Net: NetName=B34_L15_P Pin=U1-T20
Added Net: Name=B34_L15_P
Added Pin To Net: NetName=B34_L16_N Pin=U1-Y17
Added Net: Name=B34_L16_N
Added Pin To Net: NetName=B34_L16_P Pin=U1-Y16
Added Net: Name=B34_L16_P
Added Pin To Net: NetName=B34_L17_N Pin=U1-P20
Added Net: Name=B34_L17_N
Added Pin To Net: NetName=B34_L17_P Pin=U1-N20
Added Net: Name=B34_L17_P
Added Pin To Net: NetName=B34_L18_N Pin=U1-V18
Added Net: Name=B34_L18_N
Added Pin To Net: NetName=B34_L18_P Pin=U1-V17
Added Net: Name=B34_L18_P
Added Pin To Net: NetName=B34_L19_N Pin=U1-R18
Added Net: Name=B34_L19_N
Added Pin To Net: NetName=B34_L19_P Pin=U1-T17
Added Net: Name=B34_L19_P
Added Pin To Net: NetName=B34_L20_N Pin=U1-P19
Added Net: Name=B34_L20_N
Added Pin To Net: NetName=B34_L20_P Pin=U1-N18
Added Net: Name=B34_L20_P
Added Pin To Net: NetName=B34_L21_N Pin=U1-T10
Added Net: Name=B34_L21_N
Added Pin To Net: NetName=B34_L21_P Pin=U1-T11
Added Net: Name=B34_L21_P
Added Pin To Net: NetName=B34_L22_N Pin=U1-W15
Added Net: Name=B34_L22_N
Added Pin To Net: NetName=B34_L22_P Pin=U1-V15
Added Net: Name=B34_L22_P
Added Pin To Net: NetName=B34_L23_N Pin=U1-U12
Added Net: Name=B34_L23_N
Added Pin To Net: NetName=B34_L23_P Pin=U1-T12
Added Net: Name=B34_L23_P
Added Pin To Net: NetName=B34_L24_N Pin=U1-W13
Added Net: Name=B34_L24_N
Added Pin To Net: NetName=B34_L24_P Pin=U1-V12
Added Net: Name=B34_L24_P
Added Pin To Net: NetName=B35_IO0 Pin=U1-G14
Added Net: Name=B35_IO0
Added Pin To Net: NetName=B35_IO25 Pin=U1-J15
Added Net: Name=B35_IO25
Added Pin To Net: NetName=B35_L1_N Pin=U1-G15
Added Net: Name=B35_L1_N
Added Pin To Net: NetName=B35_L1_P Pin=U1-H15
Added Net: Name=B35_L1_P
Added Pin To Net: NetName=B35_L2_N Pin=U1-L20
Added Net: Name=B35_L2_N
Added Pin To Net: NetName=B35_L2_P Pin=U1-L19
Added Net: Name=B35_L2_P
Added Pin To Net: NetName=B35_L3_N Pin=U1-N16
Added Net: Name=B35_L3_N
Added Pin To Net: NetName=B35_L3_P Pin=U1-N15
Added Net: Name=B35_L3_P
Added Pin To Net: NetName=B35_L4_N Pin=U1-H20
Added Net: Name=B35_L4_N
Added Pin To Net: NetName=B35_L4_P Pin=U1-J20
Added Net: Name=B35_L4_P
Added Pin To Net: NetName=B35_L5_N Pin=U1-M18
Added Net: Name=B35_L5_N
Added Pin To Net: NetName=B35_L5_P Pin=U1-M17
Added Net: Name=B35_L5_P
Added Pin To Net: NetName=B35_L6_N Pin=U1-L17
Added Net: Name=B35_L6_N
Added Pin To Net: NetName=B35_L6_P Pin=U1-L16
Added Net: Name=B35_L6_P
Added Pin To Net: NetName=B35_L7_N Pin=U1-M15
Added Net: Name=B35_L7_N
Added Pin To Net: NetName=B35_L7_P Pin=U1-M14
Added Net: Name=B35_L7_P
Added Pin To Net: NetName=B35_L8_N Pin=U1-J19
Added Net: Name=B35_L8_N
Added Pin To Net: NetName=B35_L8_P Pin=U1-K19
Added Net: Name=B35_L8_P
Added Pin To Net: NetName=B35_L9_N Pin=U1-H18
Added Net: Name=B35_L9_N
Added Pin To Net: NetName=B35_L9_P Pin=U1-J18
Added Net: Name=B35_L9_P
Added Pin To Net: NetName=B35_L10_N Pin=U1-G18
Added Net: Name=B35_L10_N
Added Pin To Net: NetName=B35_L10_P Pin=U1-G17
Added Net: Name=B35_L10_P
Added Pin To Net: NetName=B35_L11_N Pin=U1-H17
Added Net: Name=B35_L11_N
Added Pin To Net: NetName=B35_L11_P Pin=U1-H16
Added Net: Name=B35_L11_P
Added Pin To Net: NetName=B35_L12_N Pin=U1-L15
Added Net: Name=B35_L12_N
Added Pin To Net: NetName=B35_L12_P Pin=U1-L14
Added Net: Name=B35_L12_P
Added Pin To Net: NetName=B35_L13_N Pin=U1-M20
Added Net: Name=B35_L13_N
Added Pin To Net: NetName=B35_L13_P Pin=U1-M19
Added Net: Name=B35_L13_P
Added Pin To Net: NetName=B35_L14_N Pin=U1-J14
Added Net: Name=B35_L14_N
Added Pin To Net: NetName=B35_L14_P Pin=U1-K14
Added Net: Name=B35_L14_P
Added Pin To Net: NetName=B35_L15_N Pin=U1-K18
Added Net: Name=B35_L15_N
Added Pin To Net: NetName=B35_L15_P Pin=U1-K17
Added Net: Name=B35_L15_P
Added Pin To Net: NetName=B35_L16_N Pin=U1-F17
Added Net: Name=B35_L16_N
Added Pin To Net: NetName=B35_L16_P Pin=U1-F16
Added Net: Name=B35_L16_P
Added Pin To Net: NetName=B35_L17_N Pin=U1-G20
Added Net: Name=B35_L17_N
Added Pin To Net: NetName=B35_L17_P Pin=U1-G19
Added Net: Name=B35_L17_P
Added Pin To Net: NetName=B35_L18_N Pin=U1-F20
Added Net: Name=B35_L18_N
Added Pin To Net: NetName=B35_L18_P Pin=U1-F19
Added Net: Name=B35_L18_P
Added Pin To Net: NetName=B35_L19_N Pin=U1-E19
Added Net: Name=B35_L19_N
Added Pin To Net: NetName=B35_L19_P Pin=U1-E18
Added Net: Name=B35_L19_P
Added Pin To Net: NetName=B35_L20_N Pin=U1-D18
Added Net: Name=B35_L20_N
Added Pin To Net: NetName=B35_L20_P Pin=U1-E17
Added Net: Name=B35_L20_P
Added Pin To Net: NetName=B35_L21_N Pin=U1-B20
Added Net: Name=B35_L21_N
Added Pin To Net: NetName=B35_L21_P Pin=U1-C20
Added Net: Name=B35_L21_P
Added Pin To Net: NetName=B35_L22_N Pin=U1-A20
Added Net: Name=B35_L22_N
Added Pin To Net: NetName=B35_L22_P Pin=U1-B19
Added Net: Name=B35_L22_P
Added Pin To Net: NetName=B35_L23_N Pin=U1-D20
Added Net: Name=B35_L23_N
Added Pin To Net: NetName=B35_L23_P Pin=U1-D19
Added Net: Name=B35_L23_P
Added Pin To Net: NetName=B35_L24_P Pin=U1-K16
Added Net: Name=B35_L24_P
Added Pin To Net: NetName=DDR3_A0 Pin=R28-2
Added Pin To Net: NetName=DDR3_A0 Pin=U1-N2
Added Pin To Net: NetName=DDR3_A0 Pin=U3-N3
Added Pin To Net: NetName=DDR3_A0 Pin=U4-N3
Added Net: Name=DDR3_A0
Added Pin To Net: NetName=DDR3_A1 Pin=R29-2
Added Pin To Net: NetName=DDR3_A1 Pin=U1-K2
Added Pin To Net: NetName=DDR3_A1 Pin=U3-P7
Added Pin To Net: NetName=DDR3_A1 Pin=U4-P7
Added Net: Name=DDR3_A1
Added Pin To Net: NetName=DDR3_A2 Pin=R30-2
Added Pin To Net: NetName=DDR3_A2 Pin=U1-M3
Added Pin To Net: NetName=DDR3_A2 Pin=U3-P3
Added Pin To Net: NetName=DDR3_A2 Pin=U4-P3
Added Net: Name=DDR3_A2
Added Pin To Net: NetName=DDR3_A3 Pin=R31-2
Added Pin To Net: NetName=DDR3_A3 Pin=U1-K3
Added Pin To Net: NetName=DDR3_A3 Pin=U3-N2
Added Pin To Net: NetName=DDR3_A3 Pin=U4-N2
Added Net: Name=DDR3_A3
Added Pin To Net: NetName=DDR3_A4 Pin=R32-2
Added Pin To Net: NetName=DDR3_A4 Pin=U1-M4
Added Pin To Net: NetName=DDR3_A4 Pin=U3-P8
Added Pin To Net: NetName=DDR3_A4 Pin=U4-P8
Added Net: Name=DDR3_A4
Added Pin To Net: NetName=DDR3_A5 Pin=R33-2
Added Pin To Net: NetName=DDR3_A5 Pin=U1-L1
Added Pin To Net: NetName=DDR3_A5 Pin=U3-P2
Added Pin To Net: NetName=DDR3_A5 Pin=U4-P2
Added Net: Name=DDR3_A5
Added Pin To Net: NetName=DDR3_A6 Pin=R34-2
Added Pin To Net: NetName=DDR3_A6 Pin=U1-L4
Added Pin To Net: NetName=DDR3_A6 Pin=U3-R8
Added Pin To Net: NetName=DDR3_A6 Pin=U4-R8
Added Net: Name=DDR3_A6
Added Pin To Net: NetName=DDR3_A7 Pin=R35-2
Added Pin To Net: NetName=DDR3_A7 Pin=U1-K4
Added Pin To Net: NetName=DDR3_A7 Pin=U3-R2
Added Pin To Net: NetName=DDR3_A7 Pin=U4-R2
Added Net: Name=DDR3_A7
Added Pin To Net: NetName=DDR3_A8 Pin=R36-2
Added Pin To Net: NetName=DDR3_A8 Pin=U1-K1
Added Pin To Net: NetName=DDR3_A8 Pin=U3-T8
Added Pin To Net: NetName=DDR3_A8 Pin=U4-T8
Added Net: Name=DDR3_A8
Added Pin To Net: NetName=DDR3_A9 Pin=R37-2
Added Pin To Net: NetName=DDR3_A9 Pin=U1-J4
Added Pin To Net: NetName=DDR3_A9 Pin=U3-R3
Added Pin To Net: NetName=DDR3_A9 Pin=U4-R3
Added Net: Name=DDR3_A9
Added Pin To Net: NetName=DDR3_A10 Pin=R38-2
Added Pin To Net: NetName=DDR3_A10 Pin=U1-F5
Added Pin To Net: NetName=DDR3_A10 Pin=U3-L7
Added Pin To Net: NetName=DDR3_A10 Pin=U4-L7
Added Net: Name=DDR3_A10
Added Pin To Net: NetName=DDR3_A11 Pin=R39-2
Added Pin To Net: NetName=DDR3_A11 Pin=U1-G4
Added Pin To Net: NetName=DDR3_A11 Pin=U3-R7
Added Pin To Net: NetName=DDR3_A11 Pin=U4-R7
Added Net: Name=DDR3_A11
Added Pin To Net: NetName=DDR3_A12 Pin=R40-2
Added Pin To Net: NetName=DDR3_A12 Pin=U1-E4
Added Pin To Net: NetName=DDR3_A12 Pin=U3-N7
Added Pin To Net: NetName=DDR3_A12 Pin=U4-N7
Added Net: Name=DDR3_A12
Added Pin To Net: NetName=DDR3_A13 Pin=R41-2
Added Pin To Net: NetName=DDR3_A13 Pin=U1-D4
Added Pin To Net: NetName=DDR3_A13 Pin=U3-T3
Added Pin To Net: NetName=DDR3_A13 Pin=U4-T3
Added Net: Name=DDR3_A13
Added Pin To Net: NetName=DDR3_A14 Pin=R42-2
Added Pin To Net: NetName=DDR3_A14 Pin=U1-F4
Added Pin To Net: NetName=DDR3_A14 Pin=U3-T7
Added Pin To Net: NetName=DDR3_A14 Pin=U4-T7
Added Net: Name=DDR3_A14
Added Pin To Net: NetName=DDR3_BA0 Pin=R43-2
Added Pin To Net: NetName=DDR3_BA0 Pin=U1-L5
Added Pin To Net: NetName=DDR3_BA0 Pin=U3-M2
Added Pin To Net: NetName=DDR3_BA0 Pin=U4-M2
Added Net: Name=DDR3_BA0
Added Pin To Net: NetName=DDR3_BA1 Pin=R46-2
Added Pin To Net: NetName=DDR3_BA1 Pin=U1-R4
Added Pin To Net: NetName=DDR3_BA1 Pin=U3-N8
Added Pin To Net: NetName=DDR3_BA1 Pin=U4-N8
Added Net: Name=DDR3_BA1
Added Pin To Net: NetName=DDR3_BA2 Pin=R47-2
Added Pin To Net: NetName=DDR3_BA2 Pin=U1-J5
Added Pin To Net: NetName=DDR3_BA2 Pin=U3-M3
Added Pin To Net: NetName=DDR3_BA2 Pin=U4-M3
Added Net: Name=DDR3_BA2
Added Pin To Net: NetName=DDR3_CAS Pin=R51-2
Added Pin To Net: NetName=DDR3_CAS Pin=U1-P5
Added Pin To Net: NetName=DDR3_CAS Pin=U3-K3
Added Pin To Net: NetName=DDR3_CAS Pin=U4-K3
Added Net: Name=DDR3_CAS
Added Pin To Net: NetName=DDR3_CKE Pin=R54-2
Added Pin To Net: NetName=DDR3_CKE Pin=U1-N3
Added Pin To Net: NetName=DDR3_CKE Pin=U3-K9
Added Pin To Net: NetName=DDR3_CKE Pin=U4-K9
Added Net: Name=DDR3_CKE
Added Pin To Net: NetName=DDR3_CLK0_N Pin=U1-M2
Added Pin To Net: NetName=DDR3_CLK0_N Pin=U3-K7
Added Pin To Net: NetName=DDR3_CLK0_N Pin=U4-K7
Added Net: Name=DDR3_CLK0_N
Added Pin To Net: NetName=DDR3_CLK0_P Pin=U1-L2
Added Pin To Net: NetName=DDR3_CLK0_P Pin=U3-J7
Added Pin To Net: NetName=DDR3_CLK0_P Pin=U4-J7
Added Net: Name=DDR3_CLK0_P
Added Pin To Net: NetName=DDR3_D0 Pin=U1-C3
Added Pin To Net: NetName=DDR3_D0 Pin=U3-F8
Added Net: Name=DDR3_D0
Added Pin To Net: NetName=DDR3_D1 Pin=U1-B3
Added Pin To Net: NetName=DDR3_D1 Pin=U3-G2
Added Net: Name=DDR3_D1
Added Pin To Net: NetName=DDR3_D2 Pin=U1-A2
Added Pin To Net: NetName=DDR3_D2 Pin=U3-F2
Added Net: Name=DDR3_D2
Added Pin To Net: NetName=DDR3_D3 Pin=U1-A4
Added Pin To Net: NetName=DDR3_D3 Pin=U3-H3
Added Net: Name=DDR3_D3
Added Pin To Net: NetName=DDR3_D4 Pin=U1-D3
Added Pin To Net: NetName=DDR3_D4 Pin=U3-H8
Added Net: Name=DDR3_D4
Added Pin To Net: NetName=DDR3_D5 Pin=U1-D1
Added Pin To Net: NetName=DDR3_D5 Pin=U3-F7
Added Net: Name=DDR3_D5
Added Pin To Net: NetName=DDR3_D6 Pin=U1-C1
Added Pin To Net: NetName=DDR3_D6 Pin=U3-E3
Added Net: Name=DDR3_D6
Added Pin To Net: NetName=DDR3_D7 Pin=U1-E1
Added Pin To Net: NetName=DDR3_D7 Pin=U3-H7
Added Net: Name=DDR3_D7
Added Pin To Net: NetName=DDR3_D8 Pin=U1-E2
Added Pin To Net: NetName=DDR3_D8 Pin=U3-C3
Added Net: Name=DDR3_D8
Added Pin To Net: NetName=DDR3_D9 Pin=U1-E3
Added Pin To Net: NetName=DDR3_D9 Pin=U3-C2
Added Net: Name=DDR3_D9
Added Pin To Net: NetName=DDR3_D10 Pin=U1-G3
Added Pin To Net: NetName=DDR3_D10 Pin=U3-A3
Added Net: Name=DDR3_D10
Added Pin To Net: NetName=DDR3_D11 Pin=U1-H3
Added Pin To Net: NetName=DDR3_D11 Pin=U3-A2
Added Net: Name=DDR3_D11
Added Pin To Net: NetName=DDR3_D12 Pin=U1-J3
Added Pin To Net: NetName=DDR3_D12 Pin=U3-C8
Added Net: Name=DDR3_D12
Added Pin To Net: NetName=DDR3_D13 Pin=U1-H2
Added Pin To Net: NetName=DDR3_D13 Pin=U3-A7
Added Net: Name=DDR3_D13
Added Pin To Net: NetName=DDR3_D14 Pin=U1-H1
Added Pin To Net: NetName=DDR3_D14 Pin=U3-D7
Added Net: Name=DDR3_D14
Added Pin To Net: NetName=DDR3_D15 Pin=U1-J1
Added Pin To Net: NetName=DDR3_D15 Pin=U3-B8
Added Net: Name=DDR3_D15
Added Pin To Net: NetName=DDR3_D16 Pin=U1-P1
Added Pin To Net: NetName=DDR3_D16 Pin=U4-E3
Added Net: Name=DDR3_D16
Added Pin To Net: NetName=DDR3_D17 Pin=U1-P3
Added Pin To Net: NetName=DDR3_D17 Pin=U4-F2
Added Net: Name=DDR3_D17
Added Pin To Net: NetName=DDR3_D18 Pin=U1-R3
Added Pin To Net: NetName=DDR3_D18 Pin=U4-G2
Added Net: Name=DDR3_D18
Added Pin To Net: NetName=DDR3_D19 Pin=U1-R1
Added Pin To Net: NetName=DDR3_D19 Pin=U4-H3
Added Net: Name=DDR3_D19
Added Pin To Net: NetName=DDR3_D20 Pin=U1-T4
Added Pin To Net: NetName=DDR3_D20 Pin=U4-H7
Added Net: Name=DDR3_D20
Added Pin To Net: NetName=DDR3_D21 Pin=U1-U4
Added Pin To Net: NetName=DDR3_D21 Pin=U4-H8
Added Net: Name=DDR3_D21
Added Pin To Net: NetName=DDR3_D22 Pin=U1-U2
Added Pin To Net: NetName=DDR3_D22 Pin=U4-F7
Added Net: Name=DDR3_D22
Added Pin To Net: NetName=DDR3_D23 Pin=U1-U3
Added Pin To Net: NetName=DDR3_D23 Pin=U4-F8
Added Net: Name=DDR3_D23
Added Pin To Net: NetName=DDR3_D24 Pin=U1-V1
Added Pin To Net: NetName=DDR3_D24 Pin=U4-A3
Added Net: Name=DDR3_D24
Added Pin To Net: NetName=DDR3_D25 Pin=U1-Y3
Added Pin To Net: NetName=DDR3_D25 Pin=U4-C8
Added Net: Name=DDR3_D25
Added Pin To Net: NetName=DDR3_D26 Pin=U1-W1
Added Pin To Net: NetName=DDR3_D26 Pin=U4-C3
Added Net: Name=DDR3_D26
Added Pin To Net: NetName=DDR3_D27 Pin=U1-Y4
Added Pin To Net: NetName=DDR3_D27 Pin=U4-A7
Added Net: Name=DDR3_D27
Added Pin To Net: NetName=DDR3_D28 Pin=U1-Y2
Added Pin To Net: NetName=DDR3_D28 Pin=U4-D7
Added Net: Name=DDR3_D28
Added Pin To Net: NetName=DDR3_D29 Pin=U1-W3
Added Pin To Net: NetName=DDR3_D29 Pin=U4-B8
Added Net: Name=DDR3_D29
Added Pin To Net: NetName=DDR3_D30 Pin=U1-V2
Added Pin To Net: NetName=DDR3_D30 Pin=U4-A2
Added Net: Name=DDR3_D30
Added Pin To Net: NetName=DDR3_D31 Pin=U1-V3
Added Pin To Net: NetName=DDR3_D31 Pin=U4-C2
Added Net: Name=DDR3_D31
Added Pin To Net: NetName=DDR3_DM0 Pin=U1-A1
Added Pin To Net: NetName=DDR3_DM0 Pin=U3-E7
Added Net: Name=DDR3_DM0
Added Pin To Net: NetName=DDR3_DM1 Pin=U1-F1
Added Pin To Net: NetName=DDR3_DM1 Pin=U3-D3
Added Net: Name=DDR3_DM1
Added Pin To Net: NetName=DDR3_DM2 Pin=U1-T1
Added Pin To Net: NetName=DDR3_DM2 Pin=U4-E7
Added Net: Name=DDR3_DM2
Added Pin To Net: NetName=DDR3_DM3 Pin=U1-Y1
Added Pin To Net: NetName=DDR3_DM3 Pin=U4-D3
Added Net: Name=DDR3_DM3
Added Pin To Net: NetName=DDR3_DQS0_N Pin=U1-B2
Added Pin To Net: NetName=DDR3_DQS0_N Pin=U3-G3
Added Net: Name=DDR3_DQS0_N
Added Pin To Net: NetName=DDR3_DQS0_P Pin=U1-C2
Added Pin To Net: NetName=DDR3_DQS0_P Pin=U3-F3
Added Net: Name=DDR3_DQS0_P
Added Pin To Net: NetName=DDR3_DQS1_N Pin=U1-F2
Added Pin To Net: NetName=DDR3_DQS1_N Pin=U3-G3
Added Net: Name=DDR3_DQS1_N
Added Pin To Net: NetName=DDR3_DQS1_P Pin=U1-G2
Added Pin To Net: NetName=DDR3_DQS1_P Pin=U3-C7
Added Net: Name=DDR3_DQS1_P
Added Pin To Net: NetName=DDR3_DQS2_N Pin=U1-T2
Added Pin To Net: NetName=DDR3_DQS2_N Pin=U4-G3
Added Net: Name=DDR3_DQS2_N
Added Pin To Net: NetName=DDR3_DQS2_P Pin=U1-R2
Added Pin To Net: NetName=DDR3_DQS2_P Pin=U4-F3
Added Net: Name=DDR3_DQS2_P
Added Pin To Net: NetName=DDR3_DQS3_N Pin=U1-W4
Added Pin To Net: NetName=DDR3_DQS3_N Pin=U4-G3
Added Net: Name=DDR3_DQS3_N
Added Pin To Net: NetName=DDR3_DQS3_P Pin=U4-C7
Added Net: Name=DDR3_DQS3_P
Added Pin To Net: NetName=DDR3_ODT Pin=R53-2
Added Pin To Net: NetName=DDR3_ODT Pin=U1-N5
Added Pin To Net: NetName=DDR3_ODT Pin=U3-K1
Added Pin To Net: NetName=DDR3_ODT Pin=U4-K1
Added Net: Name=DDR3_ODT
Added Pin To Net: NetName=DDR3_RAS Pin=R50-2
Added Pin To Net: NetName=DDR3_RAS Pin=U1-P4
Added Pin To Net: NetName=DDR3_RAS Pin=U3-J3
Added Pin To Net: NetName=DDR3_RAS Pin=U4-J3
Added Net: Name=DDR3_RAS
Added Pin To Net: NetName=DDR3_RESET Pin=R49-2
Added Pin To Net: NetName=DDR3_RESET Pin=U1-B4
Added Pin To Net: NetName=DDR3_RESET Pin=U3-T2
Added Pin To Net: NetName=DDR3_RESET Pin=U4-T2
Added Net: Name=DDR3_RESET
Added Pin To Net: NetName=DDR3_S0 Pin=R48-2
Added Pin To Net: NetName=DDR3_S0 Pin=U1-N1
Added Pin To Net: NetName=DDR3_S0 Pin=U3-L2
Added Pin To Net: NetName=DDR3_S0 Pin=U4-L2
Added Net: Name=DDR3_S0
Added Pin To Net: NetName=DDR3_VRN Pin=R27-1
Added Pin To Net: NetName=DDR3_VRN Pin=U1-G5
Added Net: Name=DDR3_VRN
Added Pin To Net: NetName=DDR3_VRP Pin=R26-1
Added Pin To Net: NetName=DDR3_VRP Pin=U1-H5
Added Net: Name=DDR3_VRP
Added Pin To Net: NetName=DDR3_WE Pin=R52-2
Added Pin To Net: NetName=DDR3_WE Pin=U1-M5
Added Pin To Net: NetName=DDR3_WE Pin=U3-L3
Added Pin To Net: NetName=DDR3_WE Pin=U4-L3
Added Net: Name=DDR3_WE
Added Pin To Net: NetName=DDRVTT Pin=C89-2
Added Pin To Net: NetName=DDRVTT Pin=C90-2
Added Pin To Net: NetName=DDRVTT Pin=C91-2
Added Pin To Net: NetName=DDRVTT Pin=C92-2
Added Pin To Net: NetName=DDRVTT Pin=C93-2
Added Pin To Net: NetName=DDRVTT Pin=C94-2
Added Pin To Net: NetName=DDRVTT Pin=C95-2
Added Pin To Net: NetName=DDRVTT Pin=C96-2
Added Pin To Net: NetName=DDRVTT Pin=C97-2
Added Pin To Net: NetName=DDRVTT Pin=C98-2
Added Pin To Net: NetName=DDRVTT Pin=C99-2
Added Pin To Net: NetName=DDRVTT Pin=C144-2
Added Pin To Net: NetName=DDRVTT Pin=C145-2
Added Pin To Net: NetName=DDRVTT Pin=R28-1
Added Pin To Net: NetName=DDRVTT Pin=R29-1
Added Pin To Net: NetName=DDRVTT Pin=R30-1
Added Pin To Net: NetName=DDRVTT Pin=R31-1
Added Pin To Net: NetName=DDRVTT Pin=R32-1
Added Pin To Net: NetName=DDRVTT Pin=R33-1
Added Pin To Net: NetName=DDRVTT Pin=R34-1
Added Pin To Net: NetName=DDRVTT Pin=R35-1
Added Pin To Net: NetName=DDRVTT Pin=R36-1
Added Pin To Net: NetName=DDRVTT Pin=R37-1
Added Pin To Net: NetName=DDRVTT Pin=R38-1
Added Pin To Net: NetName=DDRVTT Pin=R39-1
Added Pin To Net: NetName=DDRVTT Pin=R40-1
Added Pin To Net: NetName=DDRVTT Pin=R41-1
Added Pin To Net: NetName=DDRVTT Pin=R42-1
Added Pin To Net: NetName=DDRVTT Pin=R43-1
Added Pin To Net: NetName=DDRVTT Pin=R46-1
Added Pin To Net: NetName=DDRVTT Pin=R47-1
Added Pin To Net: NetName=DDRVTT Pin=R48-1
Added Pin To Net: NetName=DDRVTT Pin=R50-1
Added Pin To Net: NetName=DDRVTT Pin=R51-1
Added Pin To Net: NetName=DDRVTT Pin=R52-1
Added Pin To Net: NetName=DDRVTT Pin=R53-1
Added Pin To Net: NetName=DDRVTT Pin=R54-1
Added Pin To Net: NetName=DDRVTT Pin=U5-3
Added Pin To Net: NetName=DDRVTT Pin=U5-5
Added Net: Name=DDRVTT
Added Pin To Net: NetName=DVDD10 Pin=C189-2
Added Pin To Net: NetName=DVDD10 Pin=C190-2
Added Pin To Net: NetName=DVDD10 Pin=C194-2
Added Pin To Net: NetName=DVDD10 Pin=C195-2
Added Pin To Net: NetName=DVDD10 Pin=L8-2
Added Pin To Net: NetName=DVDD10 Pin=R78-1
Added Pin To Net: NetName=DVDD10 Pin=U13-28
Added Pin To Net: NetName=DVDD10 Pin=U13-36
Added Net: Name=DVDD10
Added Pin To Net: NetName=ENSWREG Pin=R89-1
Added Pin To Net: NetName=ENSWREG Pin=U13-38
Added Net: Name=ENSWREG
Added Pin To Net: NetName=ETH_MDC Pin=U1-C10
Added Pin To Net: NetName=ETH_MDC Pin=U13-30
Added Net: Name=ETH_MDC
Added Pin To Net: NetName=ETH_MDIO Pin=R79-2
Added Pin To Net: NetName=ETH_MDIO Pin=U1-C11
Added Pin To Net: NetName=ETH_MDIO Pin=U13-31
Added Net: Name=ETH_MDIO
Added Pin To Net: NetName=ETH_RXCK Pin=U1-B17
Added Net: Name=ETH_RXCK
Added Pin To Net: NetName=ETH_RXCLK Pin=U13-19
Added Net: Name=ETH_RXCLK
Added Pin To Net: NetName=ETH_RXCTL Pin=R91-2
Added Pin To Net: NetName=ETH_RXCTL Pin=U1-D13
Added Pin To Net: NetName=ETH_RXCTL Pin=U13-13
Added Net: Name=ETH_RXCTL
Added Pin To Net: NetName=ETH_RXD0 Pin=R84-1
Added Pin To Net: NetName=ETH_RXD0 Pin=U1-D11
Added Pin To Net: NetName=ETH_RXD0 Pin=U13-14
Added Net: Name=ETH_RXD0
Added Pin To Net: NetName=ETH_RXD1 Pin=R82-1
Added Pin To Net: NetName=ETH_RXD1 Pin=U1-A16
Added Pin To Net: NetName=ETH_RXD1 Pin=U13-16
Added Net: Name=ETH_RXD1
Added Pin To Net: NetName=ETH_RXD2 Pin=R85-1
Added Pin To Net: NetName=ETH_RXD2 Pin=U1-F15
Added Pin To Net: NetName=ETH_RXD2 Pin=U13-17
Added Net: Name=ETH_RXD2
Added Pin To Net: NetName=ETH_RXD3 Pin=R86-1
Added Pin To Net: NetName=ETH_RXD3 Pin=U1-A15
Added Pin To Net: NetName=ETH_RXD3 Pin=U13-18
Added Net: Name=ETH_RXD3
Added Pin To Net: NetName=ETH_TXCK Pin=U1-A19
Added Pin To Net: NetName=ETH_TXCK Pin=U13-22
Added Net: Name=ETH_TXCK
Added Pin To Net: NetName=ETH_TXCTL Pin=U1-F14
Added Pin To Net: NetName=ETH_TXCTL Pin=U13-27
Added Net: Name=ETH_TXCTL
Added Pin To Net: NetName=ETH_TXD0 Pin=U1-E14
Added Pin To Net: NetName=ETH_TXD0 Pin=U13-23
Added Net: Name=ETH_TXD0
Added Pin To Net: NetName=ETH_TXD1 Pin=U1-B18
Added Pin To Net: NetName=ETH_TXD1 Pin=U13-24
Added Net: Name=ETH_TXD1
Added Pin To Net: NetName=ETH_TXD2 Pin=U1-D10
Added Pin To Net: NetName=ETH_TXD2 Pin=U13-25
Added Net: Name=ETH_TXD2
Added Pin To Net: NetName=ETH_TXD3 Pin=U1-A17
Added Pin To Net: NetName=ETH_TXD3 Pin=U13-26
Added Net: Name=ETH_TXD3
Added Pin To Net: NetName=FPGA_DONE Pin=LED4-2
Added Pin To Net: NetName=FPGA_DONE Pin=R5-1
Added Pin To Net: NetName=FPGA_DONE Pin=U1-R11
Added Net: Name=FPGA_DONE
Added Pin To Net: NetName=FPGA_TCK Pin=J1-4
Added Pin To Net: NetName=FPGA_TCK Pin=U1-F9
Added Net: Name=FPGA_TCK
Added Pin To Net: NetName=FPGA_TDI Pin=J1-2
Added Pin To Net: NetName=FPGA_TDI Pin=U1-G6
Added Net: Name=FPGA_TDI
Added Pin To Net: NetName=FPGA_TDO Pin=J1-3
Added Pin To Net: NetName=FPGA_TDO Pin=U1-F6
Added Net: Name=FPGA_TDO
Added Pin To Net: NetName=FPGA_TMS Pin=J1-1
Added Pin To Net: NetName=FPGA_TMS Pin=U1-J6
Added Net: Name=FPGA_TMS
Added Pin To Net: NetName=INTB Pin=R88-1
Added Pin To Net: NetName=INTB Pin=U13-20
Added Net: Name=INTB
Added Pin To Net: NetName=MIO0_LED Pin=LED2-1
Added Pin To Net: NetName=MIO0_LED Pin=U1-E6
Added Net: Name=MIO0_LED
Added Pin To Net: NetName=MMC_CCLK Pin=R24-2
Added Pin To Net: NetName=MMC_CCLK Pin=U6-M6
Added Net: Name=MMC_CCLK
Added Pin To Net: NetName=MMC_CMD Pin=R64-1
Added Pin To Net: NetName=MMC_CMD Pin=U1-B14
Added Pin To Net: NetName=MMC_CMD Pin=U6-M5
Added Net: Name=MMC_CMD
Added Pin To Net: NetName=MMC_DATA0 Pin=R63-1
Added Pin To Net: NetName=MMC_DATA0 Pin=U1-D16
Added Pin To Net: NetName=MMC_DATA0 Pin=U6-A3
Added Net: Name=MMC_DATA0
Added Pin To Net: NetName=MMC_DATA1 Pin=R62-1
Added Pin To Net: NetName=MMC_DATA1 Pin=U1-C12
Added Pin To Net: NetName=MMC_DATA1 Pin=U6-A4
Added Net: Name=MMC_DATA1
Added Pin To Net: NetName=MMC_DATA2 Pin=R61-1
Added Pin To Net: NetName=MMC_DATA2 Pin=U1-B13
Added Pin To Net: NetName=MMC_DATA2 Pin=U6-A5
Added Net: Name=MMC_DATA2
Added Pin To Net: NetName=MMC_DATA3 Pin=R60-1
Added Pin To Net: NetName=MMC_DATA3 Pin=U1-B9
Added Pin To Net: NetName=MMC_DATA3 Pin=U6-B2
Added Net: Name=MMC_DATA3
Added Pin To Net: NetName=MMC_NRST Pin=C152-2
Added Pin To Net: NetName=MMC_NRST Pin=R65-1
Added Pin To Net: NetName=MMC_NRST Pin=U6-K5
Added Net: Name=MMC_NRST
Added Pin To Net: NetName=NetC5_2 Pin=C5-2
Added Pin To Net: NetName=NetC5_2 Pin=R20-1
Added Pin To Net: NetName=NetC5_2 Pin=R21-2
Added Pin To Net: NetName=NetC5_2 Pin=U1-E11
Added Net: Name=NetC5_2
Added Pin To Net: NetName=NetC85_2 Pin=C85-2
Added Pin To Net: NetName=NetC85_2 Pin=C86-2
Added Pin To Net: NetName=NetC85_2 Pin=L3-1
Added Pin To Net: NetName=NetC85_2 Pin=U1-G8
Added Net: Name=NetC85_2
Added Pin To Net: NetName=NetC143_2 Pin=C143-2
Added Pin To Net: NetName=NetC143_2 Pin=R56-2
Added Pin To Net: NetName=NetC143_2 Pin=R57-1
Added Pin To Net: NetName=NetC143_2 Pin=U5-1
Added Net: Name=NetC143_2
Added Pin To Net: NetName=NetC161_2 Pin=C161-2
Added Pin To Net: NetName=NetC161_2 Pin=U6-C2
Added Net: Name=NetC161_2
Added Pin To Net: NetName=NetC164_2 Pin=C164-2
Added Pin To Net: NetName=NetC164_2 Pin=C198-2
Added Pin To Net: NetName=NetC164_2 Pin=U8-1
Added Net: Name=NetC164_2
Added Pin To Net: NetName=NetC196_1 Pin=C196-1
Added Pin To Net: NetName=NetC196_1 Pin=U13-42
Added Pin To Net: NetName=NetC196_1 Pin=Y1-3
Added Net: Name=NetC196_1
Added Pin To Net: NetName=NetC197_1 Pin=C197-1
Added Pin To Net: NetName=NetC197_1 Pin=U13-43
Added Pin To Net: NetName=NetC197_1 Pin=Y1-1
Added Net: Name=NetC197_1
Added Pin To Net: NetName=NetKEY1_2 Pin=KEY1-2
Added Pin To Net: NetName=NetKEY1_2 Pin=U2-3
Added Net: Name=NetKEY1_2
Added Pin To Net: NetName=NetL4_1 Pin=L4-1
Added Pin To Net: NetName=NetL4_1 Pin=U9-1
Added Pin To Net: NetName=NetL4_1 Pin=U9-2
Added Pin To Net: NetName=NetL4_1 Pin=U9-3
Added Net: Name=NetL4_1
Added Pin To Net: NetName=NetL5_1 Pin=L5-1
Added Pin To Net: NetName=NetL5_1 Pin=U10-1
Added Pin To Net: NetName=NetL5_1 Pin=U10-2
Added Pin To Net: NetName=NetL5_1 Pin=U10-3
Added Net: Name=NetL5_1
Added Pin To Net: NetName=NetL6_1 Pin=L6-1
Added Pin To Net: NetName=NetL6_1 Pin=U11-1
Added Pin To Net: NetName=NetL6_1 Pin=U11-2
Added Pin To Net: NetName=NetL6_1 Pin=U11-3
Added Net: Name=NetL6_1
Added Pin To Net: NetName=NetL7_1 Pin=L7-1
Added Pin To Net: NetName=NetL7_1 Pin=U?-1
Added Pin To Net: NetName=NetL7_1 Pin=U?-2
Added Pin To Net: NetName=NetL7_1 Pin=U?-3
Added Net: Name=NetL7_1
Added Pin To Net: NetName=NetLED1_2 Pin=LED1-2
Added Pin To Net: NetName=NetLED1_2 Pin=R3-1
Added Net: Name=NetLED1_2
Added Pin To Net: NetName=NetLED2_2 Pin=LED2-2
Added Pin To Net: NetName=NetLED2_2 Pin=R4-1
Added Net: Name=NetLED2_2
Added Pin To Net: NetName=NetLED3_2 Pin=LED3-2
Added Pin To Net: NetName=NetLED3_2 Pin=R6-1
Added Net: Name=NetLED3_2
Added Pin To Net: NetName=NetR1_1 Pin=R1-1
Added Pin To Net: NetName=NetR1_1 Pin=U1-R10
Added Net: Name=NetR1_1
Added Pin To Net: NetName=NetR2_1 Pin=R2-1
Added Pin To Net: NetName=NetR2_1 Pin=U1-L6
Added Net: Name=NetR2_1
Added Pin To Net: NetName=NetR7_1 Pin=R7-1
Added Pin To Net: NetName=NetR7_1 Pin=X1-3
Added Net: Name=NetR7_1
Added Pin To Net: NetName=NetR13_2 Pin=R13-2
Added Pin To Net: NetName=NetR13_2 Pin=U1-A5
Added Net: Name=NetR13_2
Added Pin To Net: NetName=NetR17_1 Pin=R17-1
Added Pin To Net: NetName=NetR17_1 Pin=U1-E7
Added Net: Name=NetR17_1
Added Pin To Net: NetName=NetR17_2 Pin=R17-2
Added Pin To Net: NetName=NetR17_2 Pin=X2-3
Added Net: Name=NetR17_2
Added Pin To Net: NetName=NetR23_1 Pin=R23-1
Added Pin To Net: NetName=NetR23_1 Pin=U1-D14
Added Net: Name=NetR23_1
Added Pin To Net: NetName=NetR24_1 Pin=R24-1
Added Pin To Net: NetName=NetR24_1 Pin=U1-B12
Added Net: Name=NetR24_1
Added Pin To Net: NetName=NetR44_1 Pin=R44-1
Added Pin To Net: NetName=NetR44_1 Pin=U3-L8
Added Net: Name=NetR44_1
Added Pin To Net: NetName=NetR45_1 Pin=R45-1
Added Pin To Net: NetName=NetR45_1 Pin=U4-L8
Added Net: Name=NetR45_1
Added Pin To Net: NetName=NetR58_1 Pin=R58-1
Added Pin To Net: NetName=NetR58_1 Pin=U5-9
Added Net: Name=NetR58_1
Added Pin To Net: NetName=NetR67_1 Pin=R67-1
Added Pin To Net: NetName=NetR67_1 Pin=R70-2
Added Pin To Net: NetName=NetR67_1 Pin=U9-5
Added Net: Name=NetR67_1
Added Pin To Net: NetName=NetR68_1 Pin=R68-1
Added Pin To Net: NetName=NetR68_1 Pin=R71-2
Added Pin To Net: NetName=NetR68_1 Pin=U10-5
Added Net: Name=NetR68_1
Added Pin To Net: NetName=NetR72_1 Pin=R72-1
Added Pin To Net: NetName=NetR72_1 Pin=R76-2
Added Pin To Net: NetName=NetR72_1 Pin=U11-5
Added Net: Name=NetR72_1
Added Pin To Net: NetName=NetR73_1 Pin=R73-1
Added Pin To Net: NetName=NetR73_1 Pin=R77-2
Added Pin To Net: NetName=NetR73_1 Pin=U?-5
Added Net: Name=NetR73_1
Added Pin To Net: NetName=OTG_CLK Pin=U1-A11
Added Net: Name=OTG_CLK
Added Pin To Net: NetName=OTG_DATA0 Pin=U1-A14
Added Net: Name=OTG_DATA0
Added Pin To Net: NetName=OTG_DATA1 Pin=U1-D15
Added Net: Name=OTG_DATA1
Added Pin To Net: NetName=OTG_DATA2 Pin=U1-A12
Added Net: Name=OTG_DATA2
Added Pin To Net: NetName=OTG_DATA3 Pin=U1-F12
Added Net: Name=OTG_DATA3
Added Pin To Net: NetName=OTG_DATA4 Pin=U1-C16
Added Net: Name=OTG_DATA4
Added Pin To Net: NetName=OTG_DATA5 Pin=U1-A10
Added Net: Name=OTG_DATA5
Added Pin To Net: NetName=OTG_DATA6 Pin=U1-E13
Added Net: Name=OTG_DATA6
Added Pin To Net: NetName=OTG_DATA7 Pin=U1-C18
Added Net: Name=OTG_DATA7
Added Pin To Net: NetName=OTG_DIR Pin=U1-C13
Added Net: Name=OTG_DIR
Added Pin To Net: NetName=OTG_NXT Pin=U1-E16
Added Net: Name=OTG_NXT
Added Pin To Net: NetName=OTG_STP Pin=U1-C15
Added Net: Name=OTG_STP
Added Pin To Net: NetName=PHY_AD0/LED0 Pin=R83-1
Added Pin To Net: NetName=PHY_AD0/LED0 Pin=U13-34
Added Net: Name=PHY_AD0/LED0
Added Pin To Net: NetName=PHY_AD1/LED1 Pin=R90-2
Added Pin To Net: NetName=PHY_AD1/LED1 Pin=U13-35
Added Net: Name=PHY_AD1/LED1
Added Pin To Net: NetName=PHY_MDI0_N Pin=U13-2
Added Net: Name=PHY_MDI0_N
Added Pin To Net: NetName=PHY_MDI0_P Pin=U13-1
Added Net: Name=PHY_MDI0_P
Added Pin To Net: NetName=PHY_MDI1_N Pin=U13-5
Added Net: Name=PHY_MDI1_N
Added Pin To Net: NetName=PHY_MDI1_P Pin=U13-4
Added Net: Name=PHY_MDI1_P
Added Pin To Net: NetName=PHY_MDI2_N Pin=U13-8
Added Net: Name=PHY_MDI2_N
Added Pin To Net: NetName=PHY_MDI2_P Pin=U13-7
Added Net: Name=PHY_MDI2_P
Added Pin To Net: NetName=PHY_MDI3_N Pin=U13-11
Added Net: Name=PHY_MDI3_N
Added Pin To Net: NetName=PHY_MDI3_P Pin=U13-10
Added Net: Name=PHY_MDI3_P
Added Pin To Net: NetName=PL_GCLK Pin=R7-2
Added Pin To Net: NetName=PL_GCLK Pin=U1-U18
Added Net: Name=PL_GCLK
Added Pin To Net: NetName=PL_LED Pin=LED1-1
Added Pin To Net: NetName=PL_LED Pin=U1-J16
Added Net: Name=PL_LED
Added Pin To Net: NetName=PMEB Pin=R87-1
Added Pin To Net: NetName=PMEB Pin=U13-33
Added Net: Name=PMEB
Added Pin To Net: NetName=PS_MIO7 Pin=R14-2
Added Pin To Net: NetName=PS_MIO7 Pin=U1-D8
Added Net: Name=PS_MIO7
Added Pin To Net: NetName=PS_MIO8 Pin=R9-2
Added Pin To Net: NetName=PS_MIO8 Pin=U1-D5
Added Net: Name=PS_MIO8
Added Pin To Net: NetName=PS_MIO9 Pin=U1-B5
Added Net: Name=PS_MIO9
Added Pin To Net: NetName=PS_MIO10 Pin=U1-E9
Added Net: Name=PS_MIO10
Added Pin To Net: NetName=PS_MIO11 Pin=U1-C6
Added Net: Name=PS_MIO11
Added Pin To Net: NetName=PS_MIO12 Pin=U1-D9
Added Net: Name=PS_MIO12
Added Pin To Net: NetName=PS_MIO13 Pin=U1-E8
Added Net: Name=PS_MIO13
Added Pin To Net: NetName=PS_POR_B Pin=R22-1
Added Pin To Net: NetName=PS_POR_B Pin=U1-C7
Added Pin To Net: NetName=PS_POR_B Pin=U2-2
Added Pin To Net: NetName=PS_POR_B Pin=U13-32
Added Net: Name=PS_POR_B
Added Pin To Net: NetName=PS_SRST_B Pin=R25-1
Added Pin To Net: NetName=PS_SRST_B Pin=U1-B10
Added Net: Name=PS_SRST_B
Added Pin To Net: NetName=PW_GOOD Pin=R75-1
Added Pin To Net: NetName=PW_GOOD Pin=U?-4
Added Net: Name=PW_GOOD
Added Pin To Net: NetName=QSPI_CS Pin=R59-1
Added Pin To Net: NetName=QSPI_CS Pin=U1-A7
Added Pin To Net: NetName=QSPI_CS Pin=U7-1
Added Net: Name=QSPI_CS
Added Pin To Net: NetName=QSPI_D0 Pin=R10-2
Added Pin To Net: NetName=QSPI_D0 Pin=U1-B8
Added Pin To Net: NetName=QSPI_D0 Pin=U7-5
Added Net: Name=QSPI_D0
Added Pin To Net: NetName=QSPI_D1 Pin=R11-2
Added Pin To Net: NetName=QSPI_D1 Pin=U1-D6
Added Pin To Net: NetName=QSPI_D1 Pin=U7-2
Added Net: Name=QSPI_D1
Added Pin To Net: NetName=QSPI_D2 Pin=U1-B7
Added Pin To Net: NetName=QSPI_D2 Pin=U7-3
Added Net: Name=QSPI_D2
Added Pin To Net: NetName=QSPI_D3 Pin=U1-A6
Added Pin To Net: NetName=QSPI_D3 Pin=U7-7
Added Net: Name=QSPI_D3
Added Pin To Net: NetName=QSPI_SCK Pin=R12-2
Added Pin To Net: NetName=QSPI_SCK Pin=R13-1
Added Pin To Net: NetName=QSPI_SCK Pin=U7-6
Added Net: Name=QSPI_SCK
Added Pin To Net: NetName=REGOUT Pin=L8-1
Added Pin To Net: NetName=REGOUT Pin=U13-48
Added Net: Name=REGOUT
Added Pin To Net: NetName=RSET Pin=R80-2
Added Pin To Net: NetName=RSET Pin=U13-39
Added Net: Name=RSET
Added Pin To Net: NetName=RXDLY Pin=R81-1
Added Pin To Net: NetName=RXDLY Pin=U13-32
Added Net: Name=RXDLY
Added Pin To Net: NetName=SD_CLK Pin=R23-2
Added Net: Name=SD_CLK
Added Pin To Net: NetName=SD_CMD Pin=U1-C17
Added Net: Name=SD_CMD
Added Pin To Net: NetName=SD_D0 Pin=U1-E12
Added Net: Name=SD_D0
Added Pin To Net: NetName=SD_D1 Pin=U1-A9
Added Net: Name=SD_D1
Added Pin To Net: NetName=SD_D2 Pin=U1-F13
Added Net: Name=SD_D2
Added Pin To Net: NetName=SD_D3 Pin=U1-B15
Added Net: Name=SD_D3
Added Pin To Net: NetName=UART_RXD Pin=U1-C5
Added Net: Name=UART_RXD
Added Pin To Net: NetName=UART_TXD Pin=U1-C8
Added Net: Name=UART_TXD
Added Pin To Net: NetName=VCCIO Pin=C162-2
Added Pin To Net: NetName=VCCIO Pin=C163-2
Added Pin To Net: NetName=VCCIO Pin=U1-C19
Added Pin To Net: NetName=VCCIO Pin=U1-F18
Added Pin To Net: NetName=VCCIO Pin=U1-H14
Added Pin To Net: NetName=VCCIO Pin=U1-J17
Added Pin To Net: NetName=VCCIO Pin=U1-K20
Added Pin To Net: NetName=VCCIO Pin=U1-M16
Added Pin To Net: NetName=VCCIO Pin=U8-5
Added Net: Name=VCCIO
Added Pin To Net: NetName=VTTREF Pin=C87-2
Added Pin To Net: NetName=VTTREF Pin=C88-2
Added Pin To Net: NetName=VTTREF Pin=C100-1
Added Pin To Net: NetName=VTTREF Pin=C101-1
Added Pin To Net: NetName=VTTREF Pin=C102-2
Added Pin To Net: NetName=VTTREF Pin=C103-2
Added Pin To Net: NetName=VTTREF Pin=C149-2
Added Pin To Net: NetName=VTTREF Pin=C150-2
Added Pin To Net: NetName=VTTREF Pin=U1-H6
Added Pin To Net: NetName=VTTREF Pin=U1-P6
Added Pin To Net: NetName=VTTREF Pin=U3-H1
Added Pin To Net: NetName=VTTREF Pin=U3-M8
Added Pin To Net: NetName=VTTREF Pin=U4-H1
Added Pin To Net: NetName=VTTREF Pin=U4-M8
Added Pin To Net: NetName=VTTREF Pin=U5-6
Added Net: Name=VTTREF
Added Pin To Net: NetName=XADC_VN Pin=U1-L10
Added Net: Name=XADC_VN
Added Pin To Net: NetName=XADC_VP Pin=U1-K9
Added Net: Name=XADC_VP
Added Class: Name=ZynqCoreBoard1
Added Class: Name=ZynqCoreBoard2
Added Room: Name=ZynqCoreBoard1
Added Room: Name=ZynqCoreBoard2
