Removed Pin From Net: NetName=+1.5V Pin=C63-2
Removed Pin From Net: NetName=+1.5V Pin=C64-2
Removed Pin From Net: NetName=+1.5V Pin=C65-2
Removed Pin From Net: NetName=+1.5V Pin=C66-2
Removed Pin From Net: NetName=+1.5V Pin=C67-2
Removed Pin From Net: NetName=+1.5V Pin=C68-2
Removed Pin From Net: NetName=+1.5V Pin=C69-2
Removed Pin From Net: NetName=+1.5V Pin=C70-2
Removed Pin From Net: NetName=+1.5V Pin=C71-2
Removed Pin From Net: NetName=+1.5V Pin=C72-2
Removed Pin From Net: NetName=+1.5V Pin=C73-2
Removed Pin From Net: NetName=+1.5V Pin=C74-2
Removed Pin From Net: NetName=+1.5V Pin=C100-2
Removed Pin From Net: NetName=+1.5V Pin=C101-2
Removed Pin From Net: NetName=+1.5V Pin=C104-2
Removed Pin From Net: NetName=+1.5V Pin=C105-2
Removed Pin From Net: NetName=+1.5V Pin=C106-2
Removed Pin From Net: NetName=+1.5V Pin=C107-2
Removed Pin From Net: NetName=+1.5V Pin=C108-2
Removed Pin From Net: NetName=+1.5V Pin=C109-2
Removed Pin From Net: NetName=+1.5V Pin=C110-2
Removed Pin From Net: NetName=+1.5V Pin=C111-2
Removed Pin From Net: NetName=+1.5V Pin=C112-2
Removed Pin From Net: NetName=+1.5V Pin=C113-2
Removed Pin From Net: NetName=+1.5V Pin=C114-2
Removed Pin From Net: NetName=+1.5V Pin=C115-2
Removed Pin From Net: NetName=+1.5V Pin=C116-2
Removed Pin From Net: NetName=+1.5V Pin=C117-2
Removed Pin From Net: NetName=+1.5V Pin=C118-2
Removed Pin From Net: NetName=+1.5V Pin=C119-2
Removed Pin From Net: NetName=+1.5V Pin=C120-2
Removed Pin From Net: NetName=+1.5V Pin=C121-2
Removed Pin From Net: NetName=+1.5V Pin=C122-2
Removed Pin From Net: NetName=+1.5V Pin=C123-2
Removed Pin From Net: NetName=+1.5V Pin=C124-2
Removed Pin From Net: NetName=+1.5V Pin=C125-2
Removed Pin From Net: NetName=+1.5V Pin=C126-2
Removed Pin From Net: NetName=+1.5V Pin=C127-2
Removed Pin From Net: NetName=+1.5V Pin=C128-2
Removed Pin From Net: NetName=+1.5V Pin=C129-2
Removed Pin From Net: NetName=+1.5V Pin=C130-2
Removed Pin From Net: NetName=+1.5V Pin=C131-2
Removed Pin From Net: NetName=+1.5V Pin=C132-2
Removed Pin From Net: NetName=+1.5V Pin=C133-2
Removed Pin From Net: NetName=+1.5V Pin=C134-2
Removed Pin From Net: NetName=+1.5V Pin=C135-2
Removed Pin From Net: NetName=+1.5V Pin=C136-2
Removed Pin From Net: NetName=+1.5V Pin=C137-2
Removed Pin From Net: NetName=+1.5V Pin=C138-2
Removed Pin From Net: NetName=+1.5V Pin=C139-2
Removed Pin From Net: NetName=+1.5V Pin=C140-2
Removed Pin From Net: NetName=+1.5V Pin=C141-2
Removed Pin From Net: NetName=+1.5V Pin=C146-2
Removed Pin From Net: NetName=+1.5V Pin=C147-2
Removed Pin From Net: NetName=+1.5V Pin=C173-2
Removed Pin From Net: NetName=+1.5V Pin=C174-2
Removed Pin From Net: NetName=+1.5V Pin=L6-2
Removed Pin From Net: NetName=+1.5V Pin=R27-2
Removed Pin From Net: NetName=+1.5V Pin=R56-1
Removed Pin From Net: NetName=+1.5V Pin=R72-2
Removed Pin From Net: NetName=+1.5V Pin=R74-2
Removed Pin From Net: NetName=+1.5V Pin=TP2-1
Removed Pin From Net: NetName=+1.5V Pin=U1-A3
Removed Pin From Net: NetName=+1.5V Pin=U1-D2
Removed Pin From Net: NetName=+1.5V Pin=U1-E5
Removed Pin From Net: NetName=+1.5V Pin=U1-G1
Removed Pin From Net: NetName=+1.5V Pin=U1-H4
Removed Pin From Net: NetName=+1.5V Pin=U1-L3
Removed Pin From Net: NetName=+1.5V Pin=U1-P2
Removed Pin From Net: NetName=+1.5V Pin=U1-R5
Removed Pin From Net: NetName=+1.5V Pin=U1-U1
Removed Pin From Net: NetName=+1.5V Pin=U1-V4
Removed Pin From Net: NetName=+1.5V Pin=U3-A1
Removed Pin From Net: NetName=+1.5V Pin=U3-A8
Removed Pin From Net: NetName=+1.5V Pin=U3-B2
Removed Pin From Net: NetName=+1.5V Pin=U3-C1
Removed Pin From Net: NetName=+1.5V Pin=U3-C9
Removed Pin From Net: NetName=+1.5V Pin=U3-D2
Removed Pin From Net: NetName=+1.5V Pin=U3-D9
Removed Pin From Net: NetName=+1.5V Pin=U3-E9
Removed Pin From Net: NetName=+1.5V Pin=U3-F1
Removed Pin From Net: NetName=+1.5V Pin=U3-G7
Removed Pin From Net: NetName=+1.5V Pin=U3-H2
Removed Pin From Net: NetName=+1.5V Pin=U3-H9
Removed Pin From Net: NetName=+1.5V Pin=U3-K2
Removed Pin From Net: NetName=+1.5V Pin=U3-K8
Removed Pin From Net: NetName=+1.5V Pin=U3-N1
Removed Pin From Net: NetName=+1.5V Pin=U3-N9
Removed Pin From Net: NetName=+1.5V Pin=U3-R1
Removed Pin From Net: NetName=+1.5V Pin=U3-R9
Removed Pin From Net: NetName=+1.5V Pin=U4-A1
Removed Pin From Net: NetName=+1.5V Pin=U4-A8
Removed Pin From Net: NetName=+1.5V Pin=U4-B2
Removed Pin From Net: NetName=+1.5V Pin=U4-C1
Removed Pin From Net: NetName=+1.5V Pin=U4-C9
Removed Pin From Net: NetName=+1.5V Pin=U4-D2
Removed Pin From Net: NetName=+1.5V Pin=U4-D9
Removed Pin From Net: NetName=+1.5V Pin=U4-E9
Removed Pin From Net: NetName=+1.5V Pin=U4-F1
Removed Pin From Net: NetName=+1.5V Pin=U4-G7
Removed Pin From Net: NetName=+1.5V Pin=U4-H2
Removed Pin From Net: NetName=+1.5V Pin=U4-H9
Removed Pin From Net: NetName=+1.5V Pin=U4-K2
Removed Pin From Net: NetName=+1.5V Pin=U4-K8
Removed Pin From Net: NetName=+1.5V Pin=U4-N1
Removed Pin From Net: NetName=+1.5V Pin=U4-N9
Removed Pin From Net: NetName=+1.5V Pin=U4-R1
Removed Pin From Net: NetName=+1.5V Pin=U4-R9
Removed Pin From Net: NetName=+1.5V Pin=U5-2
Removed Pin From Net: NetName=+1.5V Pin=U11-14
Added Pin To Net: NetName=DDR3_DQS1_N Pin=U3-G3
Added Pin To Net: NetName=DDR3_DQS3_N Pin=U4-G3
Added Pin To Net: NetName=RXDLY Pin=U13-32
Change Net Name : Old Net Name=+1.5V New Net Name=GND
Added Pin To Net: NetName=+1.5V Pin=C63-2
Added Pin To Net: NetName=+1.5V Pin=C64-2
Added Pin To Net: NetName=+1.5V Pin=C65-2
Added Pin To Net: NetName=+1.5V Pin=C66-2
Added Pin To Net: NetName=+1.5V Pin=C67-2
Added Pin To Net: NetName=+1.5V Pin=C68-2
Added Pin To Net: NetName=+1.5V Pin=C69-2
Added Pin To Net: NetName=+1.5V Pin=C70-2
Added Pin To Net: NetName=+1.5V Pin=C71-2
Added Pin To Net: NetName=+1.5V Pin=C72-2
Added Pin To Net: NetName=+1.5V Pin=C73-2
Added Pin To Net: NetName=+1.5V Pin=C74-2
Added Pin To Net: NetName=+1.5V Pin=C100-2
Added Pin To Net: NetName=+1.5V Pin=C101-2
Added Pin To Net: NetName=+1.5V Pin=C104-2
Added Pin To Net: NetName=+1.5V Pin=C105-2
Added Pin To Net: NetName=+1.5V Pin=C106-2
Added Pin To Net: NetName=+1.5V Pin=C107-2
Added Pin To Net: NetName=+1.5V Pin=C108-2
Added Pin To Net: NetName=+1.5V Pin=C109-2
Added Pin To Net: NetName=+1.5V Pin=C110-2
Added Pin To Net: NetName=+1.5V Pin=C111-2
Added Pin To Net: NetName=+1.5V Pin=C112-2
Added Pin To Net: NetName=+1.5V Pin=C113-2
Added Pin To Net: NetName=+1.5V Pin=C114-2
Added Pin To Net: NetName=+1.5V Pin=C115-2
Added Pin To Net: NetName=+1.5V Pin=C116-2
Added Pin To Net: NetName=+1.5V Pin=C117-2
Added Pin To Net: NetName=+1.5V Pin=C118-2
Added Pin To Net: NetName=+1.5V Pin=C119-2
Added Pin To Net: NetName=+1.5V Pin=C120-2
Added Pin To Net: NetName=+1.5V Pin=C121-2
Added Pin To Net: NetName=+1.5V Pin=C122-2
Added Pin To Net: NetName=+1.5V Pin=C123-2
Added Pin To Net: NetName=+1.5V Pin=C124-2
Added Pin To Net: NetName=+1.5V Pin=C125-2
Added Pin To Net: NetName=+1.5V Pin=C126-2
Added Pin To Net: NetName=+1.5V Pin=C127-2
Added Pin To Net: NetName=+1.5V Pin=C128-2
Added Pin To Net: NetName=+1.5V Pin=C129-2
Added Pin To Net: NetName=+1.5V Pin=C130-2
Added Pin To Net: NetName=+1.5V Pin=C131-2
Added Pin To Net: NetName=+1.5V Pin=C132-2
Added Pin To Net: NetName=+1.5V Pin=C133-2
Added Pin To Net: NetName=+1.5V Pin=C134-2
Added Pin To Net: NetName=+1.5V Pin=C135-2
Added Pin To Net: NetName=+1.5V Pin=C136-2
Added Pin To Net: NetName=+1.5V Pin=C137-2
Added Pin To Net: NetName=+1.5V Pin=C138-2
Added Pin To Net: NetName=+1.5V Pin=C139-2
Added Pin To Net: NetName=+1.5V Pin=C140-2
Added Pin To Net: NetName=+1.5V Pin=C141-2
Added Pin To Net: NetName=+1.5V Pin=C146-2
Added Pin To Net: NetName=+1.5V Pin=C147-2
Added Pin To Net: NetName=+1.5V Pin=C173-2
Added Pin To Net: NetName=+1.5V Pin=C174-2
Added Pin To Net: NetName=+1.5V Pin=L6-2
Added Pin To Net: NetName=+1.5V Pin=R27-2
Added Pin To Net: NetName=+1.5V Pin=R56-1
Added Pin To Net: NetName=+1.5V Pin=R72-2
Added Pin To Net: NetName=+1.5V Pin=R74-2
Added Pin To Net: NetName=+1.5V Pin=TP2-1
Added Pin To Net: NetName=+1.5V Pin=U1-A3
Added Pin To Net: NetName=+1.5V Pin=U1-D2
Added Pin To Net: NetName=+1.5V Pin=U1-E5
Added Pin To Net: NetName=+1.5V Pin=U1-G1
Added Pin To Net: NetName=+1.5V Pin=U1-H4
Added Pin To Net: NetName=+1.5V Pin=U1-L3
Added Pin To Net: NetName=+1.5V Pin=U1-P2
Added Pin To Net: NetName=+1.5V Pin=U1-R5
Added Pin To Net: NetName=+1.5V Pin=U1-U1
Added Pin To Net: NetName=+1.5V Pin=U1-V4
Added Pin To Net: NetName=+1.5V Pin=U3-A1
Added Pin To Net: NetName=+1.5V Pin=U3-A8
Added Pin To Net: NetName=+1.5V Pin=U3-B2
Added Pin To Net: NetName=+1.5V Pin=U3-C1
Added Pin To Net: NetName=+1.5V Pin=U3-C9
Added Pin To Net: NetName=+1.5V Pin=U3-D2
Added Pin To Net: NetName=+1.5V Pin=U3-D9
Added Pin To Net: NetName=+1.5V Pin=U3-E9
Added Pin To Net: NetName=+1.5V Pin=U3-F1
Added Pin To Net: NetName=+1.5V Pin=U3-G7
Added Pin To Net: NetName=+1.5V Pin=U3-H2
Added Pin To Net: NetName=+1.5V Pin=U3-H9
Added Pin To Net: NetName=+1.5V Pin=U3-K2
Added Pin To Net: NetName=+1.5V Pin=U3-K8
Added Pin To Net: NetName=+1.5V Pin=U3-N1
Added Pin To Net: NetName=+1.5V Pin=U3-N9
Added Pin To Net: NetName=+1.5V Pin=U3-R1
Added Pin To Net: NetName=+1.5V Pin=U3-R9
Added Pin To Net: NetName=+1.5V Pin=U4-A1
Added Pin To Net: NetName=+1.5V Pin=U4-A8
Added Pin To Net: NetName=+1.5V Pin=U4-B2
Added Pin To Net: NetName=+1.5V Pin=U4-C1
Added Pin To Net: NetName=+1.5V Pin=U4-C9
Added Pin To Net: NetName=+1.5V Pin=U4-D2
Added Pin To Net: NetName=+1.5V Pin=U4-D9
Added Pin To Net: NetName=+1.5V Pin=U4-E9
Added Pin To Net: NetName=+1.5V Pin=U4-F1
Added Pin To Net: NetName=+1.5V Pin=U4-G7
Added Pin To Net: NetName=+1.5V Pin=U4-H2
Added Pin To Net: NetName=+1.5V Pin=U4-H9
Added Pin To Net: NetName=+1.5V Pin=U4-K2
Added Pin To Net: NetName=+1.5V Pin=U4-K8
Added Pin To Net: NetName=+1.5V Pin=U4-N1
Added Pin To Net: NetName=+1.5V Pin=U4-N9
Added Pin To Net: NetName=+1.5V Pin=U4-R1
Added Pin To Net: NetName=+1.5V Pin=U4-R9
Added Pin To Net: NetName=+1.5V Pin=U5-2
Added Pin To Net: NetName=+1.5V Pin=U11-14
Added Net: Name=+1.5V
