Added Pin To Net: NetName=KEY_1 Pin=P11-40
Added Pin To Net: NetName=PE5 Pin=U2.1-4
Added Pin To Net: NetName=PE6 Pin=U2.1-5
Added Pin To Net: NetName=KEY_1 Pin=U2.1-7
Added Pin To Net: NetName=NetC13_2 Pin=U2.1-8
Added Pin To Net: NetName=PC0 Pin=U2.1-15
Added Pin To Net: NetName=PC1 Pin=U2.1-16
Added Pin To Net: NetName=PC2 Pin=U2.1-17
Added Pin To Net: NetName=PC3 Pin=U2.1-18
Added Pin To Net: NetName=PA0 Pin=U2.1-23
Added Pin To Net: NetName=PA1 Pin=U2.1-24
Added Pin To Net: NetName=PA2 Pin=U2.1-25
Added Pin To Net: NetName=PA3 Pin=U2.1-26
Added Pin To Net: NetName=PA4 Pin=U2.1-29
Added Pin To Net: NetName=PA5 Pin=U2.1-30
Added Pin To Net: NetName=PA6 Pin=U2.1-31
Added Pin To Net: NetName=PA7 Pin=U2.1-32
Added Pin To Net: NetName=PC4 Pin=U2.1-33
Added Pin To Net: NetName=PC5 Pin=U2.1-34
Added Pin To Net: NetName=OLED_RES# Pin=U2.1-35
Added Pin To Net: NetName=OLED_D/C# Pin=U2.1-36
Added Pin To Net: NetName=BOOT1 Pin=U2.1-37
Added Pin To Net: NetName=DB5 Pin=U2.1-39
Added Pin To Net: NetName=DB6 Pin=U2.1-40
Added Pin To Net: NetName=DB7 Pin=U2.1-41
Added Pin To Net: NetName=DB8 Pin=U2.1-42
Added Pin To Net: NetName=DB9 Pin=U2.1-43
Added Pin To Net: NetName=DB10 Pin=U2.1-44
Added Pin To Net: NetName=DB11 Pin=U2.1-45
Added Pin To Net: NetName=DB12 Pin=U2.1-46
Added Pin To Net: NetName=PB10 Pin=U2.1-47
Added Pin To Net: NetName=PB11 Pin=U2.1-48
