Added Component: Designator=U1(USB-MINI-5P)
Add component. Clean all parameters for all variants
Added Component: Designator=U2(USB-MINI-5P)
Add component. Clean all parameters for all variants
Added Pin To Net: NetName=Vusb Pin=U1-1
Added Pin To Net: NetName=CH340_D+ Pin=U1-3
Added Pin To Net: NetName=GND Pin=U1-5
Added Pin To Net: NetName=GND Pin=U1-5
Added Pin To Net: NetName=GND Pin=U1-5
Added Pin To Net: NetName=GND Pin=U1-5
Added Pin To Net: NetName=GND Pin=U1-5
Added Pin To Net: NetName=Vusb Pin=U2-1
Added Pin To Net: NetName=PA11 Pin=U2-2
Added Pin To Net: NetName=PA12 Pin=U2-3
Added Pin To Net: NetName=GND Pin=U2-5
Added Pin To Net: NetName=GND Pin=U2-5
Added Pin To Net: NetName=GND Pin=U2-5
Added Pin To Net: NetName=GND Pin=U2-5
Added Pin To Net: NetName=GND Pin=U2-5
Added Member To Class: ClassName=STM32VET6_SCH Member=Component U1 USB
Added Member To Class: ClassName=STM32VET6_SCH Member=Component U2 USB
Added Room: Name=STM32VET6_SCH
