Added Component: Designator=C1(CT 6*6 - C)
Add component. Clean all parameters for all variants
Added Component: Designator=C2(0603_C)
Add component. Clean all parameters for all variants
Added Component: Designator=C3(CT 6*6 - C)
Add component. Clean all parameters for all variants
Added Component: Designator=C4(0603_C)
Add component. Clean all parameters for all variants
Added Component: Designator=C5(0603_C)
Add component. Clean all parameters for all variants
Added Component: Designator=C6(0603_C)
Add component. Clean all parameters for all variants
Added Component: Designator=C7(0603_C)
Add component. Clean all parameters for all variants
Added Component: Designator=C8(0603_C)
Add component. Clean all parameters for all variants
Added Component: Designator=C9(0603_C)
Add component. Clean all parameters for all variants
Added Component: Designator=C10(0603_C)
Add component. Clean all parameters for all variants
Added Component: Designator=C11(0603_C)
Add component. Clean all parameters for all variants
Added Component: Designator=C12(0603_C)
Add component. Clean all parameters for all variants
Added Component: Designator=C13(0603_C)
Add component. Clean all parameters for all variants
Added Component: Designator=C14(0603_C)
Add component. Clean all parameters for all variants
Added Component: Designator=C15(0603_C)
Add component. Clean all parameters for all variants
Added Component: Designator=C16(0603_C)
Add component. Clean all parameters for all variants
Added Component: Designator=C17(0603_C)
Add component. Clean all parameters for all variants
Added Component: Designator=C18(0603_C)
Add component. Clean all parameters for all variants
Added Component: Designator=C19(0603_C)
Add component. Clean all parameters for all variants
Added Component: Designator=C20(0603_C)
Add component. Clean all parameters for all variants
Added Component: Designator=D1(0805_D)
Add component. Clean all parameters for all variants
Added Component: Designator=D3(0603_R)
Add component. Clean all parameters for all variants
Added Component: Designator=D5(0603_R)
Add component. Clean all parameters for all variants
Added Component: Designator=D6(LL4148)
Add component. Clean all parameters for all variants
Added Component: Designator=D7(SOT23)
Add component. Clean all parameters for all variants
Added Component: Designator=D8(LL4148)
Add component. Clean all parameters for all variants
Added Component: Designator=key0(TSW SMD-3*6*5)
Add component. Clean all parameters for all variants
Added Component: Designator=Key1(TSW SMD-3*6*5)
Add component. Clean all parameters for all variants
Added Component: Designator=Key2(TSW SMD-3*6*5)
Add component. Clean all parameters for all variants
Added Component: Designator=key_4(TSW SMD-3*6*5)
Add component. Clean all parameters for all variants
Added Component: Designator=P1(HDR2.54-LI-2P)
Add component. Clean all parameters for all variants
Added Component: Designator=P2(HDR2.54-LI-2P)
Add component. Clean all parameters for all variants
Added Component: Designator=P3(HDR2.54-LI-2x3P)
Add component. Clean all parameters for all variants
Added Component: Designator=P4(HDR2.54-LI-2x4P)
Add component. Clean all parameters for all variants
Added Component: Designator=P5(DC-2.54-L-Z-20P)
Add component. Clean all parameters for all variants
Added Component: Designator=P7(HDR2.54-M-2x16P)
Add component. Clean all parameters for all variants
Added Component: Designator=P11(HDR2.54-LI-2x20P)
Add component. Clean all parameters for all variants
Added Component: Designator=P12(HDR2.54-LI-2x20P)
Add component. Clean all parameters for all variants
Added Component: Designator=P13(HDR2.54-LI-2x5P)
Add component. Clean all parameters for all variants
Added Component: Designator=P14(HDR2.54-LI-2x5P)
Add component. Clean all parameters for all variants
Added Component: Designator=P15(0.96'OLED)
Add component. Clean all parameters for all variants
Added Component: Designator=P16(HDR2.54-LI-3P)
Add component. Clean all parameters for all variants
Added Component: Designator=P17(HDR2.54-LI-3P)
Add component. Clean all parameters for all variants
Added Component: Designator=P18(HDR2.54-LI-3P)
Add component. Clean all parameters for all variants
Added Component: Designator=P19(HDR2.54-LI-3P)
Add component. Clean all parameters for all variants
Added Component: Designator=R1(0603_R)
Add component. Clean all parameters for all variants
Added Component: Designator=R2(0603_R)
Add component. Clean all parameters for all variants
Added Component: Designator=R3(0603_R)
Add component. Clean all parameters for all variants
Added Component: Designator=R4(0603_R)
Add component. Clean all parameters for all variants
Added Component: Designator=R5(0603_R)
Add component. Clean all parameters for all variants
Added Component: Designator=R6(0603_R)
Add component. Clean all parameters for all variants
Added Component: Designator=R7(0603_R)
Add component. Clean all parameters for all variants
Added Component: Designator=R8(0603_R)
Add component. Clean all parameters for all variants
Added Component: Designator=R9(0603_R)
Add component. Clean all parameters for all variants
Added Component: Designator=R10(0603_R)
Add component. Clean all parameters for all variants
Added Component: Designator=R11(0603_R)
Add component. Clean all parameters for all variants
Added Component: Designator=R12(0603_R)
Add component. Clean all parameters for all variants
Added Component: Designator=R13(0603_R)
Add component. Clean all parameters for all variants
Added Component: Designator=R14(0603_R)
Add component. Clean all parameters for all variants
Added Component: Designator=R15(0603_R)
Add component. Clean all parameters for all variants
Added Component: Designator=R16(0603_R)
Add component. Clean all parameters for all variants
Added Component: Designator=R17(0603_R)
Add component. Clean all parameters for all variants
Added Component: Designator=S1(KFT DIP-8X8)
Add component. Clean all parameters for all variants
Added Component: Designator=U2.1(STM32F103VET6)
Add component. Clean all parameters for all variants
Added Component: Designator=U3(SOT-223)
Add component. Clean all parameters for all variants
Added Component: Designator=U4(SOP16)
Add component. Clean all parameters for all variants
Added Component: Designator=U5(CR1220)
Add component. Clean all parameters for all variants
Added Component: Designator=U8(SDCARD_L)
Add component. Clean all parameters for all variants
Added Component: Designator=Y1(8Mhz)
Add component. Clean all parameters for all variants
Added Component: Designator=Y2(32.768Khz¾§Õñ)
Add component. Clean all parameters for all variants
Added Pin To Net: NetName=BL_CTR Pin=P7-26
Added Pin To Net: NetName=BL_CTR Pin=P12-23
Added Net: Name=BL_CTR
Added Pin To Net: NetName=BOOT0_CTR Pin=P4-3
Added Net: Name=BOOT0_CTR
Added Pin To Net: NetName=BOOT0 Pin=P4-6
Added Pin To Net: NetName=BOOT0 Pin=R8-2
Added Net: Name=BOOT0
Added Pin To Net: NetName=BOOT1 Pin=P11-8
Added Pin To Net: NetName=BOOT1 Pin=R9-1
Added Net: Name=BOOT1
Added Pin To Net: NetName=CH340_D+ Pin=U4-5
Added Net: Name=CH340_D+
Added Pin To Net: NetName=CH340_D- Pin=U4-6
Added Net: Name=CH340_D-
Added Pin To Net: NetName=CH340_DIR Pin=D7-1
Added Pin To Net: NetName=CH340_DIR Pin=P4-4
Added Pin To Net: NetName=CH340_DIR Pin=U4-13
Added Net: Name=CH340_DIR
Added Pin To Net: NetName=CH340_RXD Pin=P4-2
Added Pin To Net: NetName=CH340_RXD Pin=U4-3
Added Net: Name=CH340_RXD
Added Pin To Net: NetName=CH340_TXD Pin=P4-1
Added Pin To Net: NetName=CH340_TXD Pin=U4-2
Added Net: Name=CH340_TXD
Added Pin To Net: NetName=DB0 Pin=P11-19
Added Net: Name=DB0
Added Pin To Net: NetName=DB1 Pin=P11-22
Added Net: Name=DB1
Added Pin To Net: NetName=DB2 Pin=P12-28
Added Net: Name=DB2
Added Pin To Net: NetName=DB3 Pin=P12-13
Added Net: Name=DB3
Added Pin To Net: NetName=DB4 Pin=P11-33
Added Net: Name=DB4
Added Pin To Net: NetName=DB5 Pin=P11-9
Added Net: Name=DB5
Added Pin To Net: NetName=DB6 Pin=P7-16
Added Pin To Net: NetName=DB6 Pin=P11-32
Added Net: Name=DB6
Added Pin To Net: NetName=DB7 Pin=P11-10
Added Net: Name=DB7
Added Pin To Net: NetName=DB8 Pin=P11-31
Added Net: Name=DB8
Added Pin To Net: NetName=DB9 Pin=P11-11
Added Net: Name=DB9
Added Pin To Net: NetName=DB10 Pin=P11-30
Added Net: Name=DB10
Added Pin To Net: NetName=DB11 Pin=P11-12
Added Net: Name=DB11
Added Pin To Net: NetName=DB12 Pin=P11-29
Added Net: Name=DB12
Added Pin To Net: NetName=DB13 Pin=P7-23
Added Pin To Net: NetName=DB13 Pin=P11-16
Added Net: Name=DB13
Added Pin To Net: NetName=DB14 Pin=P7-24
Added Pin To Net: NetName=DB14 Pin=P11-25
Added Net: Name=DB14
Added Pin To Net: NetName=DB15 Pin=P11-17
Added Net: Name=DB15
Added Pin To Net: NetName=DGND Pin=C5-1
Added Pin To Net: NetName=DGND Pin=C16-2
Added Pin To Net: NetName=DGND Pin=R6-2
Added Pin To Net: NetName=DGND Pin=U2.1-19
Added Pin To Net: NetName=DGND Pin=U2.1-20
Added Net: Name=DGND
Added Pin To Net: NetName=FSMC_A16 Pin=P7-4
Added Pin To Net: NetName=FSMC_A16 Pin=P11-24
Added Net: Name=FSMC_A16
Added Pin To Net: NetName=FSMC_NE1 Pin=P7-3
Added Pin To Net: NetName=FSMC_NE1 Pin=P12-10
Added Pin To Net: NetName=FSMC_NE1 Pin=R11-1
Added Net: Name=FSMC_NE1
Added Pin To Net: NetName=FSMC_NOE Pin=P7-6
Added Pin To Net: NetName=FSMC_NOE Pin=P12-30
Added Net: Name=FSMC_NOE
Added Pin To Net: NetName=FSMC_NWE Pin=P7-5
Added Pin To Net: NetName=FSMC_NWE Pin=P12-11
Added Net: Name=FSMC_NWE
Added Pin To Net: NetName=GND Pin=C1-2
Added Pin To Net: NetName=GND Pin=C2-1
Added Pin To Net: NetName=GND Pin=C6-1
Added Pin To Net: NetName=GND Pin=C7-1
Added Pin To Net: NetName=GND Pin=C8-1
Added Pin To Net: NetName=GND Pin=C9-1
Added Pin To Net: NetName=GND Pin=C10-1
Added Pin To Net: NetName=GND Pin=C11-2
Added Pin To Net: NetName=GND Pin=C12-2
Added Pin To Net: NetName=GND Pin=C13-1
Added Pin To Net: NetName=GND Pin=C14-1
Added Pin To Net: NetName=GND Pin=C15-1
Added Pin To Net: NetName=GND Pin=C17-2
Added Pin To Net: NetName=GND Pin=C18-1
Added Pin To Net: NetName=GND Pin=C19-2
Added Pin To Net: NetName=GND Pin=D3-2
Added Pin To Net: NetName=GND Pin=D7-2
Added Pin To Net: NetName=GND Pin=Key1-2
Added Pin To Net: NetName=GND Pin=Key2-2
Added Pin To Net: NetName=GND Pin=key_4-1
Added Pin To Net: NetName=GND Pin=P3-3
Added Pin To Net: NetName=GND Pin=P3-4
Added Pin To Net: NetName=GND Pin=P5-4
Added Pin To Net: NetName=GND Pin=P5-6
Added Pin To Net: NetName=GND Pin=P5-8
Added Pin To Net: NetName=GND Pin=P5-10
Added Pin To Net: NetName=GND Pin=P5-12
Added Pin To Net: NetName=GND Pin=P5-14
Added Pin To Net: NetName=GND Pin=P5-16
Added Pin To Net: NetName=GND Pin=P5-18
Added Pin To Net: NetName=GND Pin=P5-20
Added Pin To Net: NetName=GND Pin=P7-1
Added Pin To Net: NetName=GND Pin=P11-20
Added Pin To Net: NetName=GND Pin=P11-21
Added Pin To Net: NetName=GND Pin=P13-6
Added Pin To Net: NetName=GND Pin=P13-7
Added Pin To Net: NetName=GND Pin=P13-8
Added Pin To Net: NetName=GND Pin=P13-9
Added Pin To Net: NetName=GND Pin=P13-10
Added Pin To Net: NetName=GND Pin=P14-6
Added Pin To Net: NetName=GND Pin=P14-7
Added Pin To Net: NetName=GND Pin=P14-8
Added Pin To Net: NetName=GND Pin=P14-9
Added Pin To Net: NetName=GND Pin=P14-10
Added Pin To Net: NetName=GND Pin=P15-1
Added Pin To Net: NetName=GND Pin=R6-1
Added Pin To Net: NetName=GND Pin=U2.1-10
Added Pin To Net: NetName=GND Pin=U2.1-27
Added Pin To Net: NetName=GND Pin=U2.1-49
Added Pin To Net: NetName=GND Pin=U2.1-74
Added Pin To Net: NetName=GND Pin=U2.1-99
Added Pin To Net: NetName=GND Pin=U4-1
Added Pin To Net: NetName=GND Pin=U5-2
Added Pin To Net: NetName=GND Pin=U8-3
Added Net: Name=GND
Added Pin To Net: NetName=JTDI Pin=P5-5
Added Pin To Net: NetName=JTDI Pin=P12-15
Added Net: Name=JTDI
Added Pin To Net: NetName=JTDO Pin=P5-13
Added Pin To Net: NetName=JTDO Pin=P12-32
Added Net: Name=JTDO
Added Pin To Net: NetName=JTMS-SWCLK Pin=P5-9
Added Pin To Net: NetName=JTMS-SWCLK Pin=P12-26
Added Net: Name=JTMS-SWCLK
Added Pin To Net: NetName=JTMS-SWDIO Pin=P5-7
Added Pin To Net: NetName=JTMS-SWDIO Pin=P12-16
Added Net: Name=JTMS-SWDIO
Added Pin To Net: NetName=KEY_1 Pin=Key1-1
Added Net: Name=KEY_1
Added Pin To Net: NetName=KEY_2 Pin=Key2-1
Added Pin To Net: NetName=KEY_2 Pin=P12-12
Added Net: Name=KEY_2
Added Pin To Net: NetName=LED_1 Pin=P12-33
Added Net: Name=LED_1
Added Pin To Net: NetName=LED_2 Pin=D5-2
Added Pin To Net: NetName=LED_2 Pin=P11-18
Added Net: Name=LED_2
Added Pin To Net: NetName=NetC11_1 Pin=C11-1
Added Pin To Net: NetName=NetC11_1 Pin=U2.1-12
Added Pin To Net: NetName=NetC11_1 Pin=Y1-1
Added Net: Name=NetC11_1
Added Pin To Net: NetName=NetC12_1 Pin=C12-1
Added Pin To Net: NetName=NetC12_1 Pin=U2.1-13
Added Pin To Net: NetName=NetC12_1 Pin=Y1-2
Added Net: Name=NetC12_1
Added Pin To Net: NetName=NetC13_2 Pin=C13-2
Added Pin To Net: NetName=NetC13_2 Pin=Y2-1
Added Net: Name=NetC13_2
Added Pin To Net: NetName=NetC14_2 Pin=C14-2
Added Pin To Net: NetName=NetC14_2 Pin=U2.1-9
Added Pin To Net: NetName=NetC14_2 Pin=Y2-2
Added Net: Name=NetC14_2
Added Pin To Net: NetName=NetC16_1 Pin=C16-1
Added Pin To Net: NetName=NetC16_1 Pin=U2.1-21
Added Net: Name=NetC16_1
Added Pin To Net: NetName=NetC17_1 Pin=C17-1
Added Pin To Net: NetName=NetC17_1 Pin=D6-2
Added Pin To Net: NetName=NetC17_1 Pin=D8-2
Added Pin To Net: NetName=NetC17_1 Pin=U2.1-6
Added Net: Name=NetC17_1
Added Pin To Net: NetName=NetC20_1 Pin=C20-1
Added Pin To Net: NetName=NetC20_1 Pin=U8-6
Added Pin To Net: NetName=NetC20_1 Pin=U8-11
Added Pin To Net: NetName=NetC20_1 Pin=U8-11
Added Pin To Net: NetName=NetC20_1 Pin=U8-11
Added Pin To Net: NetName=NetC20_1 Pin=U8-11
Added Net: Name=NetC20_1
Added Pin To Net: NetName=NetD1_1 Pin=D1-1
Added Pin To Net: NetName=NetD1_1 Pin=P1-2
Added Net: Name=NetD1_1
Added Pin To Net: NetName=NetD1_2 Pin=D1-2
Added Pin To Net: NetName=NetD1_2 Pin=S1-3
Added Pin To Net: NetName=NetD1_2 Pin=S1-4
Added Net: Name=NetD1_2
Added Pin To Net: NetName=NetD3_1 Pin=D3-1
Added Pin To Net: NetName=NetD3_1 Pin=R2-1
Added Net: Name=NetD3_1
Added Pin To Net: NetName=NetD4_1 Pin=R3-1
Added Net: Name=NetD4_1
Added Pin To Net: NetName=NetD5_1 Pin=D5-1
Added Pin To Net: NetName=NetD5_1 Pin=R4-1
Added Net: Name=NetD5_1
Added Pin To Net: NetName=NetD7_3 Pin=D7-3
Added Pin To Net: NetName=NetD7_3 Pin=R10-2
Added Net: Name=NetD7_3
Added Pin To Net: NetName=NetP3_2 Pin=P3-2
Added Pin To Net: NetName=NetP3_2 Pin=R8-1
Added Net: Name=NetP3_2
Added Pin To Net: NetName=NetP3_5 Pin=P3-5
Added Pin To Net: NetName=NetP3_5 Pin=R9-2
Added Net: Name=NetP3_5
Added Pin To Net: NetName=NetP16_1 Pin=P16-1
Added Pin To Net: NetName=NetP16_1 Pin=P16-2
Added Pin To Net: NetName=NetP16_1 Pin=P16-3
Added Net: Name=NetP16_1
Added Pin To Net: NetName=NetP17_1 Pin=P17-1
Added Pin To Net: NetName=NetP17_1 Pin=P17-2
Added Pin To Net: NetName=NetP17_1 Pin=P17-3
Added Net: Name=NetP17_1
Added Pin To Net: NetName=NetP18_1 Pin=P18-1
Added Pin To Net: NetName=NetP18_1 Pin=P18-2
Added Pin To Net: NetName=NetP18_1 Pin=P18-3
Added Net: Name=NetP18_1
Added Pin To Net: NetName=NetP19_1 Pin=P19-1
Added Pin To Net: NetName=NetP19_1 Pin=P19-2
Added Pin To Net: NetName=NetP19_1 Pin=P19-3
Added Net: Name=NetP19_1
Added Pin To Net: NetName=NJTRST Pin=P5-3
Added Pin To Net: NetName=NJTRST Pin=P12-9
Added Net: Name=NJTRST
Added Pin To Net: NetName=OLED_D/C# Pin=P11-34
Added Pin To Net: NetName=OLED_D/C# Pin=P15-6
Added Net: Name=OLED_D/C#
Added Pin To Net: NetName=OLED_RES# Pin=P11-7
Added Pin To Net: NetName=OLED_RES# Pin=P15-5
Added Net: Name=OLED_RES#
Added Pin To Net: NetName=PA0 Pin=key0-1
Added Pin To Net: NetName=PA0 Pin=P11-2
Added Net: Name=PA0
Added Pin To Net: NetName=PA1 Pin=P11-39
Added Net: Name=PA1
Added Pin To Net: NetName=PA2 Pin=P11-3
Added Net: Name=PA2
Added Pin To Net: NetName=PA3 Pin=P11-38
Added Net: Name=PA3
Added Pin To Net: NetName=PA4 Pin=P11-4
Added Pin To Net: NetName=PA4 Pin=P15-7
Added Net: Name=PA4
Added Pin To Net: NetName=PA5 Pin=P11-37
Added Pin To Net: NetName=PA5 Pin=P15-3
Added Net: Name=PA5
Added Pin To Net: NetName=PA6 Pin=P11-5
Added Net: Name=PA6
Added Pin To Net: NetName=PA7 Pin=P11-36
Added Pin To Net: NetName=PA7 Pin=P15-4
Added Net: Name=PA7
Added Pin To Net: NetName=PA9 Pin=P4-7
Added Pin To Net: NetName=PA9 Pin=P12-18
Added Net: Name=PA9
Added Pin To Net: NetName=PA10 Pin=P4-8
Added Pin To Net: NetName=PA10 Pin=P12-24
Added Net: Name=PA10
Added Pin To Net: NetName=PA11 Pin=P12-17
Added Net: Name=PA11
Added Pin To Net: NetName=PA12 Pin=P12-25
Added Pin To Net: NetName=PA12 Pin=R1-1
Added Net: Name=PA12
Added Pin To Net: NetName=PB6 Pin=P12-8
Added Net: Name=PB6
Added Pin To Net: NetName=PB7 Pin=P12-34
Added Net: Name=PB7
Added Pin To Net: NetName=PB8 Pin=P12-7
Added Net: Name=PB8
Added Pin To Net: NetName=PB9 Pin=P12-35
Added Net: Name=PB9
Added Pin To Net: NetName=PB10 Pin=P11-13
Added Net: Name=PB10
Added Pin To Net: NetName=PB11 Pin=P11-28
Added Net: Name=PB11
Added Pin To Net: NetName=PB12 Pin=P11-14
Added Pin To Net: NetName=PB12 Pin=R12-1
Added Net: Name=PB12
Added Pin To Net: NetName=PB13 Pin=P11-27
Added Net: Name=PB13
Added Pin To Net: NetName=PB14 Pin=P7-31
Added Pin To Net: NetName=PB14 Pin=P11-15
Added Net: Name=PB14
Added Pin To Net: NetName=PB15 Pin=P11-26
Added Net: Name=PB15
Added Pin To Net: NetName=PC0 Pin=P12-39
Added Net: Name=PC0
Added Pin To Net: NetName=PC1 Pin=P12-2
Added Net: Name=PC1
Added Pin To Net: NetName=PC2 Pin=P12-40
Added Net: Name=PC2
Added Pin To Net: NetName=PC3 Pin=P12-1
Added Net: Name=PC3
Added Pin To Net: NetName=PC4 Pin=P11-6
Added Net: Name=PC4
Added Pin To Net: NetName=PC5 Pin=P11-35
Added Net: Name=PC5
Added Pin To Net: NetName=PC6 Pin=P12-21
Added Net: Name=PC6
Added Pin To Net: NetName=PC7 Pin=P12-20
Added Net: Name=PC7
Added Pin To Net: NetName=PC8 Pin=P12-22
Added Pin To Net: NetName=PC8 Pin=R13-1
Added Net: Name=PC8
Added Pin To Net: NetName=PC9 Pin=P12-19
Added Pin To Net: NetName=PC9 Pin=R14-1
Added Net: Name=PC9
Added Pin To Net: NetName=PC10 Pin=P12-27
Added Pin To Net: NetName=PC10 Pin=R15-1
Added Pin To Net: NetName=PC10 Pin=U8-9
Added Net: Name=PC10
Added Pin To Net: NetName=PC11 Pin=P12-14
Added Pin To Net: NetName=PC11 Pin=R16-1
Added Pin To Net: NetName=PC11 Pin=U8-1
Added Net: Name=PC11
Added Pin To Net: NetName=PC12 Pin=P11-1
Added Net: Name=PC12
Added Pin To Net: NetName=PC13 Pin=P11-40
Added Net: Name=PC13
Added Pin To Net: NetName=PD2 Pin=P12-29
Added Pin To Net: NetName=PD2 Pin=R17-1
Added Pin To Net: NetName=PD2 Pin=U8-2
Added Net: Name=PD2
Added Pin To Net: NetName=PD13 Pin=P11-23
Added Net: Name=PD13
Added Pin To Net: NetName=PE0 Pin=P12-6
Added Net: Name=PE0
Added Pin To Net: NetName=PE1 Pin=P12-36
Added Net: Name=PE1
Added Pin To Net: NetName=PE2 Pin=P12-5
Added Net: Name=PE2
Added Pin To Net: NetName=PE3 Pin=P12-37
Added Net: Name=PE3
Added Pin To Net: NetName=PE4 Pin=P12-4
Added Net: Name=PE4
Added Pin To Net: NetName=PE5 Pin=P12-38
Added Net: Name=PE5
Added Pin To Net: NetName=PE6 Pin=P12-3
Added Net: Name=PE6
Added Pin To Net: NetName=RESET Pin=C15-2
Added Pin To Net: NetName=RESET Pin=key_4-2
Added Pin To Net: NetName=RESET Pin=P4-5
Added Pin To Net: NetName=RESET Pin=P5-15
Added Pin To Net: NetName=RESET Pin=P7-9
Added Pin To Net: NetName=RESET Pin=R7-1
Added Net: Name=RESET
Added Pin To Net: NetName=VCC_3.3V_MCU Pin=C6-2
Added Pin To Net: NetName=VCC_3.3V_MCU Pin=C7-2
Added Pin To Net: NetName=VCC_3.3V_MCU Pin=C8-2
Added Pin To Net: NetName=VCC_3.3V_MCU Pin=C9-2
Added Pin To Net: NetName=VCC_3.3V_MCU Pin=C10-2
Added Pin To Net: NetName=VCC_3.3V_MCU Pin=D8-1
Added Pin To Net: NetName=VCC_3.3V_MCU Pin=P2-2
Added Pin To Net: NetName=VCC_3.3V_MCU Pin=R5-2
Added Pin To Net: NetName=VCC_3.3V_MCU Pin=R7-2
Added Pin To Net: NetName=VCC_3.3V_MCU Pin=U2.1-11
Added Pin To Net: NetName=VCC_3.3V_MCU Pin=U2.1-28
Added Pin To Net: NetName=VCC_3.3V_MCU Pin=U2.1-50
Added Pin To Net: NetName=VCC_3.3V_MCU Pin=U2.1-75
Added Pin To Net: NetName=VCC_3.3V_MCU Pin=U2.1-100
Added Net: Name=VCC_3.3V_MCU
Added Pin To Net: NetName=VCC_3.3V Pin=C3-1
Added Pin To Net: NetName=VCC_3.3V Pin=C4-2
Added Pin To Net: NetName=VCC_3.3V Pin=C18-2
Added Pin To Net: NetName=VCC_3.3V Pin=C19-1
Added Pin To Net: NetName=VCC_3.3V Pin=C20-2
Added Pin To Net: NetName=VCC_3.3V Pin=key0-2
Added Pin To Net: NetName=VCC_3.3V Pin=P2-1
Added Pin To Net: NetName=VCC_3.3V Pin=P3-1
Added Pin To Net: NetName=VCC_3.3V Pin=P3-6
Added Pin To Net: NetName=VCC_3.3V Pin=P5-1
Added Pin To Net: NetName=VCC_3.3V Pin=P5-2
Added Pin To Net: NetName=VCC_3.3V Pin=P7-2
Added Pin To Net: NetName=VCC_3.3V Pin=P14-1
Added Pin To Net: NetName=VCC_3.3V Pin=P14-2
Added Pin To Net: NetName=VCC_3.3V Pin=P14-3
Added Pin To Net: NetName=VCC_3.3V Pin=P14-4
Added Pin To Net: NetName=VCC_3.3V Pin=P14-5
Added Pin To Net: NetName=VCC_3.3V Pin=P15-2
Added Pin To Net: NetName=VCC_3.3V Pin=R1-2
Added Pin To Net: NetName=VCC_3.3V Pin=R2-2
Added Pin To Net: NetName=VCC_3.3V Pin=R3-2
Added Pin To Net: NetName=VCC_3.3V Pin=R4-2
Added Pin To Net: NetName=VCC_3.3V Pin=R10-1
Added Pin To Net: NetName=VCC_3.3V Pin=R11-2
Added Pin To Net: NetName=VCC_3.3V Pin=R12-2
Added Pin To Net: NetName=VCC_3.3V Pin=R13-2
Added Pin To Net: NetName=VCC_3.3V Pin=R14-2
Added Pin To Net: NetName=VCC_3.3V Pin=R15-2
Added Pin To Net: NetName=VCC_3.3V Pin=R16-2
Added Pin To Net: NetName=VCC_3.3V Pin=R17-2
Added Pin To Net: NetName=VCC_3.3V Pin=U3-2
Added Pin To Net: NetName=VCC_3.3V Pin=U3-2
Added Pin To Net: NetName=VCC_3.3V Pin=U4-4
Added Pin To Net: NetName=VCC_3.3V Pin=U4-16
Added Net: Name=VCC_3.3V
Added Pin To Net: NetName=VCC_5V Pin=C1-1
Added Pin To Net: NetName=VCC_5V Pin=C2-2
Added Pin To Net: NetName=VCC_5V Pin=P13-1
Added Pin To Net: NetName=VCC_5V Pin=P13-2
Added Pin To Net: NetName=VCC_5V Pin=P13-3
Added Pin To Net: NetName=VCC_5V Pin=P13-4
Added Pin To Net: NetName=VCC_5V Pin=P13-5
Added Pin To Net: NetName=VCC_5V Pin=S1-2
Added Pin To Net: NetName=VCC_5V Pin=S1-5
Added Pin To Net: NetName=VCC_5V Pin=U3-3
Added Net: Name=VCC_5V
Added Pin To Net: NetName=VCC_A3.3V Pin=C5-2
Added Pin To Net: NetName=VCC_A3.3V Pin=R5-1
Added Pin To Net: NetName=VCC_A3.3V Pin=U2.1-22
Added Net: Name=VCC_A3.3V
Added Pin To Net: NetName=Vusb Pin=P1-1
Added Net: Name=Vusb
Added Class: Name=STM32VET6_SCH
Added Room: Name=STM32VET6_SCH
