[0418/224829:ERROR:backend_impl.cc(2020)] Corrupt Index file
[0418/224829:ERROR:cache_util_win.cc(20)] Unable to move the cache: 5
[0418/224829:ERROR:cache_util.cc(134)] Unable to move cache folder C:\ProgramData\Altium\Altium Designer {2ECB3EC9-DB26-428B-8164-2E95EFBA7732}\BrowserCache to C:\ProgramData\Altium\Altium Designer {2ECB3EC9-DB26-428B-8164-2E95EFBA7732}\old_BrowserCache_000
[0418/224829:ERROR:cache_creator.cc(129)] Unable to create cache
[0418/225117:ERROR:backend_impl.cc(2020)] Corrupt Index file
[0418/225117:ERROR:cache_util_win.cc(20)] Unable to move the cache: 5
[0418/225117:ERROR:cache_util.cc(134)] Unable to move cache folder C:\ProgramData\Altium\Altium Designer {2ECB3EC9-DB26-428B-8164-2E95EFBA7732}\BrowserCache to C:\ProgramData\Altium\Altium Designer {2ECB3EC9-DB26-428B-8164-2E95EFBA7732}\old_BrowserCache_000
[0418/225118:ERROR:cache_creator.cc(129)] Unable to create cache
[0419/002320:WARNING:dns_config_service_win.cc(665)] Failed to read DnsConfig.
[0419/132139:WARNING:dns_config_service_win.cc(665)] Failed to read DnsConfig.
[0419/195115:WARNING:dns_config_service_win.cc(665)] Failed to read DnsConfig.
[0419/195116:WARNING:dns_config_service_win.cc(665)] Failed to read DnsConfig.
[0419/195120:WARNING:dns_config_service_win.cc(665)] Failed to read DnsConfig.
[0419/195121:WARNING:dns_config_service_win.cc(665)] Failed to read DnsConfig.
[0419/195125:WARNING:dns_config_service_win.cc(665)] Failed to read DnsConfig.
[0419/195126:WARNING:dns_config_service_win.cc(665)] Failed to read DnsConfig.
[0419/195130:WARNING:dns_config_service_win.cc(665)] Failed to read DnsConfig.
[0419/195131:WARNING:dns_config_service_win.cc(665)] Failed to read DnsConfig.
[0419/195135:WARNING:dns_config_service_win.cc(665)] Failed to read DnsConfig.
[0419/195136:WARNING:dns_config_service_win.cc(665)] Failed to read DnsConfig.
[0419/195140:WARNING:dns_config_service_win.cc(665)] Failed to read DnsConfig.
[0419/195142:WARNING:dns_config_service_win.cc(665)] Failed to read DnsConfig.
[0419/195145:WARNING:dns_config_service_win.cc(665)] Failed to read DnsConfig.
[0419/195147:WARNING:dns_config_service_win.cc(665)] Failed to read DnsConfig.
[0419/195150:WARNING:dns_config_service_win.cc(665)] Failed to read DnsConfig.
[0419/195152:WARNING:dns_config_service_win.cc(665)] Failed to read DnsConfig.
[0419/195155:WARNING:dns_config_service_win.cc(665)] Failed to read DnsConfig.
[0419/195157:WARNING:dns_config_service_win.cc(665)] Failed to read DnsConfig.
[0419/195200:WARNING:dns_config_service_win.cc(665)] Failed to read DnsConfig.
[0419/195202:WARNING:dns_config_service_win.cc(665)] Failed to read DnsConfig.
[0419/195205:WARNING:dns_config_service_win.cc(665)] Failed to read DnsConfig.
[0419/195207:WARNING:dns_config_service_win.cc(665)] Failed to read DnsConfig.
[0419/195210:WARNING:dns_config_service_win.cc(665)] Failed to read DnsConfig.
[0419/195212:WARNING:dns_config_service_win.cc(665)] Failed to read DnsConfig.
[0419/195215:WARNING:dns_config_service_win.cc(665)] Failed to read DnsConfig.
[0419/195217:WARNING:dns_config_service_win.cc(665)] Failed to read DnsConfig.
[0419/195220:WARNING:dns_config_service_win.cc(665)] Failed to read DnsConfig.
[0419/195222:WARNING:dns_config_service_win.cc(665)] Failed to read DnsConfig.
[0419/195225:WARNING:dns_config_service_win.cc(665)] Failed to read DnsConfig.
[0419/195227:WARNING:dns_config_service_win.cc(665)] Failed to read DnsConfig.
[0419/195230:WARNING:dns_config_service_win.cc(665)] Failed to read DnsConfig.
[0419/195232:WARNING:dns_config_service_win.cc(665)] Failed to read DnsConfig.
[0419/195235:WARNING:dns_config_service_win.cc(665)] Failed to read DnsConfig.
[0419/195237:WARNING:dns_config_service_win.cc(665)] Failed to read DnsConfig.
[0419/195241:WARNING:dns_config_service_win.cc(665)] Failed to read DnsConfig.
[0419/195242:WARNING:dns_config_service_win.cc(665)] Failed to read DnsConfig.
[0419/195246:WARNING:dns_config_service_win.cc(665)] Failed to read DnsConfig.
[0419/195247:WARNING:dns_config_service_win.cc(665)] Failed to read DnsConfig.
[0419/195251:WARNING:dns_config_service_win.cc(665)] Failed to read DnsConfig.
[0419/195252:WARNING:dns_config_service_win.cc(665)] Failed to read DnsConfig.
[0419/195256:WARNING:dns_config_service_win.cc(665)] Failed to read DnsConfig.
[0419/195257:WARNING:dns_config_service_win.cc(665)] Failed to read DnsConfig.
[0419/195301:WARNING:dns_config_service_win.cc(665)] Failed to read DnsConfig.
[0419/195302:WARNING:dns_config_service_win.cc(665)] Failed to read DnsConfig.
[0419/195306:WARNING:dns_config_service_win.cc(665)] Failed to read DnsConfig.
[0419/195307:WARNING:dns_config_service_win.cc(665)] Failed to read DnsConfig.
[0419/195311:WARNING:dns_config_service_win.cc(665)] Failed to read DnsConfig.
[0419/195312:WARNING:dns_config_service_win.cc(665)] Failed to read DnsConfig.
[0419/195316:WARNING:dns_config_service_win.cc(665)] Failed to read DnsConfig.
[0419/195317:WARNING:dns_config_service_win.cc(665)] Failed to read DnsConfig.
[0419/195321:WARNING:dns_config_service_win.cc(665)] Failed to read DnsConfig.
[0419/195322:WARNING:dns_config_service_win.cc(665)] Failed to read DnsConfig.
[0419/195326:WARNING:dns_config_service_win.cc(665)] Failed to read DnsConfig.
[0419/195327:WARNING:dns_config_service_win.cc(665)] Failed to read DnsConfig.
[0419/195331:WARNING:dns_config_service_win.cc(665)] Failed to read DnsConfig.
[0419/195332:WARNING:dns_config_service_win.cc(665)] Failed to read DnsConfig.
[0419/195336:WARNING:dns_config_service_win.cc(665)] Failed to read DnsConfig.
[0419/195337:WARNING:dns_config_service_win.cc(665)] Failed to read DnsConfig.
[0419/195341:WARNING:dns_config_service_win.cc(665)] Failed to read DnsConfig.
[0419/195342:WARNING:dns_config_service_win.cc(665)] Failed to read DnsConfig.
[0419/195346:WARNING:dns_config_service_win.cc(665)] Failed to read DnsConfig.
[0419/195347:WARNING:dns_config_service_win.cc(665)] Failed to read DnsConfig.
[0419/195414:WARNING:dns_config_service_win.cc(665)] Failed to read DnsConfig.
[0419/195416:WARNING:dns_config_service_win.cc(665)] Failed to read DnsConfig.
[0419/195436:WARNING:dns_config_service_win.cc(665)] Failed to read DnsConfig.
[0419/195441:WARNING:dns_config_service_win.cc(665)] Failed to read DnsConfig.
[0419/195441:WARNING:dns_config_service_win.cc(665)] Failed to read DnsConfig.
[0419/195446:WARNING:dns_config_service_win.cc(665)] Failed to read DnsConfig.
[0419/195446:WARNING:dns_config_service_win.cc(665)] Failed to read DnsConfig.
[0508/182208:ERROR:backend_impl.cc(2020)] Corrupt Index file
[0508/182208:ERROR:cache_util_win.cc(20)] Unable to move the cache: 5
[0508/182208:ERROR:cache_util.cc(134)] Unable to move cache folder C:\ProgramData\Altium\Altium Designer {540B848F-BED1-4F24-B395-18F5DB0357BA}\BrowserCache to C:\ProgramData\Altium\Altium Designer {540B848F-BED1-4F24-B395-18F5DB0357BA}\old_BrowserCache_000
[0508/182208:ERROR:cache_creator.cc(129)] Unable to create cache
