Change Component Comment : Designator=R7 Old Comment=10K New Comment=1K
Added Pin To Net: NetName=GND Pin=R1-2
Added Pin To Net: NetName=5V Pin=R2-1
Added Pin To Net: NetName=3.3V Pin=R3-1
Added Pin To Net: NetName=NetD2_1 Pin=R3-2
Added Pin To Net: NetName=RESET Pin=R4-1
Added Pin To Net: NetName=3.3V Pin=R4-2
Added Pin To Net: NetName=3.3V Pin=R6-1
Added Pin To Net: NetName=NetD4_1 Pin=R6-2
Added Pin To Net: NetName=3.3V Pin=R7-1
Added Pin To Net: NetName=PB12 Pin=R7-2
Added Pin To Net: NetName=Q2 Pin=R10-1
Added Pin To Net: NetName=NetD6_1 Pin=R10-2
Added Pin To Net: NetName=Q4 Pin=R11-1
Added Pin To Net: NetName=NetD8_1 Pin=R11-2
Added Pin To Net: NetName=3.3V Pin=R14-1
Added Pin To Net: NetName=3.3V Pin=R15-2
Added Pin To Net: NetName=TXD2 Pin=R16-1
Added Pin To Net: NetName=3.3V Pin=R16-2
Added Pin To Net: NetName=TXD2 Pin=R17-1
Added Pin To Net: NetName=3.3V Pin=R17-2
Added Pin To Net: NetName=PC13 Pin=R20-2
Added Pin To Net: NetName=PC0 Pin=R21-2
Added Pin To Net: NetName=PC1 Pin=R22-2
Added Pin To Net: NetName=PC2 Pin=R23-2
Added Pin To Net: NetName=PC3 Pin=R24-2
Added Pin To Net: NetName=PC3 Pin=R25-2
Added Pin To Net: NetName=PA1 Pin=R27-2
Added Pin To Net: NetName=PA6 Pin=R28-2
Added Pin To Net: NetName=PA7 Pin=R29-2
Added Pin To Net: NetName=PC4 Pin=R30-2
Added Pin To Net: NetName=PC5 Pin=R31-2
Added Pin To Net: NetName=PB1 Pin=R32-2
Added Pin To Net: NetName=PC6 Pin=R33-2
Added Pin To Net: NetName=PC7 Pin=R34-2
Added Pin To Net: NetName=PC8 Pin=R35-2
Added Pin To Net: NetName=PC9 Pin=R36-2
Added Pin To Net: NetName=PB13 Pin=R37-2
Added Pin To Net: NetName=PC10 Pin=R38-2
Added Pin To Net: NetName=PC11 Pin=R39-2
Added Pin To Net: NetName=PC12 Pin=R40-2
Added Pin To Net: NetName=PB6 Pin=R41-2
Added Pin To Net: NetName=PB7 Pin=R42-2
Added Pin To Net: NetName=PB8 Pin=R43-2
Added Pin To Net: NetName=PB9 Pin=R44-2
Added Pin To Net: NetName=NetR1_1 Pin=R1-1
Added Pin To Net: NetName=NetR1_1 Pin=R2-2
Added Pin To Net: NetName=NetR1_1 Pin=U1-5
Added Net: Name=NetR1_1
Added Pin To Net: NetName=NetR14_2 Pin=R14-2
Added Pin To Net: NetName=NetR14_2 Pin=U8-3
Added Net: Name=NetR14_2
Added Pin To Net: NetName=NetR15_1 Pin=R15-1
Added Pin To Net: NetName=NetR15_1 Pin=U8-7
Added Net: Name=NetR15_1
Added Pin To Net: NetName=NetR20_1 Pin=R20-1
Added Pin To Net: NetName=NetR20_1 Pin=S1-1
Added Net: Name=NetR20_1
Added Pin To Net: NetName=NetR21_1 Pin=R21-1
Added Pin To Net: NetName=NetR21_1 Pin=S2-1
Added Net: Name=NetR21_1
Added Pin To Net: NetName=NetR22_1 Pin=R22-1
Added Pin To Net: NetName=NetR22_1 Pin=S3-1
Added Net: Name=NetR22_1
Added Pin To Net: NetName=NetR23_1 Pin=R23-1
Added Pin To Net: NetName=NetR23_1 Pin=S4-1
Added Net: Name=NetR23_1
Added Pin To Net: NetName=NetR24_1 Pin=R24-1
Added Pin To Net: NetName=NetR24_1 Pin=S5-1
Added Net: Name=NetR24_1
Added Pin To Net: NetName=NetR25_1 Pin=R25-1
Added Pin To Net: NetName=NetR25_1 Pin=S6-1
Added Net: Name=NetR25_1
Added Pin To Net: NetName=NetR27_1 Pin=R27-1
Added Pin To Net: NetName=NetR27_1 Pin=S7-1
Added Net: Name=NetR27_1
Added Pin To Net: NetName=NetR28_1 Pin=R28-1
Added Pin To Net: NetName=NetR28_1 Pin=S8-1
Added Net: Name=NetR28_1
Added Pin To Net: NetName=NetR29_1 Pin=R29-1
Added Pin To Net: NetName=NetR29_1 Pin=S9-1
Added Net: Name=NetR29_1
Added Pin To Net: NetName=NetR30_1 Pin=R30-1
Added Pin To Net: NetName=NetR30_1 Pin=S10-1
Added Net: Name=NetR30_1
Added Pin To Net: NetName=NetR31_1 Pin=R31-1
Added Pin To Net: NetName=NetR31_1 Pin=S11-1
Added Net: Name=NetR31_1
Added Pin To Net: NetName=NetR32_1 Pin=R32-1
Added Pin To Net: NetName=NetR32_1 Pin=S12-1
Added Net: Name=NetR32_1
Added Pin To Net: NetName=NetR33_1 Pin=R33-1
Added Pin To Net: NetName=NetR33_1 Pin=S13-1
Added Net: Name=NetR33_1
Added Pin To Net: NetName=NetR34_1 Pin=R34-1
Added Pin To Net: NetName=NetR34_1 Pin=S14-1
Added Net: Name=NetR34_1
Added Pin To Net: NetName=NetR35_1 Pin=R35-1
Added Pin To Net: NetName=NetR35_1 Pin=S15-1
Added Net: Name=NetR35_1
Added Pin To Net: NetName=NetR36_1 Pin=R36-1
Added Pin To Net: NetName=NetR36_1 Pin=S16-1
Added Net: Name=NetR36_1
Added Pin To Net: NetName=NetR37_1 Pin=R37-1
Added Pin To Net: NetName=NetR37_1 Pin=S17-1
Added Net: Name=NetR37_1
Added Pin To Net: NetName=NetR38_1 Pin=R38-1
Added Pin To Net: NetName=NetR38_1 Pin=S18-1
Added Net: Name=NetR38_1
Added Pin To Net: NetName=NetR39_1 Pin=R39-1
Added Pin To Net: NetName=NetR39_1 Pin=S19-1
Added Net: Name=NetR39_1
Added Pin To Net: NetName=NetR40_1 Pin=R40-1
Added Pin To Net: NetName=NetR40_1 Pin=S20-1
Added Net: Name=NetR40_1
Added Pin To Net: NetName=NetR41_1 Pin=R41-1
Added Pin To Net: NetName=NetR41_1 Pin=S21-1
Added Net: Name=NetR41_1
Added Pin To Net: NetName=NetR42_1 Pin=R42-1
Added Pin To Net: NetName=NetR42_1 Pin=S22-1
Added Net: Name=NetR42_1
Added Pin To Net: NetName=NetR43_1 Pin=R43-1
Added Pin To Net: NetName=NetR43_1 Pin=S23-1
Added Net: Name=NetR43_1
Added Pin To Net: NetName=NetR44_1 Pin=R44-1
Added Pin To Net: NetName=NetR44_1 Pin=S24-1
Added Net: Name=NetR44_1
