Added Pin To Net: NetName=3.3V Pin=B1-1
Added Pin To Net: NetName=3.3V Pin=C6-1
Added Pin To Net: NetName=3.3V Pin=C7-1
Added Pin To Net: NetName=3.3V Pin=C8-1
Added Pin To Net: NetName=3.3V Pin=C10-1
Added Pin To Net: NetName=3.3V Pin=C11-1
Added Pin To Net: NetName=3.3V Pin=P9-1
Added Pin To Net: NetName=3.3V Pin=P19-2
Added Pin To Net: NetName=3.3V Pin=P21-4
Added Pin To Net: NetName=3.3V Pin=P21-5
Added Pin To Net: NetName=3.3V Pin=P21-6
Added Pin To Net: NetName=3.3V Pin=U2-2
Added Pin To Net: NetName=3.3V Pin=U2-2
Added Pin To Net: NetName=3.3V Pin=U4-4
Added Pin To Net: NetName=3.3V Pin=U4-16
Added Pin To Net: NetName=3.3V Pin=U5-1
Added Pin To Net: NetName=3.3V Pin=U5-13
Added Pin To Net: NetName=3.3V Pin=U5-19
Added Pin To Net: NetName=3.3V Pin=U5-32
Added Pin To Net: NetName=3.3V Pin=U5-48
Added Pin To Net: NetName=3.3V Pin=U5-64
Added Pin To Net: NetName=3.3V Pin=U8-8
Added Net: Name=3.3V
Added Pin To Net: NetName=5V Pin=C3-1
Added Pin To Net: NetName=5V Pin=C4-2
Added Pin To Net: NetName=5V Pin=C5-1
Added Pin To Net: NetName=5V Pin=C12-1
Added Pin To Net: NetName=5V Pin=C13-1
Added Pin To Net: NetName=5V Pin=D3-2
Added Pin To Net: NetName=5V Pin=L1-2
Added Pin To Net: NetName=5V Pin=P8-1
Added Pin To Net: NetName=5V Pin=P20-4
Added Pin To Net: NetName=5V Pin=P20-5
Added Pin To Net: NetName=5V Pin=P20-6
Added Pin To Net: NetName=5V Pin=U2-3
Added Net: Name=5V
Added Pin To Net: NetName=BOOT0 Pin=P9-2
Added Pin To Net: NetName=BOOT0 Pin=U5-60
Added Net: Name=BOOT0
Added Pin To Net: NetName=GND Pin=C1-2
Added Pin To Net: NetName=GND Pin=C2-1
Added Pin To Net: NetName=GND Pin=C3-2
Added Pin To Net: NetName=GND Pin=C4-1
Added Pin To Net: NetName=GND Pin=C5-2
Added Pin To Net: NetName=GND Pin=C6-2
Added Pin To Net: NetName=GND Pin=C7-2
Added Pin To Net: NetName=GND Pin=C8-2
Added Pin To Net: NetName=GND Pin=C9-2
Added Pin To Net: NetName=GND Pin=C10-2
Added Pin To Net: NetName=GND Pin=C11-2
Added Pin To Net: NetName=GND Pin=C12-2
Added Pin To Net: NetName=GND Pin=C13-2
Added Pin To Net: NetName=GND Pin=D1-1
Added Pin To Net: NetName=GND Pin=D2-2
Added Pin To Net: NetName=GND Pin=H1-3
Added Pin To Net: NetName=GND Pin=K1-2
Added Pin To Net: NetName=GND Pin=K2-2
Added Pin To Net: NetName=GND Pin=P8-2
Added Pin To Net: NetName=GND Pin=P9-3
Added Pin To Net: NetName=GND Pin=P16-3
Added Pin To Net: NetName=GND Pin=P17-3
Added Pin To Net: NetName=GND Pin=P18-2
Added Pin To Net: NetName=GND Pin=P19-1
Added Pin To Net: NetName=GND Pin=P20-1
Added Pin To Net: NetName=GND Pin=P20-2
Added Pin To Net: NetName=GND Pin=P20-3
Added Pin To Net: NetName=GND Pin=P21-1
Added Pin To Net: NetName=GND Pin=P21-2
Added Pin To Net: NetName=GND Pin=P21-3
Added Pin To Net: NetName=GND Pin=P26-3
Added Pin To Net: NetName=GND Pin=S1-3
Added Pin To Net: NetName=GND Pin=S2-3
Added Pin To Net: NetName=GND Pin=S3-3
Added Pin To Net: NetName=GND Pin=S4-3
Added Pin To Net: NetName=GND Pin=S5-3
Added Pin To Net: NetName=GND Pin=S6-3
Added Pin To Net: NetName=GND Pin=S7-3
Added Pin To Net: NetName=GND Pin=S8-3
Added Pin To Net: NetName=GND Pin=S9-3
Added Pin To Net: NetName=GND Pin=S10-3
Added Pin To Net: NetName=GND Pin=S11-3
Added Pin To Net: NetName=GND Pin=S12-3
Added Pin To Net: NetName=GND Pin=S13-3
Added Pin To Net: NetName=GND Pin=S14-3
Added Pin To Net: NetName=GND Pin=S15-3
Added Pin To Net: NetName=GND Pin=S16-3
Added Pin To Net: NetName=GND Pin=S17-3
Added Pin To Net: NetName=GND Pin=S18-3
Added Pin To Net: NetName=GND Pin=S19-3
Added Pin To Net: NetName=GND Pin=S20-3
Added Pin To Net: NetName=GND Pin=S21-3
Added Pin To Net: NetName=GND Pin=S22-3
Added Pin To Net: NetName=GND Pin=S23-3
Added Pin To Net: NetName=GND Pin=S24-3
Added Pin To Net: NetName=GND Pin=U1-4
Added Pin To Net: NetName=GND Pin=U2-1
Added Pin To Net: NetName=GND Pin=U3-5
Added Pin To Net: NetName=GND Pin=U3-5
Added Pin To Net: NetName=GND Pin=U3-5
Added Pin To Net: NetName=GND Pin=U3-5
Added Pin To Net: NetName=GND Pin=U3-5
Added Pin To Net: NetName=GND Pin=U4-1
Added Pin To Net: NetName=GND Pin=U5-12
Added Pin To Net: NetName=GND Pin=U5-18
Added Pin To Net: NetName=GND Pin=U5-28
Added Pin To Net: NetName=GND Pin=U5-31
Added Pin To Net: NetName=GND Pin=U5-47
Added Pin To Net: NetName=GND Pin=U5-63
Added Pin To Net: NetName=GND Pin=U6-3
Added Pin To Net: NetName=GND Pin=U7-3
Added Pin To Net: NetName=GND Pin=U8-4
Added Pin To Net: NetName=GND Pin=X1-2
Added Net: Name=GND
Added Pin To Net: NetName=NetD1_2 Pin=D1-2
Added Pin To Net: NetName=NetD1_2 Pin=L1-1
Added Pin To Net: NetName=NetD1_2 Pin=U1-3
Added Net: Name=NetD1_2
Added Pin To Net: NetName=NetD2_1 Pin=D2-1
Added Net: Name=NetD2_1
Added Pin To Net: NetName=NetD3_1 Pin=D3-1
Added Pin To Net: NetName=NetD3_1 Pin=U3-1
Added Net: Name=NetD3_1
Added Pin To Net: NetName=NetD4_1 Pin=D4-1
Added Net: Name=NetD4_1
Added Pin To Net: NetName=NetD6_1 Pin=D6-1
Added Pin To Net: NetName=NetD6_1 Pin=D7-2
Added Net: Name=NetD6_1
Added Pin To Net: NetName=NetD8_1 Pin=D8-1
Added Pin To Net: NetName=NetD8_1 Pin=D9-2
Added Net: Name=NetD8_1
Added Pin To Net: NetName=NetH1_2 Pin=H1-2
Added Pin To Net: NetName=NetH1_2 Pin=SW1-1
Added Net: Name=NetH1_2
Added Pin To Net: NetName=NetR1_3 Pin=U1-5
Added Net: Name=NetR1_3
Added Pin To Net: NetName=NetR14_4 Pin=U8-3
Added Net: Name=NetR14_4
Added Pin To Net: NetName=NetR15_3 Pin=U8-7
Added Net: Name=NetR15_3
Added Pin To Net: NetName=NetR20_3 Pin=S1-1
Added Net: Name=NetR20_3
Added Pin To Net: NetName=NetR21_3 Pin=S2-1
Added Net: Name=NetR21_3
Added Pin To Net: NetName=NetR22_3 Pin=S3-1
Added Net: Name=NetR22_3
Added Pin To Net: NetName=NetR23_3 Pin=S4-1
Added Net: Name=NetR23_3
Added Pin To Net: NetName=NetR24_3 Pin=S5-1
Added Net: Name=NetR24_3
Added Pin To Net: NetName=NetR25_3 Pin=S6-1
Added Net: Name=NetR25_3
Added Pin To Net: NetName=NetR27_3 Pin=S7-1
Added Net: Name=NetR27_3
Added Pin To Net: NetName=NetR28_3 Pin=S8-1
Added Net: Name=NetR28_3
Added Pin To Net: NetName=NetR29_3 Pin=S9-1
Added Net: Name=NetR29_3
Added Pin To Net: NetName=NetR30_3 Pin=S10-1
Added Net: Name=NetR30_3
Added Pin To Net: NetName=NetR31_3 Pin=S11-1
Added Net: Name=NetR31_3
Added Pin To Net: NetName=NetR32_3 Pin=S12-1
Added Net: Name=NetR32_3
Added Pin To Net: NetName=NetR33_3 Pin=S13-1
Added Net: Name=NetR33_3
Added Pin To Net: NetName=NetR34_3 Pin=S14-1
Added Net: Name=NetR34_3
Added Pin To Net: NetName=NetR35_3 Pin=S15-1
Added Net: Name=NetR35_3
Added Pin To Net: NetName=NetR36_3 Pin=S16-1
Added Net: Name=NetR36_3
Added Pin To Net: NetName=NetR37_3 Pin=S17-1
Added Net: Name=NetR37_3
Added Pin To Net: NetName=NetR38_3 Pin=S18-1
Added Net: Name=NetR38_3
Added Pin To Net: NetName=NetR39_3 Pin=S19-1
Added Net: Name=NetR39_3
Added Pin To Net: NetName=NetR40_3 Pin=S20-1
Added Net: Name=NetR40_3
Added Pin To Net: NetName=NetR41_3 Pin=S21-1
Added Net: Name=NetR41_3
Added Pin To Net: NetName=NetR42_3 Pin=S22-1
Added Net: Name=NetR42_3
Added Pin To Net: NetName=NetR43_3 Pin=S23-1
Added Net: Name=NetR43_3
Added Pin To Net: NetName=NetR44_3 Pin=S24-1
Added Net: Name=NetR44_3
Added Pin To Net: NetName=NetU3_2 Pin=U3-2
Added Pin To Net: NetName=NetU3_2 Pin=U4-6
Added Net: Name=NetU3_2
Added Pin To Net: NetName=NetU3_3 Pin=U3-3
Added Pin To Net: NetName=NetU3_3 Pin=U4-5
Added Net: Name=NetU3_3
Added Pin To Net: NetName=OSCIN Pin=U5-5
Added Pin To Net: NetName=OSCIN Pin=X1-1
Added Net: Name=OSCIN
Added Pin To Net: NetName=OSCOUT Pin=U5-6
Added Pin To Net: NetName=OSCOUT Pin=X1-3
Added Net: Name=OSCOUT
Added Pin To Net: NetName=PA0 Pin=U5-14
Added Net: Name=PA0
Added Pin To Net: NetName=PA1 Pin=U5-15
Added Net: Name=PA1
Added Pin To Net: NetName=PA4 Pin=U5-20
Added Pin To Net: NetName=PA4 Pin=U5-35
Added Pin To Net: NetName=PA4 Pin=U8-1
Added Net: Name=PA4
Added Pin To Net: NetName=PA6 Pin=U5-22
Added Pin To Net: NetName=PA6 Pin=U8-5
Added Net: Name=PA6
Added Pin To Net: NetName=PA7 Pin=U5-23
Added Pin To Net: NetName=PA7 Pin=U8-2
Added Net: Name=PA7
Added Pin To Net: NetName=PA8 Pin=U5-41
Added Net: Name=PA8
Added Pin To Net: NetName=PA9 Pin=U4-3
Added Pin To Net: NetName=PA9 Pin=U5-42
Added Net: Name=PA9
Added Pin To Net: NetName=PA10 Pin=U4-2
Added Pin To Net: NetName=PA10 Pin=U5-43
Added Net: Name=PA10
Added Pin To Net: NetName=PA11 Pin=U5-44
Added Net: Name=PA11
Added Pin To Net: NetName=PA12 Pin=P7-6
Added Pin To Net: NetName=PA12 Pin=U5-45
Added Net: Name=PA12
Added Pin To Net: NetName=PA13 Pin=P26-1
Added Pin To Net: NetName=PA13 Pin=U5-46
Added Net: Name=PA13
Added Pin To Net: NetName=PA14 Pin=P26-2
Added Pin To Net: NetName=PA14 Pin=U5-49
Added Net: Name=PA14
Added Pin To Net: NetName=PA15 Pin=P19-6
Added Pin To Net: NetName=PA15 Pin=U5-50
Added Net: Name=PA15
Added Pin To Net: NetName=PB0 Pin=D4-2
Added Pin To Net: NetName=PB0 Pin=U5-26
Added Net: Name=PB0
Added Pin To Net: NetName=PB1 Pin=U5-27
Added Net: Name=PB1
Added Pin To Net: NetName=PB3 Pin=P19-5
Added Pin To Net: NetName=PB3 Pin=U5-55
Added Net: Name=PB3
Added Pin To Net: NetName=PB4 Pin=P19-4
Added Pin To Net: NetName=PB4 Pin=U5-56
Added Net: Name=PB4
Added Pin To Net: NetName=PB5 Pin=P19-3
Added Pin To Net: NetName=PB5 Pin=U5-57
Added Net: Name=PB5
Added Pin To Net: NetName=PB6 Pin=U5-58
Added Pin To Net: NetName=PB6 Pin=U7-1
Added Net: Name=PB6
Added Pin To Net: NetName=PB7 Pin=U5-59
Added Pin To Net: NetName=PB7 Pin=U7-2
Added Net: Name=PB7
Added Pin To Net: NetName=PB8 Pin=U5-61
Added Pin To Net: NetName=PB8 Pin=U6-1
Added Net: Name=PB8
Added Pin To Net: NetName=PB9 Pin=U5-62
Added Pin To Net: NetName=PB9 Pin=U6-2
Added Net: Name=PB9
Added Pin To Net: NetName=PB12 Pin=K2-1
Added Pin To Net: NetName=PB12 Pin=U5-33
Added Net: Name=PB12
Added Pin To Net: NetName=PB13 Pin=U5-34
Added Net: Name=PB13
Added Pin To Net: NetName=PB15 Pin=U5-36
Added Net: Name=PB15
Added Pin To Net: NetName=PC0 Pin=U5-8
Added Net: Name=PC0
Added Pin To Net: NetName=PC1 Pin=U5-9
Added Net: Name=PC1
Added Pin To Net: NetName=PC2 Pin=U5-10
Added Net: Name=PC2
Added Pin To Net: NetName=PC3 Pin=U5-11
Added Net: Name=PC3
Added Pin To Net: NetName=PC4 Pin=U5-24
Added Net: Name=PC4
Added Pin To Net: NetName=PC5 Pin=U5-25
Added Net: Name=PC5
Added Pin To Net: NetName=PC6 Pin=U5-37
Added Net: Name=PC6
Added Pin To Net: NetName=PC7 Pin=U5-38
Added Net: Name=PC7
Added Pin To Net: NetName=PC8 Pin=U5-39
Added Net: Name=PC8
Added Pin To Net: NetName=PC9 Pin=U5-40
Added Net: Name=PC9
Added Pin To Net: NetName=PC10 Pin=U5-51
Added Net: Name=PC10
Added Pin To Net: NetName=PC11 Pin=U5-52
Added Net: Name=PC11
Added Pin To Net: NetName=PC12 Pin=U5-53
Added Net: Name=PC12
Added Pin To Net: NetName=PC13 Pin=U5-2
Added Net: Name=PC13
Added Pin To Net: NetName=PD2 Pin=B1-2
Added Pin To Net: NetName=PD2 Pin=U5-54
Added Net: Name=PD2
Added Pin To Net: NetName=PWR Pin=C1-1
Added Pin To Net: NetName=PWR Pin=C2-2
Added Pin To Net: NetName=PWR Pin=P1-2
Added Pin To Net: NetName=PWR Pin=SW1-2
Added Pin To Net: NetName=PWR Pin=U1-2
Added Pin To Net: NetName=PWR Pin=U1-7
Added Pin To Net: NetName=PWR Pin=U6-4
Added Pin To Net: NetName=PWR Pin=U7-4
Added Net: Name=PWR
Added Pin To Net: NetName=Q1 Pin=D6-2
Added Pin To Net: NetName=Q1 Pin=D7-1
Added Pin To Net: NetName=Q1 Pin=P10-6
Added Pin To Net: NetName=Q1 Pin=P12-1
Added Pin To Net: NetName=Q1 Pin=U6-7
Added Pin To Net: NetName=Q1 Pin=U6-8
Added Net: Name=Q1
Added Pin To Net: NetName=Q2 Pin=P12-2
Added Pin To Net: NetName=Q2 Pin=U6-5
Added Pin To Net: NetName=Q2 Pin=U6-6
Added Net: Name=Q2
Added Pin To Net: NetName=Q3 Pin=D8-2
Added Pin To Net: NetName=Q3 Pin=D9-1
Added Pin To Net: NetName=Q3 Pin=P11-6
Added Pin To Net: NetName=Q3 Pin=P13-1
Added Pin To Net: NetName=Q3 Pin=U7-7
Added Pin To Net: NetName=Q3 Pin=U7-8
Added Net: Name=Q3
Added Pin To Net: NetName=Q4 Pin=P13-2
Added Pin To Net: NetName=Q4 Pin=U7-5
Added Pin To Net: NetName=Q4 Pin=U7-6
Added Net: Name=Q4
Added Pin To Net: NetName=RESET Pin=C9-1
Added Pin To Net: NetName=RESET Pin=K1-1
Added Pin To Net: NetName=RESET Pin=U5-7
Added Net: Name=RESET
Added Pin To Net: NetName=RXD2 Pin=U5-17
Added Net: Name=RXD2
Added Pin To Net: NetName=RXD3 Pin=P8-3
Added Pin To Net: NetName=RXD3 Pin=P18-3
Added Pin To Net: NetName=RXD3 Pin=U5-30
Added Net: Name=RXD3
Added Pin To Net: NetName=SPI_SCLK Pin=U5-21
Added Pin To Net: NetName=SPI_SCLK Pin=U8-6
Added Net: Name=SPI_SCLK
Added Pin To Net: NetName=TXD2 Pin=P16-1
Added Pin To Net: NetName=TXD2 Pin=P17-1
Added Pin To Net: NetName=TXD2 Pin=U5-16
Added Net: Name=TXD2
Added Pin To Net: NetName=TXD3 Pin=P8-4
Added Pin To Net: NetName=TXD3 Pin=P18-4
Added Pin To Net: NetName=TXD3 Pin=U5-29
Added Net: Name=TXD3
Added Pin To Net: NetName=VS Pin=H1-1
Added Pin To Net: NetName=VS Pin=P1-1
Added Pin To Net: NetName=VS Pin=P16-2
Added Pin To Net: NetName=VS Pin=P17-2
Added Pin To Net: NetName=VS Pin=P18-1
Added Pin To Net: NetName=VS Pin=S1-2
Added Pin To Net: NetName=VS Pin=S2-2
Added Pin To Net: NetName=VS Pin=S3-2
Added Pin To Net: NetName=VS Pin=S4-2
Added Pin To Net: NetName=VS Pin=S5-2
Added Pin To Net: NetName=VS Pin=S6-2
Added Pin To Net: NetName=VS Pin=S7-2
Added Pin To Net: NetName=VS Pin=S8-2
Added Pin To Net: NetName=VS Pin=S9-2
Added Pin To Net: NetName=VS Pin=S10-2
Added Pin To Net: NetName=VS Pin=S11-2
Added Pin To Net: NetName=VS Pin=S12-2
Added Pin To Net: NetName=VS Pin=S13-2
Added Pin To Net: NetName=VS Pin=S14-2
Added Pin To Net: NetName=VS Pin=S15-2
Added Pin To Net: NetName=VS Pin=S16-2
Added Pin To Net: NetName=VS Pin=S17-2
Added Pin To Net: NetName=VS Pin=S18-2
Added Pin To Net: NetName=VS Pin=S19-2
Added Pin To Net: NetName=VS Pin=S20-2
Added Pin To Net: NetName=VS Pin=S21-2
Added Pin To Net: NetName=VS Pin=S22-2
Added Pin To Net: NetName=VS Pin=S23-2
Added Pin To Net: NetName=VS Pin=S24-2
Added Net: Name=VS
